{"D:\\goat-farm-mang-app\\frontend\\src\\App.js": {"path":"D:\\goat-farm-mang-app\\frontend\\src\\App.js","statementMap":{"0":{"start":{"line":67,"column":17},"end":{"line":67,"column":61}},"1":{"start":{"line":67,"column":34},"end":{"line":67,"column":60}},"2":{"start":{"line":70,"column":22},"end":{"line":70,"column":56}},"3":{"start":{"line":71,"column":0},"end":{"line":73,"column":1}},"4":{"start":{"line":72,"column":2},"end":{"line":72,"column":37}},"5":{"start":{"line":77,"column":28},"end":{"line":77,"column":37}},"6":{"start":{"line":78,"column":28},"end":{"line":78,"column":44}},"7":{"start":{"line":79,"column":19},"end":{"line":79,"column":32}},"8":{"start":{"line":82,"column":2},"end":{"line":96,"column":26}},"9":{"start":{"line":83,"column":4},"end":{"line":95,"column":5}},"10":{"start":{"line":85,"column":23},"end":{"line":85,"column":58}},"11":{"start":{"line":86,"column":18},"end":{"line":86,"column":28}},"12":{"start":{"line":88,"column":6},"end":{"line":94,"column":7}},"13":{"start":{"line":89,"column":8},"end":{"line":93,"column":11}},"14":{"start":{"line":90,"column":10},"end":{"line":92,"column":11}},"15":{"start":{"line":91,"column":12},"end":{"line":91,"column":64}},"16":{"start":{"line":99,"column":2},"end":{"line":106,"column":32}},"17":{"start":{"line":100,"column":4},"end":{"line":105,"column":7}},"18":{"start":{"line":109,"column":2},"end":{"line":113,"column":5}},"19":{"start":{"line":116,"column":23},"end":{"line":116,"column":66}},"20":{"start":{"line":117,"column":23},"end":{"line":117,"column":58}},"21":{"start":{"line":120,"column":2},"end":{"line":124,"column":5}},"22":{"start":{"line":126,"column":2},"end":{"line":135,"column":3}},"23":{"start":{"line":127,"column":4},"end":{"line":127,"column":57}},"24":{"start":{"line":128,"column":4},"end":{"line":134,"column":6}},"25":{"start":{"line":137,"column":2},"end":{"line":254,"column":4}}},"fnMap":{"0":{"name":"(anonymous_0)","decl":{"start":{"line":67,"column":28},"end":{"line":67,"column":29}},"loc":{"start":{"line":67,"column":34},"end":{"line":67,"column":60}},"line":67},"1":{"name":"App","decl":{"start":{"line":76,"column":9},"end":{"line":76,"column":12}},"loc":{"start":{"line":76,"column":15},"end":{"line":255,"column":1}},"line":76},"2":{"name":"(anonymous_2)","decl":{"start":{"line":82,"column":12},"end":{"line":82,"column":13}},"loc":{"start":{"line":82,"column":18},"end":{"line":96,"column":3}},"line":82},"3":{"name":"(anonymous_3)","decl":{"start":{"line":89,"column":33},"end":{"line":89,"column":34}},"loc":{"start":{"line":89,"column":44},"end":{"line":93,"column":9}},"line":89},"4":{"name":"(anonymous_4)","decl":{"start":{"line":99,"column":18},"end":{"line":99,"column":19}},"loc":{"start":{"line":99,"column":24},"end":{"line":106,"column":3}},"line":99}},"branchMap":{"0":{"loc":{"start":{"line":71,"column":0},"end":{"line":73,"column":1}},"type":"if","locations":[{"start":{"line":71,"column":0},"end":{"line":73,"column":1}},{"start":{},"end":{}}],"line":71},"1":{"loc":{"start":{"line":83,"column":4},"end":{"line":95,"column":5}},"type":"if","locations":[{"start":{"line":83,"column":4},"end":{"line":95,"column":5}},{"start":{},"end":{}}],"line":83},"2":{"loc":{"start":{"line":88,"column":6},"end":{"line":94,"column":7}},"type":"if","locations":[{"start":{"line":88,"column":6},"end":{"line":94,"column":7}},{"start":{},"end":{}}],"line":88},"3":{"loc":{"start":{"line":88,"column":10},"end":{"line":88,"column":61}},"type":"binary-expr","locations":[{"start":{"line":88,"column":10},"end":{"line":88,"column":19}},{"start":{"line":88,"column":23},"end":{"line":88,"column":61}}],"line":88},"4":{"loc":{"start":{"line":90,"column":10},"end":{"line":92,"column":11}},"type":"if","locations":[{"start":{"line":90,"column":10},"end":{"line":92,"column":11}},{"start":{},"end":{}}],"line":90},"5":{"loc":{"start":{"line":102,"column":12},"end":{"line":102,"column":61}},"type":"cond-expr","locations":[{"start":{"line":102,"column":19},"end":{"line":102,"column":54}},{"start":{"line":102,"column":57},"end":{"line":102,"column":61}}],"line":102},"6":{"loc":{"start":{"line":117,"column":23},"end":{"line":117,"column":58}},"type":"binary-expr","locations":[{"start":{"line":117,"column":23},"end":{"line":117,"column":51}},{"start":{"line":117,"column":55},"end":{"line":117,"column":58}}],"line":117},"7":{"loc":{"start":{"line":122,"column":10},"end":{"line":122,"column":54}},"type":"cond-expr","locations":[{"start":{"line":122,"column":17},"end":{"line":122,"column":32}},{"start":{"line":122,"column":35},"end":{"line":122,"column":54}}],"line":122},"8":{"loc":{"start":{"line":126,"column":2},"end":{"line":135,"column":3}},"type":"if","locations":[{"start":{"line":126,"column":2},"end":{"line":135,"column":3}},{"start":{},"end":{}}],"line":126},"9":{"loc":{"start":{"line":142,"column":40},"end":{"line":142,"column":86}},"type":"cond-expr","locations":[{"start":{"line":142,"column":47},"end":{"line":142,"column":74}},{"start":{"line":142,"column":77},"end":{"line":142,"column":86}}],"line":142},"10":{"loc":{"start":{"line":146,"column":12},"end":{"line":150,"column":13}},"type":"cond-expr","locations":[{"start":{"line":147,"column":14},"end":{"line":147,"column":73}},{"start":{"line":149,"column":14},"end":{"line":149,"column":59}}],"line":146},"11":{"loc":{"start":{"line":156,"column":14},"end":{"line":156,"column":77}},"type":"cond-expr","locations":[{"start":{"line":156,"column":21},"end":{"line":156,"column":42}},{"start":{"line":156,"column":45},"end":{"line":156,"column":77}}],"line":156},"12":{"loc":{"start":{"line":162,"column":12},"end":{"line":162,"column":123}},"type":"cond-expr","locations":[{"start":{"line":162,"column":19},"end":{"line":162,"column":29}},{"start":{"line":162,"column":32},"end":{"line":162,"column":123}}],"line":162},"13":{"loc":{"start":{"line":175,"column":13},"end":{"line":181,"column":13}},"type":"binary-expr","locations":[{"start":{"line":175,"column":13},"end":{"line":175,"column":51}},{"start":{"line":176,"column":14},"end":{"line":180,"column":18}}],"line":175},"14":{"loc":{"start":{"line":204,"column":14},"end":{"line":208,"column":15}},"type":"cond-expr","locations":[{"start":{"line":205,"column":16},"end":{"line":205,"column":61}},{"start":{"line":207,"column":16},"end":{"line":207,"column":48}}],"line":204},"15":{"loc":{"start":{"line":241,"column":13},"end":{"line":246,"column":13}},"type":"binary-expr","locations":[{"start":{"line":241,"column":13},"end":{"line":241,"column":44}},{"start":{"line":242,"column":14},"end":{"line":245,"column":17}}],"line":241}},"s":{"0":0,"1":0,"2":0,"3":0,"4":0,"5":0,"6":0,"7":0,"8":0,"9":0,"10":0,"11":0,"12":0,"13":0,"14":0,"15":0,"16":0,"17":0,"18":0,"19":0,"20":0,"21":0,"22":0,"23":0,"24":0,"25":0},"f":{"0":0,"1":0,"2":0,"3":0,"4":0},"b":{"0":[0,0],"1":[0,0],"2":[0,0],"3":[0,0],"4":[0,0],"5":[0,0],"6":[0,0],"7":[0,0],"8":[0,0],"9":[0,0],"10":[0,0],"11":[0,0],"12":[0,0],"13":[0,0],"14":[0,0],"15":[0,0]}}
,"D:\\goat-farm-mang-app\\frontend\\src\\i18n.js": {"path":"D:\\goat-farm-mang-app\\frontend\\src\\i18n.js","statementMap":{"0":{"start":{"line":16,"column":25},"end":{"line":19,"column":1}},"1":{"start":{"line":22,"column":27},"end":{"line":95,"column":1}},"2":{"start":{"line":98,"column":0},"end":{"line":98,"column":43}},"3":{"start":{"line":99,"column":0},"end":{"line":99,"column":50}},"4":{"start":{"line":102,"column":18},"end":{"line":115,"column":1}},"5":{"start":{"line":118,"column":0},"end":{"line":131,"column":3}},"6":{"start":{"line":134,"column":25},"end":{"line":142,"column":2}},"7":{"start":{"line":145,"column":0},"end":{"line":191,"column":5}},"8":{"start":{"line":194,"column":0},"end":{"line":200,"column":3}},"9":{"start":{"line":195,"column":2},"end":{"line":195,"column":64}},"10":{"start":{"line":196,"column":2},"end":{"line":196,"column":54}},"11":{"start":{"line":197,"column":2},"end":{"line":197,"column":50}},"12":{"start":{"line":198,"column":2},"end":{"line":198,"column":56}},"13":{"start":{"line":199,"column":2},"end":{"line":199,"column":52}},"14":{"start":{"line":202,"column":0},"end":{"line":206,"column":3}},"15":{"start":{"line":203,"column":2},"end":{"line":203,"column":43}},"16":{"start":{"line":204,"column":2},"end":{"line":204,"column":50}},"17":{"start":{"line":205,"column":2},"end":{"line":205,"column":91}},"18":{"start":{"line":209,"column":0},"end":{"line":211,"column":3}},"19":{"start":{"line":210,"column":2},"end":{"line":210,"column":48}},"20":{"start":{"line":214,"column":0},"end":{"line":216,"column":3}},"21":{"start":{"line":215,"column":2},"end":{"line":215,"column":72}},"22":{"start":{"line":218,"column":0},"end":{"line":220,"column":3}},"23":{"start":{"line":219,"column":2},"end":{"line":219,"column":43}}},"fnMap":{"0":{"name":"(anonymous_0)","decl":{"start":{"line":194,"column":23},"end":{"line":194,"column":24}},"loc":{"start":{"line":194,"column":36},"end":{"line":200,"column":1}},"line":194},"1":{"name":"(anonymous_1)","decl":{"start":{"line":202,"column":27},"end":{"line":202,"column":28}},"loc":{"start":{"line":202,"column":36},"end":{"line":206,"column":1}},"line":202},"2":{"name":"(anonymous_2)","decl":{"start":{"line":209,"column":18},"end":{"line":209,"column":19}},"loc":{"start":{"line":209,"column":30},"end":{"line":211,"column":1}},"line":209},"3":{"name":"(anonymous_3)","decl":{"start":{"line":214,"column":25},"end":{"line":214,"column":26}},"loc":{"start":{"line":214,"column":43},"end":{"line":216,"column":1}},"line":214},"4":{"name":"(anonymous_4)","decl":{"start":{"line":218,"column":27},"end":{"line":218,"column":28}},"loc":{"start":{"line":218,"column":36},"end":{"line":220,"column":1}},"line":218}},"branchMap":{"0":{"loc":{"start":{"line":24,"column":12},"end":{"line":57,"column":5}},"type":"binary-expr","locations":[{"start":{"line":24,"column":12},"end":{"line":24,"column":27}},{"start":{"line":24,"column":31},"end":{"line":57,"column":5}}],"line":24},"1":{"loc":{"start":{"line":60,"column":12},"end":{"line":93,"column":5}},"type":"binary-expr","locations":[{"start":{"line":60,"column":12},"end":{"line":60,"column":27}},{"start":{"line":60,"column":31},"end":{"line":93,"column":5}}],"line":60},"2":{"loc":{"start":{"line":105,"column":10},"end":{"line":105,"column":27}},"type":"binary-expr","locations":[{"start":{"line":105,"column":10},"end":{"line":105,"column":21}},{"start":{"line":105,"column":25},"end":{"line":105,"column":27}}],"line":105},"3":{"loc":{"start":{"line":106,"column":13},"end":{"line":106,"column":36}},"type":"binary-expr","locations":[{"start":{"line":106,"column":13},"end":{"line":106,"column":30}},{"start":{"line":106,"column":34},"end":{"line":106,"column":36}}],"line":106},"4":{"loc":{"start":{"line":107,"column":11},"end":{"line":107,"column":30}},"type":"binary-expr","locations":[{"start":{"line":107,"column":11},"end":{"line":107,"column":24}},{"start":{"line":107,"column":28},"end":{"line":107,"column":30}}],"line":107},"5":{"loc":{"start":{"line":111,"column":10},"end":{"line":111,"column":27}},"type":"binary-expr","locations":[{"start":{"line":111,"column":10},"end":{"line":111,"column":21}},{"start":{"line":111,"column":25},"end":{"line":111,"column":27}}],"line":111},"6":{"loc":{"start":{"line":112,"column":13},"end":{"line":112,"column":36}},"type":"binary-expr","locations":[{"start":{"line":112,"column":13},"end":{"line":112,"column":30}},{"start":{"line":112,"column":34},"end":{"line":112,"column":36}}],"line":112},"7":{"loc":{"start":{"line":113,"column":11},"end":{"line":113,"column":30}},"type":"binary-expr","locations":[{"start":{"line":113,"column":11},"end":{"line":113,"column":24}},{"start":{"line":113,"column":28},"end":{"line":113,"column":30}}],"line":113},"8":{"loc":{"start":{"line":120,"column":12},"end":{"line":120,"column":82}},"type":"cond-expr","locations":[{"start":{"line":120,"column":64},"end":{"line":120,"column":72}},{"start":{"line":120,"column":75},"end":{"line":120,"column":82}}],"line":120},"9":{"loc":{"start":{"line":120,"column":24},"end":{"line":120,"column":49}},"type":"binary-expr","locations":[{"start":{"line":120,"column":24},"end":{"line":120,"column":43}},{"start":{"line":120,"column":47},"end":{"line":120,"column":49}}],"line":120},"10":{"loc":{"start":{"line":121,"column":10},"end":{"line":121,"column":78}},"type":"cond-expr","locations":[{"start":{"line":121,"column":60},"end":{"line":121,"column":68}},{"start":{"line":121,"column":71},"end":{"line":121,"column":78}}],"line":121},"11":{"loc":{"start":{"line":121,"column":22},"end":{"line":121,"column":45}},"type":"binary-expr","locations":[{"start":{"line":121,"column":22},"end":{"line":121,"column":39}},{"start":{"line":121,"column":43},"end":{"line":121,"column":45}}],"line":121},"12":{"loc":{"start":{"line":122,"column":13},"end":{"line":122,"column":84}},"type":"cond-expr","locations":[{"start":{"line":122,"column":66},"end":{"line":122,"column":74}},{"start":{"line":122,"column":77},"end":{"line":122,"column":84}}],"line":122},"13":{"loc":{"start":{"line":122,"column":25},"end":{"line":122,"column":51}},"type":"binary-expr","locations":[{"start":{"line":122,"column":25},"end":{"line":122,"column":45}},{"start":{"line":122,"column":49},"end":{"line":122,"column":51}}],"line":122},"14":{"loc":{"start":{"line":123,"column":11},"end":{"line":123,"column":80}},"type":"cond-expr","locations":[{"start":{"line":123,"column":62},"end":{"line":123,"column":70}},{"start":{"line":123,"column":73},"end":{"line":123,"column":80}}],"line":123},"15":{"loc":{"start":{"line":123,"column":23},"end":{"line":123,"column":47}},"type":"binary-expr","locations":[{"start":{"line":123,"column":23},"end":{"line":123,"column":41}},{"start":{"line":123,"column":45},"end":{"line":123,"column":47}}],"line":123},"16":{"loc":{"start":{"line":126,"column":12},"end":{"line":126,"column":82}},"type":"cond-expr","locations":[{"start":{"line":126,"column":64},"end":{"line":126,"column":72}},{"start":{"line":126,"column":75},"end":{"line":126,"column":82}}],"line":126},"17":{"loc":{"start":{"line":126,"column":24},"end":{"line":126,"column":49}},"type":"binary-expr","locations":[{"start":{"line":126,"column":24},"end":{"line":126,"column":43}},{"start":{"line":126,"column":47},"end":{"line":126,"column":49}}],"line":126},"18":{"loc":{"start":{"line":127,"column":10},"end":{"line":127,"column":78}},"type":"cond-expr","locations":[{"start":{"line":127,"column":60},"end":{"line":127,"column":68}},{"start":{"line":127,"column":71},"end":{"line":127,"column":78}}],"line":127},"19":{"loc":{"start":{"line":127,"column":22},"end":{"line":127,"column":45}},"type":"binary-expr","locations":[{"start":{"line":127,"column":22},"end":{"line":127,"column":39}},{"start":{"line":127,"column":43},"end":{"line":127,"column":45}}],"line":127},"20":{"loc":{"start":{"line":128,"column":13},"end":{"line":128,"column":84}},"type":"cond-expr","locations":[{"start":{"line":128,"column":66},"end":{"line":128,"column":74}},{"start":{"line":128,"column":77},"end":{"line":128,"column":84}}],"line":128},"21":{"loc":{"start":{"line":128,"column":25},"end":{"line":128,"column":51}},"type":"binary-expr","locations":[{"start":{"line":128,"column":25},"end":{"line":128,"column":45}},{"start":{"line":128,"column":49},"end":{"line":128,"column":51}}],"line":128},"22":{"loc":{"start":{"line":129,"column":11},"end":{"line":129,"column":80}},"type":"cond-expr","locations":[{"start":{"line":129,"column":62},"end":{"line":129,"column":70}},{"start":{"line":129,"column":73},"end":{"line":129,"column":80}}],"line":129},"23":{"loc":{"start":{"line":129,"column":23},"end":{"line":129,"column":47}},"type":"binary-expr","locations":[{"start":{"line":129,"column":23},"end":{"line":129,"column":41}},{"start":{"line":129,"column":45},"end":{"line":129,"column":47}}],"line":129},"24":{"loc":{"start":{"line":179,"column":16},"end":{"line":179,"column":50}},"type":"binary-expr","locations":[{"start":{"line":179,"column":16},"end":{"line":179,"column":44}},{"start":{"line":179,"column":48},"end":{"line":179,"column":50}}],"line":179},"25":{"loc":{"start":{"line":185,"column":16},"end":{"line":185,"column":50}},"type":"binary-expr","locations":[{"start":{"line":185,"column":16},"end":{"line":185,"column":44}},{"start":{"line":185,"column":48},"end":{"line":185,"column":50}}],"line":185}},"s":{"0":4,"1":4,"2":4,"3":4,"4":4,"5":4,"6":4,"7":4,"8":4,"9":0,"10":0,"11":0,"12":0,"13":0,"14":4,"15":0,"16":0,"17":0,"18":4,"19":0,"20":4,"21":0,"22":4,"23":0},"f":{"0":0,"1":0,"2":0,"3":0,"4":0},"b":{"0":[4,0],"1":[4,0],"2":[4,0],"3":[4,0],"4":[4,0],"5":[4,0],"6":[4,0],"7":[4,0],"8":[4,0],"9":[4,0],"10":[4,0],"11":[4,0],"12":[4,0],"13":[4,0],"14":[4,0],"15":[4,0],"16":[4,0],"17":[4,0],"18":[4,0],"19":[4,0],"20":[4,0],"21":[4,0],"22":[4,0],"23":[4,0],"24":[4,0],"25":[4,0]},"_coverageSchema":"1a1c01bbd47fc00a2c39e90264f33305004495a9","hash":"4c941e91d0ff0d5d137cf12ecf3e3b59a77ffa55"}
,"D:\\goat-farm-mang-app\\frontend\\src\\index.js": {"path":"D:\\goat-farm-mang-app\\frontend\\src\\index.js","statementMap":{"0":{"start":{"line":12,"column":18},"end":{"line":12,"column":49}},"1":{"start":{"line":13,"column":13},"end":{"line":13,"column":34}},"2":{"start":{"line":16,"column":19},"end":{"line":25,"column":1}},"3":{"start":{"line":17,"column":29},"end":{"line":17,"column":39}},"4":{"start":{"line":19,"column":2},"end":{"line":24,"column":4}},"5":{"start":{"line":28,"column":25},"end":{"line":40,"column":1}},"6":{"start":{"line":29,"column":2},"end":{"line":39,"column":21}},"7":{"start":{"line":43,"column":0},"end":{"line":43,"column":34}}},"fnMap":{"0":{"name":"(anonymous_0)","decl":{"start":{"line":16,"column":19},"end":{"line":16,"column":20}},"loc":{"start":{"line":16,"column":25},"end":{"line":25,"column":1}},"line":16},"1":{"name":"(anonymous_1)","decl":{"start":{"line":28,"column":25},"end":{"line":28,"column":26}},"loc":{"start":{"line":29,"column":2},"end":{"line":39,"column":21}},"line":29}},"branchMap":{},"s":{"0":0,"1":0,"2":0,"3":0,"4":0,"5":0,"6":0,"7":0},"f":{"0":0,"1":0},"b":{}}
,"D:\\goat-farm-mang-app\\frontend\\src\\setupProxy.js": {"path":"D:\\goat-farm-mang-app\\frontend\\src\\setupProxy.js","statementMap":{"0":{"start":{"line":1,"column":34},"end":{"line":1,"column":66}},"1":{"start":{"line":3,"column":0},"end":{"line":81,"column":2}},"2":{"start":{"line":4,"column":23},"end":{"line":78,"column":3}},"3":{"start":{"line":27,"column":6},"end":{"line":32,"column":9}},"4":{"start":{"line":34,"column":6},"end":{"line":44,"column":7}},"5":{"start":{"line":35,"column":8},"end":{"line":37,"column":9}},"6":{"start":{"line":36,"column":10},"end":{"line":36,"column":69}},"7":{"start":{"line":38,"column":8},"end":{"line":43,"column":12}},"8":{"start":{"line":48,"column":6},"end":{"line":50,"column":7}},"9":{"start":{"line":49,"column":8},"end":{"line":49,"column":25}},"10":{"start":{"line":53,"column":6},"end":{"line":53,"column":45}},"11":{"start":{"line":54,"column":6},"end":{"line":54,"column":45}},"12":{"start":{"line":57,"column":6},"end":{"line":57,"column":81}},"13":{"start":{"line":58,"column":6},"end":{"line":58,"column":69}},"14":{"start":{"line":59,"column":6},"end":{"line":59,"column":105}},"15":{"start":{"line":60,"column":6},"end":{"line":60,"column":146}},"16":{"start":{"line":64,"column":6},"end":{"line":66,"column":7}},"17":{"start":{"line":65,"column":8},"end":{"line":65,"column":25}},"18":{"start":{"line":69,"column":6},"end":{"line":69,"column":80}},"19":{"start":{"line":70,"column":6},"end":{"line":70,"column":68}},"20":{"start":{"line":71,"column":6},"end":{"line":71,"column":104}},"21":{"start":{"line":72,"column":6},"end":{"line":72,"column":145}},"22":{"start":{"line":75,"column":6},"end":{"line":75,"column":47}},"23":{"start":{"line":76,"column":6},"end":{"line":76,"column":47}},"24":{"start":{"line":80,"column":2},"end":{"line":80,"column":55}}},"fnMap":{"0":{"name":"(anonymous_0)","decl":{"start":{"line":3,"column":17},"end":{"line":3,"column":18}},"loc":{"start":{"line":3,"column":31},"end":{"line":81,"column":1}},"line":3},"1":{"name":"(anonymous_1)","decl":{"start":{"line":26,"column":13},"end":{"line":26,"column":14}},"loc":{"start":{"line":26,"column":32},"end":{"line":45,"column":5}},"line":26},"2":{"name":"(anonymous_2)","decl":{"start":{"line":46,"column":16},"end":{"line":46,"column":17}},"loc":{"start":{"line":46,"column":40},"end":{"line":61,"column":5}},"line":46},"3":{"name":"(anonymous_3)","decl":{"start":{"line":62,"column":16},"end":{"line":62,"column":17}},"loc":{"start":{"line":62,"column":40},"end":{"line":77,"column":5}},"line":62}},"branchMap":{"0":{"loc":{"start":{"line":34,"column":6},"end":{"line":44,"column":7}},"type":"if","locations":[{"start":{"line":34,"column":6},"end":{"line":44,"column":7}},{"start":{},"end":{}}],"line":34},"1":{"loc":{"start":{"line":35,"column":8},"end":{"line":37,"column":9}},"type":"if","locations":[{"start":{"line":35,"column":8},"end":{"line":37,"column":9}},{"start":{},"end":{}}],"line":35},"2":{"loc":{"start":{"line":35,"column":12},"end":{"line":35,"column":42}},"type":"binary-expr","locations":[{"start":{"line":35,"column":12},"end":{"line":35,"column":25}},{"start":{"line":35,"column":29},"end":{"line":35,"column":42}}],"line":35},"3":{"loc":{"start":{"line":48,"column":6},"end":{"line":50,"column":7}},"type":"if","locations":[{"start":{"line":48,"column":6},"end":{"line":50,"column":7}},{"start":{},"end":{}}],"line":48},"4":{"loc":{"start":{"line":64,"column":6},"end":{"line":66,"column":7}},"type":"if","locations":[{"start":{"line":64,"column":6},"end":{"line":66,"column":7}},{"start":{},"end":{}}],"line":64}},"s":{"0":0,"1":0,"2":0,"3":0,"4":0,"5":0,"6":0,"7":0,"8":0,"9":0,"10":0,"11":0,"12":0,"13":0,"14":0,"15":0,"16":0,"17":0,"18":0,"19":0,"20":0,"21":0,"22":0,"23":0,"24":0},"f":{"0":0,"1":0,"2":0,"3":0},"b":{"0":[0,0],"1":[0,0],"2":[0,0],"3":[0,0],"4":[0,0]}}
,"D:\\goat-farm-mang-app\\frontend\\src\\test-utils.js": {"path":"D:\\goat-farm-mang-app\\frontend\\src\\test-utils.js","statementMap":{"0":{"start":{"line":8,"column":16},"end":{"line":13,"column":1}},"1":{"start":{"line":16,"column":24},"end":{"line":24,"column":1}},"2":{"start":{"line":17,"column":2},"end":{"line":23,"column":4}},"3":{"start":{"line":27,"column":21},"end":{"line":28,"column":54}},"4":{"start":{"line":28,"column":2},"end":{"line":28,"column":54}},"5":{"start":{"line":40,"column":24},"end":{"line":46,"column":1}},"6":{"start":{"line":48,"column":31},"end":{"line":60,"column":1}},"7":{"start":{"line":63,"column":25},"end":{"line":68,"column":1}},"8":{"start":{"line":69,"column":0},"end":{"line":69,"column":39}}},"fnMap":{"0":{"name":"(anonymous_0)","decl":{"start":{"line":16,"column":24},"end":{"line":16,"column":25}},"loc":{"start":{"line":16,"column":42},"end":{"line":24,"column":1}},"line":16},"1":{"name":"(anonymous_1)","decl":{"start":{"line":27,"column":21},"end":{"line":27,"column":22}},"loc":{"start":{"line":28,"column":2},"end":{"line":28,"column":54}},"line":28}},"branchMap":{},"s":{"0":1,"1":1,"2":2,"3":1,"4":2,"5":1,"6":1,"7":1,"8":1},"f":{"0":2,"1":2},"b":{},"_coverageSchema":"1a1c01bbd47fc00a2c39e90264f33305004495a9","hash":"11761b92086d22ac0cc3bc6668eb765b48ee6820"}
,"D:\\goat-farm-mang-app\\frontend\\src\\components\\LanguageSwitcher.js": {"path":"D:\\goat-farm-mang-app\\frontend\\src\\components\\LanguageSwitcher.js","statementMap":{"0":{"start":{"line":4,"column":25},"end":{"line":37,"column":1}},"1":{"start":{"line":5,"column":19},"end":{"line":5,"column":35}},"2":{"start":{"line":7,"column":25},"end":{"line":9,"column":3}},"3":{"start":{"line":8,"column":4},"end":{"line":8,"column":29}},"4":{"start":{"line":11,"column":2},"end":{"line":36,"column":4}},"5":{"start":{"line":14,"column":23},"end":{"line":14,"column":43}},"6":{"start":{"line":25,"column":23},"end":{"line":25,"column":43}}},"fnMap":{"0":{"name":"(anonymous_0)","decl":{"start":{"line":4,"column":25},"end":{"line":4,"column":26}},"loc":{"start":{"line":4,"column":31},"end":{"line":37,"column":1}},"line":4},"1":{"name":"(anonymous_1)","decl":{"start":{"line":7,"column":25},"end":{"line":7,"column":26}},"loc":{"start":{"line":7,"column":34},"end":{"line":9,"column":3}},"line":7},"2":{"name":"(anonymous_2)","decl":{"start":{"line":14,"column":17},"end":{"line":14,"column":18}},"loc":{"start":{"line":14,"column":23},"end":{"line":14,"column":43}},"line":14},"3":{"name":"(anonymous_3)","decl":{"start":{"line":25,"column":17},"end":{"line":25,"column":18}},"loc":{"start":{"line":25,"column":23},"end":{"line":25,"column":43}},"line":25}},"branchMap":{"0":{"loc":{"start":{"line":16,"column":10},"end":{"line":18,"column":59}},"type":"cond-expr","locations":[{"start":{"line":17,"column":14},"end":{"line":17,"column":38}},{"start":{"line":18,"column":14},"end":{"line":18,"column":59}}],"line":16},"1":{"loc":{"start":{"line":27,"column":10},"end":{"line":29,"column":59}},"type":"cond-expr","locations":[{"start":{"line":28,"column":14},"end":{"line":28,"column":38}},{"start":{"line":29,"column":14},"end":{"line":29,"column":59}}],"line":27}},"s":{"0":0,"1":0,"2":0,"3":0,"4":0,"5":0,"6":0},"f":{"0":0,"1":0,"2":0,"3":0},"b":{"0":[0,0],"1":[0,0]}}
,"D:\\goat-farm-mang-app\\frontend\\src\\components\\Layout.js": {"path":"D:\\goat-farm-mang-app\\frontend\\src\\components\\Layout.js","statementMap":{"0":{"start":{"line":32,"column":15},"end":{"line":708,"column":1}},"1":{"start":{"line":33,"column":22},"end":{"line":33,"column":38}},"2":{"start":{"line":36,"column":2},"end":{"line":36,"column":50}},"3":{"start":{"line":37,"column":2},"end":{"line":37,"column":62}},"4":{"start":{"line":38,"column":40},"end":{"line":38,"column":55}},"5":{"start":{"line":39,"column":36},"end":{"line":39,"column":51}},"6":{"start":{"line":40,"column":34},"end":{"line":40,"column":68}},"7":{"start":{"line":41,"column":42},"end":{"line":41,"column":57}},"8":{"start":{"line":42,"column":42},"end":{"line":42,"column":51}},"9":{"start":{"line":43,"column":19},"end":{"line":43,"column":32}},"10":{"start":{"line":44,"column":19},"end":{"line":44,"column":32}},"11":{"start":{"line":48,"column":2},"end":{"line":56,"column":66}},"12":{"start":{"line":49,"column":4},"end":{"line":55,"column":7}},"13":{"start":{"line":59,"column":2},"end":{"line":70,"column":9}},"14":{"start":{"line":60,"column":25},"end":{"line":66,"column":5}},"15":{"start":{"line":61,"column":21},"end":{"line":61,"column":45}},"16":{"start":{"line":62,"column":6},"end":{"line":62,"column":26}},"17":{"start":{"line":63,"column":6},"end":{"line":65,"column":7}},"18":{"start":{"line":64,"column":8},"end":{"line":64,"column":30}},"19":{"start":{"line":68,"column":4},"end":{"line":68,"column":52}},"20":{"start":{"line":69,"column":4},"end":{"line":69,"column":68}},"21":{"start":{"line":69,"column":17},"end":{"line":69,"column":67}},"22":{"start":{"line":73,"column":20},"end":{"line":159,"column":3}},"23":{"start":{"line":78,"column":33},"end":{"line":78,"column":115}},"24":{"start":{"line":87,"column":8},"end":{"line":89,"column":9}},"25":{"start":{"line":88,"column":10},"end":{"line":88,"column":114}},"26":{"start":{"line":90,"column":8},"end":{"line":90,"column":94}},"27":{"start":{"line":98,"column":33},"end":{"line":100,"column":8}},"28":{"start":{"line":107,"column":33},"end":{"line":109,"column":8}},"29":{"start":{"line":116,"column":33},"end":{"line":118,"column":8}},"30":{"start":{"line":125,"column":33},"end":{"line":127,"column":8}},"31":{"start":{"line":134,"column":33},"end":{"line":136,"column":8}},"32":{"start":{"line":143,"column":23},"end":{"line":143,"column":77}},"33":{"start":{"line":150,"column":23},"end":{"line":150,"column":71}},"34":{"start":{"line":157,"column":23},"end":{"line":157,"column":84}},"35":{"start":{"line":162,"column":35},"end":{"line":209,"column":9}},"36":{"start":{"line":163,"column":4},"end":{"line":163,"column":29}},"37":{"start":{"line":163,"column":19},"end":{"line":163,"column":29}},"38":{"start":{"line":166,"column":4},"end":{"line":168,"column":5}},"39":{"start":{"line":167,"column":6},"end":{"line":167,"column":16}},"40":{"start":{"line":170,"column":23},"end":{"line":188,"column":5}},"41":{"start":{"line":171,"column":19},"end":{"line":171,"column":34}},"42":{"start":{"line":173,"column":6},"end":{"line":176,"column":7}},"43":{"start":{"line":174,"column":8},"end":{"line":174,"column":68}},"44":{"start":{"line":175,"column":8},"end":{"line":175,"column":20}},"45":{"start":{"line":178,"column":20},"end":{"line":178,"column":91}},"46":{"start":{"line":180,"column":6},"end":{"line":187,"column":8}},"47":{"start":{"line":191,"column":20},"end":{"line":196,"column":5}},"48":{"start":{"line":192,"column":6},"end":{"line":194,"column":7}},"49":{"start":{"line":193,"column":8},"end":{"line":193,"column":30}},"50":{"start":{"line":195,"column":6},"end":{"line":195,"column":40}},"51":{"start":{"line":198,"column":21},"end":{"line":206,"column":5}},"52":{"start":{"line":208,"column":4},"end":{"line":208,"column":36}},"53":{"start":{"line":212,"column":26},"end":{"line":212,"column":108}},"54":{"start":{"line":215,"column":31},"end":{"line":232,"column":26}},"55":{"start":{"line":216,"column":20},"end":{"line":216,"column":41}},"56":{"start":{"line":217,"column":21},"end":{"line":222,"column":5}},"57":{"start":{"line":218,"column":6},"end":{"line":220,"column":7}},"58":{"start":{"line":219,"column":8},"end":{"line":219,"column":52}},"59":{"start":{"line":221,"column":6},"end":{"line":221,"column":61}},"60":{"start":{"line":224,"column":4},"end":{"line":231,"column":6}},"61":{"start":{"line":235,"column":21},"end":{"line":370,"column":41}},"62":{"start":{"line":236,"column":4},"end":{"line":236,"column":36}},"63":{"start":{"line":236,"column":26},"end":{"line":236,"column":36}},"64":{"start":{"line":238,"column":21},"end":{"line":238,"column":23}},"65":{"start":{"line":239,"column":19},"end":{"line":239,"column":45}},"66":{"start":{"line":240,"column":22},"end":{"line":240,"column":51}},"67":{"start":{"line":241,"column":20},"end":{"line":241,"column":47}},"68":{"start":{"line":244,"column":21},"end":{"line":249,"column":5}},"69":{"start":{"line":245,"column":6},"end":{"line":247,"column":7}},"70":{"start":{"line":246,"column":8},"end":{"line":246,"column":42}},"71":{"start":{"line":248,"column":6},"end":{"line":248,"column":95}},"72":{"start":{"line":252,"column":20},"end":{"line":296,"column":5}},"73":{"start":{"line":254,"column":6},"end":{"line":265,"column":7}},"74":{"start":{"line":255,"column":8},"end":{"line":264,"column":9}},"75":{"start":{"line":256,"column":28},"end":{"line":256,"column":71}},"76":{"start":{"line":257,"column":26},"end":{"line":257,"column":52}},"77":{"start":{"line":258,"column":25},"end":{"line":258,"column":58}},"78":{"start":{"line":259,"column":23},"end":{"line":259,"column":54}},"79":{"start":{"line":260,"column":27},"end":{"line":260,"column":62}},"80":{"start":{"line":261,"column":24},"end":{"line":261,"column":50}},"81":{"start":{"line":262,"column":26},"end":{"line":262,"column":54}},"82":{"start":{"line":263,"column":19},"end":{"line":263,"column":47}},"83":{"start":{"line":268,"column":6},"end":{"line":279,"column":7}},"84":{"start":{"line":269,"column":8},"end":{"line":278,"column":9}},"85":{"start":{"line":270,"column":28},"end":{"line":270,"column":79}},"86":{"start":{"line":271,"column":26},"end":{"line":271,"column":72}},"87":{"start":{"line":272,"column":25},"end":{"line":272,"column":70}},"88":{"start":{"line":273,"column":23},"end":{"line":273,"column":66}},"89":{"start":{"line":274,"column":27},"end":{"line":274,"column":74}},"90":{"start":{"line":275,"column":24},"end":{"line":275,"column":68}},"91":{"start":{"line":276,"column":26},"end":{"line":276,"column":72}},"92":{"start":{"line":277,"column":19},"end":{"line":277,"column":65}},"93":{"start":{"line":282,"column":6},"end":{"line":293,"column":7}},"94":{"start":{"line":283,"column":8},"end":{"line":292,"column":9}},"95":{"start":{"line":284,"column":28},"end":{"line":284,"column":77}},"96":{"start":{"line":285,"column":26},"end":{"line":285,"column":60}},"97":{"start":{"line":286,"column":25},"end":{"line":286,"column":58}},"98":{"start":{"line":287,"column":23},"end":{"line":287,"column":54}},"99":{"start":{"line":288,"column":27},"end":{"line":288,"column":62}},"100":{"start":{"line":289,"column":24},"end":{"line":289,"column":56}},"101":{"start":{"line":290,"column":26},"end":{"line":290,"column":60}},"102":{"start":{"line":291,"column":19},"end":{"line":291,"column":47}},"103":{"start":{"line":295,"column":6},"end":{"line":295,"column":53}},"104":{"start":{"line":299,"column":27},"end":{"line":304,"column":5}},"105":{"start":{"line":307,"column":4},"end":{"line":309,"column":5}},"106":{"start":{"line":308,"column":6},"end":{"line":308,"column":74}},"107":{"start":{"line":312,"column":4},"end":{"line":315,"column":6}},"108":{"start":{"line":318,"column":4},"end":{"line":331,"column":7}},"109":{"start":{"line":319,"column":6},"end":{"line":319,"column":24}},"110":{"start":{"line":319,"column":17},"end":{"line":319,"column":24}},"111":{"start":{"line":321,"column":22},"end":{"line":321,"column":58}},"112":{"start":{"line":322,"column":6},"end":{"line":330,"column":7}},"113":{"start":{"line":323,"column":8},"end":{"line":329,"column":11}},"114":{"start":{"line":334,"column":4},"end":{"line":334,"column":74}},"115":{"start":{"line":337,"column":24},"end":{"line":339,"column":5}},"116":{"start":{"line":342,"column":4},"end":{"line":358,"column":5}},"117":{"start":{"line":343,"column":6},"end":{"line":357,"column":9}},"118":{"start":{"line":360,"column":4},"end":{"line":362,"column":5}},"119":{"start":{"line":361,"column":6},"end":{"line":361,"column":71}},"120":{"start":{"line":365,"column":4},"end":{"line":369,"column":6}},"121":{"start":{"line":372,"column":23},"end":{"line":375,"column":3}},"122":{"start":{"line":373,"column":4},"end":{"line":373,"column":13}},"123":{"start":{"line":374,"column":4},"end":{"line":374,"column":23}},"124":{"start":{"line":377,"column":19},"end":{"line":377,"column":55}},"125":{"start":{"line":377,"column":29},"end":{"line":377,"column":55}},"126":{"start":{"line":378,"column":23},"end":{"line":378,"column":50}},"127":{"start":{"line":380,"column":2},"end":{"line":707,"column":4}},"128":{"start":{"line":389,"column":27},"end":{"line":389,"column":48}},"129":{"start":{"line":414,"column":29},"end":{"line":414,"column":53}},"130":{"start":{"line":427,"column":29},"end":{"line":427,"column":50}},"131":{"start":{"line":452,"column":14},"end":{"line":454,"column":15}},"132":{"start":{"line":453,"column":16},"end":{"line":453,"column":101}},"133":{"start":{"line":456,"column":35},"end":{"line":456,"column":66}},"134":{"start":{"line":457,"column":38},"end":{"line":457,"column":95}},"135":{"start":{"line":458,"column":14},"end":{"line":478,"column":16}},"136":{"start":{"line":467,"column":33},"end":{"line":467,"column":66}},"137":{"start":{"line":521,"column":31},"end":{"line":521,"column":51}},"138":{"start":{"line":527,"column":41},"end":{"line":527,"column":60}},"139":{"start":{"line":551,"column":33},"end":{"line":551,"column":63}},"140":{"start":{"line":634,"column":29},"end":{"line":658,"column":13}},"141":{"start":{"line":635,"column":34},"end":{"line":635,"column":51}},"142":{"start":{"line":638,"column":14},"end":{"line":642,"column":15}},"143":{"start":{"line":639,"column":16},"end":{"line":641,"column":61}},"144":{"start":{"line":645,"column":14},"end":{"line":649,"column":15}},"145":{"start":{"line":646,"column":16},"end":{"line":648,"column":65}},"146":{"start":{"line":652,"column":14},"end":{"line":654,"column":15}},"147":{"start":{"line":653,"column":16},"end":{"line":653,"column":52}},"148":{"start":{"line":657,"column":14},"end":{"line":657,"column":42}},"149":{"start":{"line":660,"column":32},"end":{"line":676,"column":13}},"150":{"start":{"line":661,"column":14},"end":{"line":661,"column":33}},"151":{"start":{"line":664,"column":14},"end":{"line":666,"column":15}},"152":{"start":{"line":665,"column":16},"end":{"line":665,"column":38}},"153":{"start":{"line":669,"column":14},"end":{"line":669,"column":34}},"154":{"start":{"line":672,"column":14},"end":{"line":672,"column":36}},"155":{"start":{"line":675,"column":14},"end":{"line":675,"column":62}},"156":{"start":{"line":678,"column":12},"end":{"line":698,"column":14}}},"fnMap":{"0":{"name":"(anonymous_0)","decl":{"start":{"line":32,"column":15},"end":{"line":32,"column":16}},"loc":{"start":{"line":32,"column":33},"end":{"line":708,"column":1}},"line":32},"1":{"name":"(anonymous_1)","decl":{"start":{"line":48,"column":12},"end":{"line":48,"column":13}},"loc":{"start":{"line":48,"column":18},"end":{"line":56,"column":3}},"line":48},"2":{"name":"(anonymous_2)","decl":{"start":{"line":59,"column":12},"end":{"line":59,"column":13}},"loc":{"start":{"line":59,"column":18},"end":{"line":70,"column":3}},"line":59},"3":{"name":"(anonymous_3)","decl":{"start":{"line":60,"column":25},"end":{"line":60,"column":26}},"loc":{"start":{"line":60,"column":31},"end":{"line":66,"column":5}},"line":60},"4":{"name":"(anonymous_4)","decl":{"start":{"line":69,"column":11},"end":{"line":69,"column":12}},"loc":{"start":{"line":69,"column":17},"end":{"line":69,"column":67}},"line":69},"5":{"name":"(anonymous_5)","decl":{"start":{"line":78,"column":16},"end":{"line":78,"column":17}},"loc":{"start":{"line":78,"column":33},"end":{"line":78,"column":115}},"line":78},"6":{"name":"(anonymous_6)","decl":{"start":{"line":85,"column":16},"end":{"line":85,"column":17}},"loc":{"start":{"line":85,"column":33},"end":{"line":91,"column":7}},"line":85},"7":{"name":"(anonymous_7)","decl":{"start":{"line":98,"column":16},"end":{"line":98,"column":17}},"loc":{"start":{"line":98,"column":33},"end":{"line":100,"column":8}},"line":98},"8":{"name":"(anonymous_8)","decl":{"start":{"line":107,"column":16},"end":{"line":107,"column":17}},"loc":{"start":{"line":107,"column":33},"end":{"line":109,"column":8}},"line":107},"9":{"name":"(anonymous_9)","decl":{"start":{"line":116,"column":16},"end":{"line":116,"column":17}},"loc":{"start":{"line":116,"column":33},"end":{"line":118,"column":8}},"line":116},"10":{"name":"(anonymous_10)","decl":{"start":{"line":125,"column":16},"end":{"line":125,"column":17}},"loc":{"start":{"line":125,"column":33},"end":{"line":127,"column":8}},"line":125},"11":{"name":"(anonymous_11)","decl":{"start":{"line":134,"column":16},"end":{"line":134,"column":17}},"loc":{"start":{"line":134,"column":33},"end":{"line":136,"column":8}},"line":134},"12":{"name":"(anonymous_12)","decl":{"start":{"line":143,"column":16},"end":{"line":143,"column":17}},"loc":{"start":{"line":143,"column":23},"end":{"line":143,"column":77}},"line":143},"13":{"name":"(anonymous_13)","decl":{"start":{"line":150,"column":16},"end":{"line":150,"column":17}},"loc":{"start":{"line":150,"column":23},"end":{"line":150,"column":71}},"line":150},"14":{"name":"(anonymous_14)","decl":{"start":{"line":157,"column":16},"end":{"line":157,"column":17}},"loc":{"start":{"line":157,"column":23},"end":{"line":157,"column":84}},"line":157},"15":{"name":"(anonymous_15)","decl":{"start":{"line":162,"column":47},"end":{"line":162,"column":48}},"loc":{"start":{"line":162,"column":61},"end":{"line":209,"column":3}},"line":162},"16":{"name":"(anonymous_16)","decl":{"start":{"line":170,"column":23},"end":{"line":170,"column":24}},"loc":{"start":{"line":170,"column":39},"end":{"line":188,"column":5}},"line":170},"17":{"name":"(anonymous_17)","decl":{"start":{"line":191,"column":20},"end":{"line":191,"column":21}},"loc":{"start":{"line":191,"column":34},"end":{"line":196,"column":5}},"line":191},"18":{"name":"(anonymous_18)","decl":{"start":{"line":215,"column":43},"end":{"line":215,"column":44}},"loc":{"start":{"line":215,"column":65},"end":{"line":232,"column":3}},"line":215},"19":{"name":"(anonymous_19)","decl":{"start":{"line":217,"column":21},"end":{"line":217,"column":22}},"loc":{"start":{"line":217,"column":27},"end":{"line":222,"column":5}},"line":217},"20":{"name":"(anonymous_20)","decl":{"start":{"line":235,"column":29},"end":{"line":235,"column":30}},"loc":{"start":{"line":235,"column":35},"end":{"line":370,"column":3}},"line":235},"21":{"name":"(anonymous_21)","decl":{"start":{"line":244,"column":21},"end":{"line":244,"column":22}},"loc":{"start":{"line":244,"column":46},"end":{"line":249,"column":5}},"line":244},"22":{"name":"(anonymous_22)","decl":{"start":{"line":252,"column":20},"end":{"line":252,"column":21}},"loc":{"start":{"line":252,"column":30},"end":{"line":296,"column":5}},"line":252},"23":{"name":"(anonymous_23)","decl":{"start":{"line":318,"column":27},"end":{"line":318,"column":28}},"loc":{"start":{"line":318,"column":46},"end":{"line":331,"column":5}},"line":318},"24":{"name":"(anonymous_24)","decl":{"start":{"line":372,"column":23},"end":{"line":372,"column":24}},"loc":{"start":{"line":372,"column":29},"end":{"line":375,"column":3}},"line":372},"25":{"name":"(anonymous_25)","decl":{"start":{"line":377,"column":19},"end":{"line":377,"column":20}},"loc":{"start":{"line":377,"column":29},"end":{"line":377,"column":55}},"line":377},"26":{"name":"(anonymous_26)","decl":{"start":{"line":389,"column":21},"end":{"line":389,"column":22}},"loc":{"start":{"line":389,"column":27},"end":{"line":389,"column":48}},"line":389},"27":{"name":"(anonymous_27)","decl":{"start":{"line":414,"column":23},"end":{"line":414,"column":24}},"loc":{"start":{"line":414,"column":29},"end":{"line":414,"column":53}},"line":414},"28":{"name":"(anonymous_28)","decl":{"start":{"line":427,"column":23},"end":{"line":427,"column":24}},"loc":{"start":{"line":427,"column":29},"end":{"line":427,"column":50}},"line":427},"29":{"name":"(anonymous_29)","decl":{"start":{"line":450,"column":28},"end":{"line":450,"column":29}},"loc":{"start":{"line":450,"column":38},"end":{"line":479,"column":13}},"line":450},"30":{"name":"(anonymous_30)","decl":{"start":{"line":467,"column":27},"end":{"line":467,"column":28}},"loc":{"start":{"line":467,"column":33},"end":{"line":467,"column":66}},"line":467},"31":{"name":"(anonymous_31)","decl":{"start":{"line":521,"column":25},"end":{"line":521,"column":26}},"loc":{"start":{"line":521,"column":31},"end":{"line":521,"column":51}},"line":521},"32":{"name":"(anonymous_32)","decl":{"start":{"line":527,"column":33},"end":{"line":527,"column":34}},"loc":{"start":{"line":527,"column":41},"end":{"line":527,"column":60}},"line":527},"33":{"name":"(anonymous_33)","decl":{"start":{"line":551,"column":27},"end":{"line":551,"column":28}},"loc":{"start":{"line":551,"column":33},"end":{"line":551,"column":63}},"line":551},"34":{"name":"(anonymous_34)","decl":{"start":{"line":632,"column":16},"end":{"line":632,"column":17}},"loc":{"start":{"line":632,"column":26},"end":{"line":699,"column":11}},"line":632},"35":{"name":"(anonymous_35)","decl":{"start":{"line":634,"column":29},"end":{"line":634,"column":30}},"loc":{"start":{"line":634,"column":39},"end":{"line":658,"column":13}},"line":634},"36":{"name":"(anonymous_36)","decl":{"start":{"line":660,"column":32},"end":{"line":660,"column":33}},"loc":{"start":{"line":660,"column":39},"end":{"line":676,"column":13}},"line":660}},"branchMap":{"0":{"loc":{"start":{"line":51,"column":12},"end":{"line":51,"column":64}},"type":"cond-expr","locations":[{"start":{"line":51,"column":19},"end":{"line":51,"column":52}},{"start":{"line":51,"column":55},"end":{"line":51,"column":64}}],"line":51},"1":{"loc":{"start":{"line":63,"column":6},"end":{"line":65,"column":7}},"type":"if","locations":[{"start":{"line":63,"column":6},"end":{"line":65,"column":7}},{"start":{},"end":{}}],"line":63},"2":{"loc":{"start":{"line":87,"column":8},"end":{"line":89,"column":9}},"type":"if","locations":[{"start":{"line":87,"column":8},"end":{"line":89,"column":9}},{"start":{},"end":{}}],"line":87},"3":{"loc":{"start":{"line":163,"column":4},"end":{"line":163,"column":29}},"type":"if","locations":[{"start":{"line":163,"column":4},"end":{"line":163,"column":29}},{"start":{},"end":{}}],"line":163},"4":{"loc":{"start":{"line":166,"column":4},"end":{"line":168,"column":5}},"type":"if","locations":[{"start":{"line":166,"column":4},"end":{"line":168,"column":5}},{"start":{},"end":{}}],"line":166},"5":{"loc":{"start":{"line":173,"column":6},"end":{"line":176,"column":7}},"type":"if","locations":[{"start":{"line":173,"column":6},"end":{"line":176,"column":7}},{"start":{},"end":{}}],"line":173},"6":{"loc":{"start":{"line":178,"column":20},"end":{"line":178,"column":91}},"type":"cond-expr","locations":[{"start":{"line":178,"column":58},"end":{"line":178,"column":84}},{"start":{"line":178,"column":87},"end":{"line":178,"column":91}}],"line":178},"7":{"loc":{"start":{"line":184,"column":13},"end":{"line":184,"column":29}},"type":"binary-expr","locations":[{"start":{"line":184,"column":13},"end":{"line":184,"column":21}},{"start":{"line":184,"column":25},"end":{"line":184,"column":29}}],"line":184},"8":{"loc":{"start":{"line":185,"column":27},"end":{"line":185,"column":43}},"type":"binary-expr","locations":[{"start":{"line":185,"column":27},"end":{"line":185,"column":35}},{"start":{"line":185,"column":39},"end":{"line":185,"column":43}}],"line":185},"9":{"loc":{"start":{"line":192,"column":6},"end":{"line":194,"column":7}},"type":"if","locations":[{"start":{"line":192,"column":6},"end":{"line":194,"column":7}},{"start":{},"end":{}}],"line":192},"10":{"loc":{"start":{"line":200,"column":28},"end":{"line":200,"column":83}},"type":"cond-expr","locations":[{"start":{"line":200,"column":50},"end":{"line":200,"column":58}},{"start":{"line":200,"column":61},"end":{"line":200,"column":83}}],"line":200},"11":{"loc":{"start":{"line":212,"column":26},"end":{"line":212,"column":108}},"type":"binary-expr","locations":[{"start":{"line":212,"column":26},"end":{"line":212,"column":64}},{"start":{"line":212,"column":68},"end":{"line":212,"column":89}},{"start":{"line":212,"column":93},"end":{"line":212,"column":108}}],"line":212},"12":{"loc":{"start":{"line":216,"column":20},"end":{"line":216,"column":41}},"type":"binary-expr","locations":[{"start":{"line":216,"column":20},"end":{"line":216,"column":35}},{"start":{"line":216,"column":39},"end":{"line":216,"column":41}}],"line":216},"13":{"loc":{"start":{"line":218,"column":6},"end":{"line":220,"column":7}},"type":"if","locations":[{"start":{"line":218,"column":6},"end":{"line":220,"column":7}},{"start":{},"end":{}}],"line":218},"14":{"loc":{"start":{"line":228,"column":12},"end":{"line":228,"column":46}},"type":"binary-expr","locations":[{"start":{"line":228,"column":12},"end":{"line":228,"column":16}},{"start":{"line":228,"column":20},"end":{"line":228,"column":32}},{"start":{"line":228,"column":36},"end":{"line":228,"column":46}}],"line":228},"15":{"loc":{"start":{"line":236,"column":4},"end":{"line":236,"column":36}},"type":"if","locations":[{"start":{"line":236,"column":4},"end":{"line":236,"column":36}},{"start":{},"end":{}}],"line":236},"16":{"loc":{"start":{"line":244,"column":28},"end":{"line":244,"column":41}},"type":"default-arg","locations":[{"start":{"line":244,"column":36},"end":{"line":244,"column":41}}],"line":244},"17":{"loc":{"start":{"line":245,"column":6},"end":{"line":247,"column":7}},"type":"if","locations":[{"start":{"line":245,"column":6},"end":{"line":247,"column":7}},{"start":{},"end":{}}],"line":245},"18":{"loc":{"start":{"line":248,"column":13},"end":{"line":248,"column":94}},"type":"binary-expr","locations":[{"start":{"line":248,"column":13},"end":{"line":248,"column":47}},{"start":{"line":248,"column":52},"end":{"line":248,"column":64}},{"start":{"line":248,"column":68},"end":{"line":248,"column":93}}],"line":248},"19":{"loc":{"start":{"line":254,"column":6},"end":{"line":265,"column":7}},"type":"if","locations":[{"start":{"line":254,"column":6},"end":{"line":265,"column":7}},{"start":{},"end":{}}],"line":254},"20":{"loc":{"start":{"line":255,"column":8},"end":{"line":264,"column":9}},"type":"switch","locations":[{"start":{"line":256,"column":10},"end":{"line":256,"column":71}},{"start":{"line":257,"column":10},"end":{"line":257,"column":52}},{"start":{"line":258,"column":10},"end":{"line":258,"column":58}},{"start":{"line":259,"column":10},"end":{"line":259,"column":54}},{"start":{"line":260,"column":10},"end":{"line":260,"column":62}},{"start":{"line":261,"column":10},"end":{"line":261,"column":50}},{"start":{"line":262,"column":10},"end":{"line":262,"column":54}},{"start":{"line":263,"column":10},"end":{"line":263,"column":47}}],"line":255},"21":{"loc":{"start":{"line":268,"column":6},"end":{"line":279,"column":7}},"type":"if","locations":[{"start":{"line":268,"column":6},"end":{"line":279,"column":7}},{"start":{},"end":{}}],"line":268},"22":{"loc":{"start":{"line":269,"column":8},"end":{"line":278,"column":9}},"type":"switch","locations":[{"start":{"line":270,"column":10},"end":{"line":270,"column":79}},{"start":{"line":271,"column":10},"end":{"line":271,"column":72}},{"start":{"line":272,"column":10},"end":{"line":272,"column":70}},{"start":{"line":273,"column":10},"end":{"line":273,"column":66}},{"start":{"line":274,"column":10},"end":{"line":274,"column":74}},{"start":{"line":275,"column":10},"end":{"line":275,"column":68}},{"start":{"line":276,"column":10},"end":{"line":276,"column":72}},{"start":{"line":277,"column":10},"end":{"line":277,"column":65}}],"line":269},"23":{"loc":{"start":{"line":282,"column":6},"end":{"line":293,"column":7}},"type":"if","locations":[{"start":{"line":282,"column":6},"end":{"line":293,"column":7}},{"start":{},"end":{}}],"line":282},"24":{"loc":{"start":{"line":283,"column":8},"end":{"line":292,"column":9}},"type":"switch","locations":[{"start":{"line":284,"column":10},"end":{"line":284,"column":77}},{"start":{"line":285,"column":10},"end":{"line":285,"column":60}},{"start":{"line":286,"column":10},"end":{"line":286,"column":58}},{"start":{"line":287,"column":10},"end":{"line":287,"column":54}},{"start":{"line":288,"column":10},"end":{"line":288,"column":62}},{"start":{"line":289,"column":10},"end":{"line":289,"column":56}},{"start":{"line":290,"column":10},"end":{"line":290,"column":60}},{"start":{"line":291,"column":10},"end":{"line":291,"column":47}}],"line":283},"25":{"loc":{"start":{"line":307,"column":4},"end":{"line":309,"column":5}},"type":"if","locations":[{"start":{"line":307,"column":4},"end":{"line":309,"column":5}},{"start":{},"end":{}}],"line":307},"26":{"loc":{"start":{"line":307,"column":8},"end":{"line":307,"column":25}},"type":"binary-expr","locations":[{"start":{"line":307,"column":8},"end":{"line":307,"column":14}},{"start":{"line":307,"column":18},"end":{"line":307,"column":25}}],"line":307},"27":{"loc":{"start":{"line":319,"column":6},"end":{"line":319,"column":24}},"type":"if","locations":[{"start":{"line":319,"column":6},"end":{"line":319,"column":24}},{"start":{},"end":{}}],"line":319},"28":{"loc":{"start":{"line":322,"column":6},"end":{"line":330,"column":7}},"type":"if","locations":[{"start":{"line":322,"column":6},"end":{"line":330,"column":7}},{"start":{},"end":{}}],"line":322},"29":{"loc":{"start":{"line":326,"column":17},"end":{"line":326,"column":36}},"type":"binary-expr","locations":[{"start":{"line":326,"column":17},"end":{"line":326,"column":27}},{"start":{"line":326,"column":31},"end":{"line":326,"column":36}}],"line":326},"30":{"loc":{"start":{"line":342,"column":4},"end":{"line":358,"column":5}},"type":"if","locations":[{"start":{"line":342,"column":4},"end":{"line":358,"column":5}},{"start":{},"end":{}}],"line":342},"31":{"loc":{"start":{"line":360,"column":4},"end":{"line":362,"column":5}},"type":"if","locations":[{"start":{"line":360,"column":4},"end":{"line":362,"column":5}},{"start":{},"end":{}}],"line":360},"32":{"loc":{"start":{"line":378,"column":23},"end":{"line":378,"column":50}},"type":"cond-expr","locations":[{"start":{"line":378,"column":35},"end":{"line":378,"column":41}},{"start":{"line":378,"column":44},"end":{"line":378,"column":50}}],"line":378},"33":{"loc":{"start":{"line":384,"column":9},"end":{"line":392,"column":9}},"type":"binary-expr","locations":[{"start":{"line":384,"column":9},"end":{"line":384,"column":17}},{"start":{"line":384,"column":21},"end":{"line":384,"column":32}},{"start":{"line":385,"column":10},"end":{"line":391,"column":12}}],"line":384},"34":{"loc":{"start":{"line":397,"column":22},"end":{"line":397,"column":44}},"type":"cond-expr","locations":[{"start":{"line":397,"column":33},"end":{"line":397,"column":40}},{"start":{"line":397,"column":43},"end":{"line":397,"column":44}}],"line":397},"35":{"loc":{"start":{"line":398,"column":22},"end":{"line":398,"column":60}},"type":"cond-expr","locations":[{"start":{"line":398,"column":49},"end":{"line":398,"column":50}},{"start":{"line":398,"column":53},"end":{"line":398,"column":60}}],"line":398},"36":{"loc":{"start":{"line":398,"column":22},"end":{"line":398,"column":46}},"type":"binary-expr","locations":[{"start":{"line":398,"column":22},"end":{"line":398,"column":33}},{"start":{"line":398,"column":37},"end":{"line":398,"column":46}}],"line":398},"37":{"loc":{"start":{"line":404,"column":47},"end":{"line":404,"column":95}},"type":"cond-expr","locations":[{"start":{"line":404,"column":59},"end":{"line":404,"column":75}},{"start":{"line":404,"column":78},"end":{"line":404,"column":95}}],"line":404},"38":{"loc":{"start":{"line":405,"column":13},"end":{"line":412,"column":13}},"type":"binary-expr","locations":[{"start":{"line":405,"column":13},"end":{"line":405,"column":23}},{"start":{"line":406,"column":14},"end":{"line":411,"column":21}}],"line":405},"39":{"loc":{"start":{"line":408,"column":19},"end":{"line":409,"column":73}},"type":"cond-expr","locations":[{"start":{"line":408,"column":51},"end":{"line":408,"column":64}},{"start":{"line":409,"column":19},"end":{"line":409,"column":73}}],"line":408},"40":{"loc":{"start":{"line":409,"column":19},"end":{"line":409,"column":73}},"type":"cond-expr","locations":[{"start":{"line":409,"column":49},"end":{"line":409,"column":60}},{"start":{"line":409,"column":63},"end":{"line":409,"column":73}}],"line":409},"41":{"loc":{"start":{"line":417,"column":36},"end":{"line":417,"column":69}},"type":"cond-expr","locations":[{"start":{"line":417,"column":48},"end":{"line":417,"column":56}},{"start":{"line":417,"column":59},"end":{"line":417,"column":69}}],"line":417},"42":{"loc":{"start":{"line":419,"column":15},"end":{"line":419,"column":101}},"type":"cond-expr","locations":[{"start":{"line":419,"column":27},"end":{"line":419,"column":63}},{"start":{"line":419,"column":66},"end":{"line":419,"column":101}}],"line":419},"43":{"loc":{"start":{"line":429,"column":16},"end":{"line":431,"column":78}},"type":"cond-expr","locations":[{"start":{"line":430,"column":20},"end":{"line":430,"column":67}},{"start":{"line":431,"column":20},"end":{"line":431,"column":78}}],"line":429},"44":{"loc":{"start":{"line":434,"column":42},"end":{"line":434,"column":153}},"type":"cond-expr","locations":[{"start":{"line":434,"column":88},"end":{"line":434,"column":106}},{"start":{"line":434,"column":109},"end":{"line":434,"column":153}}],"line":434},"45":{"loc":{"start":{"line":435,"column":15},"end":{"line":439,"column":15}},"type":"binary-expr","locations":[{"start":{"line":435,"column":15},"end":{"line":435,"column":25}},{"start":{"line":436,"column":16},"end":{"line":438,"column":23}}],"line":435},"46":{"loc":{"start":{"line":440,"column":15},"end":{"line":444,"column":15}},"type":"binary-expr","locations":[{"start":{"line":440,"column":15},"end":{"line":440,"column":25}},{"start":{"line":440,"column":29},"end":{"line":440,"column":72}},{"start":{"line":441,"column":16},"end":{"line":443,"column":23}}],"line":440},"47":{"loc":{"start":{"line":452,"column":14},"end":{"line":454,"column":15}},"type":"if","locations":[{"start":{"line":452,"column":14},"end":{"line":454,"column":15}},{"start":{},"end":{}}],"line":452},"48":{"loc":{"start":{"line":453,"column":33},"end":{"line":453,"column":54}},"type":"binary-expr","locations":[{"start":{"line":453,"column":33},"end":{"line":453,"column":41}},{"start":{"line":453,"column":45},"end":{"line":453,"column":54}}],"line":453},"49":{"loc":{"start":{"line":457,"column":38},"end":{"line":457,"column":95}},"type":"binary-expr","locations":[{"start":{"line":457,"column":38},"end":{"line":457,"column":64}},{"start":{"line":457,"column":68},"end":{"line":457,"column":95}}],"line":457},"50":{"loc":{"start":{"line":460,"column":23},"end":{"line":460,"column":43}},"type":"binary-expr","locations":[{"start":{"line":460,"column":23},"end":{"line":460,"column":30}},{"start":{"line":460,"column":34},"end":{"line":460,"column":43}}],"line":460},"51":{"loc":{"start":{"line":463,"column":20},"end":{"line":465,"column":77}},"type":"cond-expr","locations":[{"start":{"line":464,"column":24},"end":{"line":464,"column":70}},{"start":{"line":465,"column":24},"end":{"line":465,"column":77}}],"line":463},"52":{"loc":{"start":{"line":467,"column":33},"end":{"line":467,"column":66}},"type":"binary-expr","locations":[{"start":{"line":467,"column":33},"end":{"line":467,"column":41}},{"start":{"line":467,"column":45},"end":{"line":467,"column":66}}],"line":467},"53":{"loc":{"start":{"line":471,"column":22},"end":{"line":473,"column":67}},"type":"cond-expr","locations":[{"start":{"line":472,"column":26},"end":{"line":472,"column":44}},{"start":{"line":473,"column":26},"end":{"line":473,"column":67}}],"line":471},"54":{"loc":{"start":{"line":476,"column":19},"end":{"line":476,"column":74}},"type":"binary-expr","locations":[{"start":{"line":476,"column":19},"end":{"line":476,"column":29}},{"start":{"line":476,"column":33},"end":{"line":476,"column":74}}],"line":476},"55":{"loc":{"start":{"line":484,"column":56},"end":{"line":484,"column":94}},"type":"cond-expr","locations":[{"start":{"line":484,"column":68},"end":{"line":484,"column":89}},{"start":{"line":484,"column":92},"end":{"line":484,"column":94}}],"line":484},"56":{"loc":{"start":{"line":485,"column":47},"end":{"line":485,"column":106}},"type":"cond-expr","locations":[{"start":{"line":485,"column":59},"end":{"line":485,"column":79}},{"start":{"line":485,"column":82},"end":{"line":485,"column":106}}],"line":485},"57":{"loc":{"start":{"line":486,"column":49},"end":{"line":486,"column":76}},"type":"cond-expr","locations":[{"start":{"line":486,"column":61},"end":{"line":486,"column":71}},{"start":{"line":486,"column":74},"end":{"line":486,"column":76}}],"line":486},"58":{"loc":{"start":{"line":490,"column":15},"end":{"line":495,"column":15}},"type":"binary-expr","locations":[{"start":{"line":490,"column":15},"end":{"line":490,"column":25}},{"start":{"line":491,"column":16},"end":{"line":494,"column":22}}],"line":490},"59":{"loc":{"start":{"line":492,"column":68},"end":{"line":492,"column":88}},"type":"binary-expr","locations":[{"start":{"line":492,"column":68},"end":{"line":492,"column":78}},{"start":{"line":492,"column":82},"end":{"line":492,"column":88}}],"line":492},"60":{"loc":{"start":{"line":493,"column":56},"end":{"line":493,"column":77}},"type":"binary-expr","locations":[{"start":{"line":493,"column":56},"end":{"line":493,"column":66}},{"start":{"line":493,"column":70},"end":{"line":493,"column":77}}],"line":493},"61":{"loc":{"start":{"line":497,"column":13},"end":{"line":506,"column":13}},"type":"binary-expr","locations":[{"start":{"line":497,"column":13},"end":{"line":497,"column":23}},{"start":{"line":498,"column":14},"end":{"line":505,"column":23}}],"line":497},"62":{"loc":{"start":{"line":527,"column":17},"end":{"line":527,"column":82}},"type":"binary-expr","locations":[{"start":{"line":527,"column":17},"end":{"line":527,"column":67}},{"start":{"line":527,"column":71},"end":{"line":527,"column":82}}],"line":527},"63":{"loc":{"start":{"line":559,"column":19},"end":{"line":576,"column":19}},"type":"binary-expr","locations":[{"start":{"line":559,"column":19},"end":{"line":559,"column":31}},{"start":{"line":560,"column":20},"end":{"line":575,"column":33}}],"line":559},"64":{"loc":{"start":{"line":604,"column":20},"end":{"line":606,"column":71}},"type":"cond-expr","locations":[{"start":{"line":605,"column":18},"end":{"line":605,"column":55}},{"start":{"line":606,"column":18},"end":{"line":606,"column":71}}],"line":604},"65":{"loc":{"start":{"line":607,"column":20},"end":{"line":607,"column":89}},"type":"cond-expr","locations":[{"start":{"line":607,"column":49},"end":{"line":607,"column":57}},{"start":{"line":607,"column":60},"end":{"line":607,"column":89}}],"line":607},"66":{"loc":{"start":{"line":608,"column":20},"end":{"line":608,"column":61}},"type":"cond-expr","locations":[{"start":{"line":608,"column":49},"end":{"line":608,"column":53}},{"start":{"line":608,"column":56},"end":{"line":608,"column":61}}],"line":608},"67":{"loc":{"start":{"line":610,"column":16},"end":{"line":610,"column":85}},"type":"cond-expr","locations":[{"start":{"line":610,"column":45},"end":{"line":610,"column":53}},{"start":{"line":610,"column":56},"end":{"line":610,"column":85}}],"line":610},"68":{"loc":{"start":{"line":638,"column":14},"end":{"line":642,"column":15}},"type":"if","locations":[{"start":{"line":638,"column":14},"end":{"line":642,"column":15}},{"start":{},"end":{}}],"line":638},"69":{"loc":{"start":{"line":638,"column":18},"end":{"line":638,"column":65}},"type":"binary-expr","locations":[{"start":{"line":638,"column":18},"end":{"line":638,"column":39}},{"start":{"line":638,"column":43},"end":{"line":638,"column":65}}],"line":638},"70":{"loc":{"start":{"line":639,"column":23},"end":{"line":641,"column":60}},"type":"binary-expr","locations":[{"start":{"line":639,"column":23},"end":{"line":639,"column":42}},{"start":{"line":640,"column":23},"end":{"line":640,"column":51}},{"start":{"line":641,"column":23},"end":{"line":641,"column":60}}],"line":639},"71":{"loc":{"start":{"line":645,"column":14},"end":{"line":649,"column":15}},"type":"if","locations":[{"start":{"line":645,"column":14},"end":{"line":649,"column":15}},{"start":{},"end":{}}],"line":645},"72":{"loc":{"start":{"line":645,"column":18},"end":{"line":645,"column":57}},"type":"binary-expr","locations":[{"start":{"line":645,"column":18},"end":{"line":645,"column":35}},{"start":{"line":645,"column":39},"end":{"line":645,"column":57}}],"line":645},"73":{"loc":{"start":{"line":646,"column":23},"end":{"line":648,"column":64}},"type":"binary-expr","locations":[{"start":{"line":646,"column":23},"end":{"line":646,"column":47}},{"start":{"line":647,"column":23},"end":{"line":647,"column":56}},{"start":{"line":648,"column":23},"end":{"line":648,"column":64}}],"line":646},"74":{"loc":{"start":{"line":652,"column":14},"end":{"line":654,"column":15}},"type":"if","locations":[{"start":{"line":652,"column":14},"end":{"line":654,"column":15}},{"start":{},"end":{}}],"line":652},"75":{"loc":{"start":{"line":664,"column":14},"end":{"line":666,"column":15}},"type":"if","locations":[{"start":{"line":664,"column":14},"end":{"line":666,"column":15}},{"start":{},"end":{}}],"line":664},"76":{"loc":{"start":{"line":684,"column":18},"end":{"line":686,"column":78}},"type":"cond-expr","locations":[{"start":{"line":685,"column":22},"end":{"line":685,"column":57}},{"start":{"line":686,"column":22},"end":{"line":686,"column":78}}],"line":684},"77":{"loc":{"start":{"line":688,"column":30},"end":{"line":688,"column":59}},"type":"cond-expr","locations":[{"start":{"line":688,"column":41},"end":{"line":688,"column":47}},{"start":{"line":688,"column":50},"end":{"line":688,"column":59}}],"line":688},"78":{"loc":{"start":{"line":690,"column":52},"end":{"line":690,"column":84}},"type":"cond-expr","locations":[{"start":{"line":690,"column":63},"end":{"line":690,"column":79}},{"start":{"line":690,"column":82},"end":{"line":690,"column":84}}],"line":690},"79":{"loc":{"start":{"line":691,"column":51},"end":{"line":691,"column":87}},"type":"cond-expr","locations":[{"start":{"line":691,"column":62},"end":{"line":691,"column":73}},{"start":{"line":691,"column":76},"end":{"line":691,"column":87}}],"line":691},"80":{"loc":{"start":{"line":694,"column":17},"end":{"line":696,"column":17}},"type":"binary-expr","locations":[{"start":{"line":694,"column":17},"end":{"line":694,"column":25}},{"start":{"line":695,"column":18},"end":{"line":695,"column":99}}],"line":694}},"s":{"0":0,"1":0,"2":0,"3":0,"4":0,"5":0,"6":0,"7":0,"8":0,"9":0,"10":0,"11":0,"12":0,"13":0,"14":0,"15":0,"16":0,"17":0,"18":0,"19":0,"20":0,"21":0,"22":0,"23":0,"24":0,"25":0,"26":0,"27":0,"28":0,"29":0,"30":0,"31":0,"32":0,"33":0,"34":0,"35":0,"36":0,"37":0,"38":0,"39":0,"40":0,"41":0,"42":0,"43":0,"44":0,"45":0,"46":0,"47":0,"48":0,"49":0,"50":0,"51":0,"52":0,"53":0,"54":0,"55":0,"56":0,"57":0,"58":0,"59":0,"60":0,"61":0,"62":0,"63":0,"64":0,"65":0,"66":0,"67":0,"68":0,"69":0,"70":0,"71":0,"72":0,"73":0,"74":0,"75":0,"76":0,"77":0,"78":0,"79":0,"80":0,"81":0,"82":0,"83":0,"84":0,"85":0,"86":0,"87":0,"88":0,"89":0,"90":0,"91":0,"92":0,"93":0,"94":0,"95":0,"96":0,"97":0,"98":0,"99":0,"100":0,"101":0,"102":0,"103":0,"104":0,"105":0,"106":0,"107":0,"108":0,"109":0,"110":0,"111":0,"112":0,"113":0,"114":0,"115":0,"116":0,"117":0,"118":0,"119":0,"120":0,"121":0,"122":0,"123":0,"124":0,"125":0,"126":0,"127":0,"128":0,"129":0,"130":0,"131":0,"132":0,"133":0,"134":0,"135":0,"136":0,"137":0,"138":0,"139":0,"140":0,"141":0,"142":0,"143":0,"144":0,"145":0,"146":0,"147":0,"148":0,"149":0,"150":0,"151":0,"152":0,"153":0,"154":0,"155":0,"156":0},"f":{"0":0,"1":0,"2":0,"3":0,"4":0,"5":0,"6":0,"7":0,"8":0,"9":0,"10":0,"11":0,"12":0,"13":0,"14":0,"15":0,"16":0,"17":0,"18":0,"19":0,"20":0,"21":0,"22":0,"23":0,"24":0,"25":0,"26":0,"27":0,"28":0,"29":0,"30":0,"31":0,"32":0,"33":0,"34":0,"35":0,"36":0},"b":{"0":[0,0],"1":[0,0],"2":[0,0],"3":[0,0],"4":[0,0],"5":[0,0],"6":[0,0],"7":[0,0],"8":[0,0],"9":[0,0],"10":[0,0],"11":[0,0,0],"12":[0,0],"13":[0,0],"14":[0,0,0],"15":[0,0],"16":[0],"17":[0,0],"18":[0,0,0],"19":[0,0],"20":[0,0,0,0,0,0,0,0],"21":[0,0],"22":[0,0,0,0,0,0,0,0],"23":[0,0],"24":[0,0,0,0,0,0,0,0],"25":[0,0],"26":[0,0],"27":[0,0],"28":[0,0],"29":[0,0],"30":[0,0],"31":[0,0],"32":[0,0],"33":[0,0,0],"34":[0,0],"35":[0,0],"36":[0,0],"37":[0,0],"38":[0,0],"39":[0,0],"40":[0,0],"41":[0,0],"42":[0,0],"43":[0,0],"44":[0,0],"45":[0,0],"46":[0,0,0],"47":[0,0],"48":[0,0],"49":[0,0],"50":[0,0],"51":[0,0],"52":[0,0],"53":[0,0],"54":[0,0],"55":[0,0],"56":[0,0],"57":[0,0],"58":[0,0],"59":[0,0],"60":[0,0],"61":[0,0],"62":[0,0],"63":[0,0],"64":[0,0],"65":[0,0],"66":[0,0],"67":[0,0],"68":[0,0],"69":[0,0],"70":[0,0,0],"71":[0,0],"72":[0,0],"73":[0,0,0],"74":[0,0],"75":[0,0],"76":[0,0],"77":[0,0],"78":[0,0],"79":[0,0],"80":[0,0]}}
,"D:\\goat-farm-mang-app\\frontend\\src\\config\\api.config.js": {"path":"D:\\goat-farm-mang-app\\frontend\\src\\config\\api.config.js","statementMap":{"0":{"start":{"line":12,"column":31},"end":{"line":24,"column":1}},"1":{"start":{"line":14,"column":2},"end":{"line":16,"column":3}},"2":{"start":{"line":15,"column":4},"end":{"line":15,"column":15}},"3":{"start":{"line":19,"column":17},"end":{"line":19,"column":41}},"4":{"start":{"line":20,"column":2},"end":{"line":20,"column":44}},"5":{"start":{"line":23,"column":2},"end":{"line":23,"column":28}},"6":{"start":{"line":26,"column":26},"end":{"line":66,"column":1}},"7":{"start":{"line":73,"column":28},"end":{"line":77,"column":1}},"8":{"start":{"line":74,"column":2},"end":{"line":76,"column":4}},"9":{"start":{"line":75,"column":4},"end":{"line":75,"column":52}},"10":{"start":{"line":84,"column":40},"end":{"line":88,"column":1}},"11":{"start":{"line":85,"column":2},"end":{"line":87,"column":4}},"12":{"start":{"line":86,"column":4},"end":{"line":86,"column":26}}},"fnMap":{"0":{"name":"(anonymous_0)","decl":{"start":{"line":12,"column":31},"end":{"line":12,"column":32}},"loc":{"start":{"line":12,"column":40},"end":{"line":24,"column":1}},"line":12},"1":{"name":"(anonymous_1)","decl":{"start":{"line":73,"column":28},"end":{"line":73,"column":29}},"loc":{"start":{"line":73,"column":37},"end":{"line":77,"column":1}},"line":73},"2":{"name":"(anonymous_2)","decl":{"start":{"line":74,"column":43},"end":{"line":74,"column":44}},"loc":{"start":{"line":75,"column":4},"end":{"line":75,"column":52}},"line":75},"3":{"name":"(anonymous_3)","decl":{"start":{"line":84,"column":40},"end":{"line":84,"column":41}},"loc":{"start":{"line":84,"column":49},"end":{"line":88,"column":1}},"line":84},"4":{"name":"(anonymous_4)","decl":{"start":{"line":85,"column":47},"end":{"line":85,"column":48}},"loc":{"start":{"line":86,"column":4},"end":{"line":86,"column":26}},"line":86}},"branchMap":{"0":{"loc":{"start":{"line":14,"column":2},"end":{"line":16,"column":3}},"type":"if","locations":[{"start":{"line":14,"column":2},"end":{"line":16,"column":3}},{"start":{},"end":{}}],"line":14},"1":{"loc":{"start":{"line":75,"column":4},"end":{"line":75,"column":52}},"type":"binary-expr","locations":[{"start":{"line":75,"column":4},"end":{"line":75,"column":26}},{"start":{"line":75,"column":30},"end":{"line":75,"column":52}}],"line":75}},"s":{"0":0,"1":0,"2":0,"3":0,"4":0,"5":0,"6":0,"7":0,"8":0,"9":0,"10":0,"11":0,"12":0},"f":{"0":0,"1":0,"2":0,"3":0,"4":0},"b":{"0":[0,0],"1":[0,0]}}
,"D:\\goat-farm-mang-app\\frontend\\src\\config\\i18n.js": {"path":"D:\\goat-farm-mang-app\\frontend\\src\\config\\i18n.js","statementMap":{"0":{"start":{"line":16,"column":25},"end":{"line":19,"column":1}},"1":{"start":{"line":22,"column":0},"end":{"line":50,"column":5}}},"fnMap":{},"branchMap":{"0":{"loc":{"start":{"line":38,"column":16},"end":{"line":38,"column":37}},"type":"binary-expr","locations":[{"start":{"line":38,"column":16},"end":{"line":38,"column":31}},{"start":{"line":38,"column":35},"end":{"line":38,"column":37}}],"line":38},"1":{"loc":{"start":{"line":39,"column":14},"end":{"line":39,"column":31}},"type":"binary-expr","locations":[{"start":{"line":39,"column":14},"end":{"line":39,"column":25}},{"start":{"line":39,"column":29},"end":{"line":39,"column":31}}],"line":39},"2":{"loc":{"start":{"line":40,"column":17},"end":{"line":40,"column":41}},"type":"binary-expr","locations":[{"start":{"line":40,"column":17},"end":{"line":40,"column":35}},{"start":{"line":40,"column":39},"end":{"line":40,"column":41}}],"line":40},"3":{"loc":{"start":{"line":41,"column":15},"end":{"line":41,"column":35}},"type":"binary-expr","locations":[{"start":{"line":41,"column":15},"end":{"line":41,"column":29}},{"start":{"line":41,"column":33},"end":{"line":41,"column":35}}],"line":41},"4":{"loc":{"start":{"line":44,"column":16},"end":{"line":44,"column":37}},"type":"binary-expr","locations":[{"start":{"line":44,"column":16},"end":{"line":44,"column":31}},{"start":{"line":44,"column":35},"end":{"line":44,"column":37}}],"line":44},"5":{"loc":{"start":{"line":45,"column":14},"end":{"line":45,"column":31}},"type":"binary-expr","locations":[{"start":{"line":45,"column":14},"end":{"line":45,"column":25}},{"start":{"line":45,"column":29},"end":{"line":45,"column":31}}],"line":45},"6":{"loc":{"start":{"line":46,"column":17},"end":{"line":46,"column":40}},"type":"binary-expr","locations":[{"start":{"line":46,"column":17},"end":{"line":46,"column":34}},{"start":{"line":46,"column":38},"end":{"line":46,"column":40}}],"line":46},"7":{"loc":{"start":{"line":47,"column":15},"end":{"line":47,"column":34}},"type":"binary-expr","locations":[{"start":{"line":47,"column":15},"end":{"line":47,"column":28}},{"start":{"line":47,"column":32},"end":{"line":47,"column":34}}],"line":47}},"s":{"0":0,"1":0},"f":{},"b":{"0":[0,0],"1":[0,0],"2":[0,0],"3":[0,0],"4":[0,0],"5":[0,0],"6":[0,0],"7":[0,0]}}
,"D:\\goat-farm-mang-app\\frontend\\src\\hooks\\usePoultryTranslations.js": {"path":"D:\\goat-farm-mang-app\\frontend\\src\\hooks\\usePoultryTranslations.js","statementMap":{"0":{"start":{"line":4,"column":38},"end":{"line":49,"column":1}},"1":{"start":{"line":5,"column":22},"end":{"line":5,"column":59}},"2":{"start":{"line":8,"column":2},"end":{"line":24,"column":13}},"3":{"start":{"line":9,"column":4},"end":{"line":23,"column":5}},"4":{"start":{"line":10,"column":6},"end":{"line":10,"column":70}},"5":{"start":{"line":12,"column":29},"end":{"line":19,"column":7}},"6":{"start":{"line":21,"column":6},"end":{"line":21,"column":74}},"7":{"start":{"line":22,"column":6},"end":{"line":22,"column":86}},"8":{"start":{"line":27,"column":2},"end":{"line":46,"column":25}},"9":{"start":{"line":28,"column":4},"end":{"line":28,"column":46}},"10":{"start":{"line":29,"column":4},"end":{"line":29,"column":52}},"11":{"start":{"line":30,"column":4},"end":{"line":30,"column":58}},"12":{"start":{"line":32,"column":28},"end":{"line":32,"column":65}},"13":{"start":{"line":33,"column":4},"end":{"line":33,"column":54}},"14":{"start":{"line":35,"column":32},"end":{"line":35,"column":56}},"15":{"start":{"line":36,"column":4},"end":{"line":36,"column":62}},"16":{"start":{"line":38,"column":4},"end":{"line":43,"column":5}},"17":{"start":{"line":39,"column":6},"end":{"line":39,"column":81}},"18":{"start":{"line":40,"column":6},"end":{"line":42,"column":7}},"19":{"start":{"line":41,"column":8},"end":{"line":41,"column":95}},"20":{"start":{"line":45,"column":4},"end":{"line":45,"column":75}},"21":{"start":{"line":48,"column":2},"end":{"line":48,"column":21}}},"fnMap":{"0":{"name":"(anonymous_0)","decl":{"start":{"line":4,"column":38},"end":{"line":4,"column":39}},"loc":{"start":{"line":4,"column":44},"end":{"line":49,"column":1}},"line":4},"1":{"name":"(anonymous_1)","decl":{"start":{"line":8,"column":12},"end":{"line":8,"column":13}},"loc":{"start":{"line":8,"column":18},"end":{"line":24,"column":3}},"line":8},"2":{"name":"(anonymous_2)","decl":{"start":{"line":27,"column":12},"end":{"line":27,"column":13}},"loc":{"start":{"line":27,"column":18},"end":{"line":46,"column":3}},"line":27}},"branchMap":{"0":{"loc":{"start":{"line":9,"column":4},"end":{"line":23,"column":5}},"type":"if","locations":[{"start":{"line":9,"column":4},"end":{"line":23,"column":5}},{"start":{},"end":{}}],"line":9},"1":{"loc":{"start":{"line":9,"column":8},"end":{"line":9,"column":74}},"type":"binary-expr","locations":[{"start":{"line":9,"column":8},"end":{"line":9,"column":30}},{"start":{"line":9,"column":34},"end":{"line":9,"column":74}}],"line":9},"2":{"loc":{"start":{"line":38,"column":4},"end":{"line":43,"column":5}},"type":"if","locations":[{"start":{"line":38,"column":4},"end":{"line":43,"column":5}},{"start":{},"end":{}}],"line":38},"3":{"loc":{"start":{"line":40,"column":6},"end":{"line":42,"column":7}},"type":"if","locations":[{"start":{"line":40,"column":6},"end":{"line":42,"column":7}},{"start":{},"end":{}}],"line":40}},"s":{"0":0,"1":0,"2":0,"3":0,"4":0,"5":0,"6":0,"7":0,"8":0,"9":0,"10":0,"11":0,"12":0,"13":0,"14":0,"15":0,"16":0,"17":0,"18":0,"19":0,"20":0,"21":0},"f":{"0":0,"1":0,"2":0},"b":{"0":[0,0],"1":[0,0],"2":[0,0],"3":[0,0]}}
,"D:\\goat-farm-mang-app\\frontend\\src\\pages\\BreedingRecords.js": {"path":"D:\\goat-farm-mang-app\\frontend\\src\\pages\\BreedingRecords.js","statementMap":{"0":{"start":{"line":8,"column":24},"end":{"line":833,"column":1}},"1":{"start":{"line":9,"column":16},"end":{"line":9,"column":50}},"2":{"start":{"line":12,"column":23},"end":{"line":21,"column":9}},"3":{"start":{"line":12,"column":37},"end":{"line":21,"column":3}},"4":{"start":{"line":24,"column":26},"end":{"line":28,"column":9}},"5":{"start":{"line":24,"column":40},"end":{"line":28,"column":3}},"6":{"start":{"line":31,"column":30},"end":{"line":36,"column":10}},"7":{"start":{"line":31,"column":45},"end":{"line":36,"column":3}},"8":{"start":{"line":39,"column":24},"end":{"line":45,"column":9}},"9":{"start":{"line":39,"column":38},"end":{"line":45,"column":3}},"10":{"start":{"line":48,"column":32},"end":{"line":48,"column":44}},"11":{"start":{"line":49,"column":28},"end":{"line":49,"column":40}},"12":{"start":{"line":50,"column":32},"end":{"line":50,"column":46}},"13":{"start":{"line":51,"column":38},"end":{"line":51,"column":50}},"14":{"start":{"line":52,"column":38},"end":{"line":52,"column":50}},"15":{"start":{"line":53,"column":42},"end":{"line":53,"column":54}},"16":{"start":{"line":54,"column":38},"end":{"line":54,"column":50}},"17":{"start":{"line":55,"column":42},"end":{"line":55,"column":57}},"18":{"start":{"line":56,"column":48},"end":{"line":56,"column":63}},"19":{"start":{"line":57,"column":50},"end":{"line":57,"column":64}},"20":{"start":{"line":58,"column":40},"end":{"line":58,"column":51}},"21":{"start":{"line":59,"column":38},"end":{"line":59,"column":49}},"22":{"start":{"line":61,"column":26},"end":{"line":89,"column":3}},"23":{"start":{"line":91,"column":34},"end":{"line":91,"column":59}},"24":{"start":{"line":94,"column":23},"end":{"line":100,"column":10}},"25":{"start":{"line":94,"column":38},"end":{"line":100,"column":3}},"26":{"start":{"line":102,"column":25},"end":{"line":104,"column":3}},"27":{"start":{"line":103,"column":4},"end":{"line":103,"column":42}},"28":{"start":{"line":106,"column":2},"end":{"line":109,"column":70}},"29":{"start":{"line":107,"column":4},"end":{"line":107,"column":19}},"30":{"start":{"line":108,"column":4},"end":{"line":108,"column":17}},"31":{"start":{"line":111,"column":23},"end":{"line":130,"column":69}},"32":{"start":{"line":112,"column":4},"end":{"line":129,"column":5}},"33":{"start":{"line":113,"column":21},"end":{"line":120,"column":8}},"34":{"start":{"line":122,"column":23},"end":{"line":122,"column":59}},"35":{"start":{"line":123,"column":6},"end":{"line":123,"column":40}},"36":{"start":{"line":124,"column":6},"end":{"line":124,"column":57}},"37":{"start":{"line":125,"column":6},"end":{"line":125,"column":24}},"38":{"start":{"line":127,"column":6},"end":{"line":127,"column":46}},"39":{"start":{"line":128,"column":6},"end":{"line":128,"column":24}},"40":{"start":{"line":132,"column":21},"end":{"line":139,"column":8}},"41":{"start":{"line":133,"column":4},"end":{"line":138,"column":5}},"42":{"start":{"line":134,"column":23},"end":{"line":134,"column":46}},"43":{"start":{"line":135,"column":6},"end":{"line":135,"column":36}},"44":{"start":{"line":137,"column":6},"end":{"line":137,"column":48}},"45":{"start":{"line":141,"column":26},"end":{"line":161,"column":65}},"46":{"start":{"line":142,"column":4},"end":{"line":160,"column":7}},"47":{"start":{"line":143,"column":28},"end":{"line":145,"column":73}},"48":{"start":{"line":147,"column":26},"end":{"line":149,"column":34}},"49":{"start":{"line":151,"column":28},"end":{"line":152,"column":38}},"50":{"start":{"line":154,"column":26},"end":{"line":157,"column":50}},"51":{"start":{"line":159,"column":6},"end":{"line":159,"column":74}},"52":{"start":{"line":163,"column":20},"end":{"line":193,"column":8}},"53":{"start":{"line":164,"column":4},"end":{"line":192,"column":7}},"54":{"start":{"line":195,"column":23},"end":{"line":213,"column":62}},"55":{"start":{"line":196,"column":4},"end":{"line":196,"column":23}},"56":{"start":{"line":197,"column":4},"end":{"line":212,"column":5}},"57":{"start":{"line":198,"column":6},"end":{"line":204,"column":7}},"58":{"start":{"line":199,"column":8},"end":{"line":199,"column":69}},"59":{"start":{"line":200,"column":8},"end":{"line":200,"column":42}},"60":{"start":{"line":202,"column":8},"end":{"line":202,"column":50}},"61":{"start":{"line":203,"column":8},"end":{"line":203,"column":39}},"62":{"start":{"line":205,"column":6},"end":{"line":205,"column":29}},"63":{"start":{"line":206,"column":6},"end":{"line":206,"column":32}},"64":{"start":{"line":207,"column":6},"end":{"line":207,"column":18}},"65":{"start":{"line":208,"column":6},"end":{"line":208,"column":21}},"66":{"start":{"line":210,"column":6},"end":{"line":210,"column":60}},"67":{"start":{"line":211,"column":6},"end":{"line":211,"column":46}},"68":{"start":{"line":215,"column":23},"end":{"line":228,"column":41}},"69":{"start":{"line":216,"column":4},"end":{"line":216,"column":34}},"70":{"start":{"line":216,"column":27},"end":{"line":216,"column":34}},"71":{"start":{"line":218,"column":4},"e
[...]
{"start":{"line":6,"column":20},"end":{"line":6,"column":21}},"3":{"start":{"line":7,"column":23},"end":{"line":7,"column":24}},"4":{"start":{"line":8,"column":22},"end":{"line":8,"column":28}},"5":{"start":{"line":9,"column":28},"end":{"line":9,"column":33}},"6":{"start":{"line":10,"column":27},"end":{"line":10,"column":32}},"7":{"start":{"line":11,"column":20},"end":{"line":11,"column":21}},"8":{"start":{"line":14,"column":33},"end":{"line":154,"column":1}},"9":{"start":{"line":15,"column":14},"end":{"line":15,"column":24}},"10":{"start":{"line":18,"column":2},"end":{"line":22,"column":3}},"11":{"start":{"line":19,"column":29},"end":{"line":19,"column":71}},"12":{"start":{"line":20,"column":4},"end":{"line":20,"column":82}},"13":{"start":{"line":21,"column":4},"end":{"line":21,"column":17}},"14":{"start":{"line":25,"column":2},"end":{"line":28,"column":3}},"15":{"start":{"line":26,"column":4},"end":{"line":26,"column":109}},"16":{"start":{"line":27,"column":4},"end":{"line":27,"column":28}},"17":{"start":{"line":31,"column":2},"end":{"line":34,"column":3}},"18":{"start":{"line":32,"column":4},"end":{"line":32,"column":73}},"19":{"start":{"line":33,"column":4},"end":{"line":33,"column":17}},"20":{"start":{"line":36,"column":2},"end":{"line":153,"column":3}},"21":{"start":{"line":37,"column":4},"end":{"line":37,"column":45}},"22":{"start":{"line":40,"column":22},"end":{"line":40,"column":42}},"23":{"start":{"line":43,"column":24},"end":{"line":93,"column":5}},"24":{"start":{"line":45,"column":21},"end":{"line":45,"column":44}},"25":{"start":{"line":46,"column":6},"end":{"line":46,"column":48}},"26":{"start":{"line":47,"column":6},"end":{"line":92,"column":7}},"27":{"start":{"line":49,"column":23},"end":{"line":49,"column":43}},"28":{"start":{"line":50,"column":8},"end":{"line":50,"column":66}},"29":{"start":{"line":50,"column":37},"end":{"line":50,"column":64}},"30":{"start":{"line":52,"column":25},"end":{"line":63,"column":10}},"31":{"start":{"line":62,"column":38},"end":{"line":62,"column":50}},"32":{"start":{"line":65,"column":8},"end":{"line":65,"column":24}},"33":{"start":{"line":67,"column":8},"end":{"line":90,"column":9}},"34":{"start":{"line":68,"column":29},"end":{"line":68,"column":75}},"35":{"start":{"line":69,"column":10},"end":{"line":69,"column":62}},"36":{"start":{"line":71,"column":10},"end":{"line":80,"column":11}},"37":{"start":{"line":72,"column":32},"end":{"line":75,"column":13}},"38":{"start":{"line":77,"column":12},"end":{"line":77,"column":130}},"39":{"start":{"line":78,"column":12},"end":{"line":78,"column":75}},"40":{"start":{"line":78,"column":41},"end":{"line":78,"column":73}},"41":{"start":{"line":79,"column":12},"end":{"line":79,"column":49}},"42":{"start":{"line":82,"column":10},"end":{"line":82,"column":82}},"43":{"start":{"line":83,"column":15},"end":{"line":90,"column":9}},"44":{"start":{"line":84,"column":10},"end":{"line":84,"column":81}},"45":{"start":{"line":85,"column":10},"end":{"line":89,"column":11}},"46":{"start":{"line":86,"column":32},"end":{"line":86,"column":63}},"47":{"start":{"line":87,"column":12},"end":{"line":87,"column":75}},"48":{"start":{"line":87,"column":41},"end":{"line":87,"column":73}},"49":{"start":{"line":88,"column":12},"end":{"line":88,"column":49}},"50":{"start":{"line":91,"column":8},"end":{"line":91,"column":20}},"51":{"start":{"line":97,"column":4},"end":{"line":128,"column":5}},"52":{"start":{"line":99,"column":6},"end":{"line":99,"column":51}},"53":{"start":{"line":100,"column":6},"end":{"line":100,"column":47}},"54":{"start":{"line":103,"column":6},"end":{"line":108,"column":7}},"55":{"start":{"line":104,"column":8},"end":{"line":104,"column":52}},"56":{"start":{"line":106,"column":8},"end":{"line":106,"column":79}},"57":{"start":{"line":107,"column":8},"end":{"line":107,"column":23}},"58":{"start":{"line":110,"column":6},"end":{"line":110,"column":30}},"59":{"start":{"line":111,"column":6},"end":{"line":111,"column":32}},"60":{"start":{"line":112,"column":6},"end":{"line":112,"column":18}},"61":{"start":{"line":115,"column":6},"end":{"line":115,"column":84}},"62":{"start":{"line":117,"column":6},"end":{"line":127,"column":7}},"63":{"start":{"line":119,"column":25},"end":{"line":119,"column":60}},"64":{"start":{"line":120,"column":8},"end":{"line":120,"column":76}},"65":{"start":{"line":121,"column":8},"end":{"line":121,"column":32}},"66":{"start":{"line":122,"column":8},"end":{"line":122,"column":34}},"67":{"start":{"line":123,"column":8},"end":{"line":123,"column":20}},"68":{"start":{"line":125,"column":8},"end":{"line":125,"column":61}},"69":{"start":{"line":126,"column":8},"end":{"line":126,"column":20}},"70":{"start":{"line":130,"column":22},"end":{"line":135,"column":5}},"71":{"start":{"line":137,"column":4},"end":{"line":149,"column":5}},"72":{"start":{"line":138,"column":6},"end":{"line":138,"column":63}},"73":{"start":{"line":139,"column":6},"end":{"line":139,"column":33}},"74":{"start":{"line":140,"column":6},"end":{"line":140,"column":19}},"75":{"start":{"line":141,"column":11},"end":{"line":149,"column":5}},"76":{"start":{"line":142,"column":6},"end":{"line":142,"column":70}},"77":{"start":{"line":144,"column":6},"end":{"line":144,"column":30}},"78":{"start":{"line":145,"column":11},"end":{"line":149,"column":5}},"79":{"start":{"line":146,"column":6},"end":{"line":146,"column":56}},"80":{"start":{"line":148,"column":6},"end":{"line":148,"column":59}},"81":{"start":{"line":151,"column":4},"end":{"line":151,"column":29}},"82":{"start":{"line":152,"column":4},"end":{"line":152,"column":17}},"83":{"start":{"line":157,"column":0},"end":{"line":199,"column":1}},"84":{"start":{"line":159,"column":23},"end":{"line":159,"column":28}},"85":{"start":{"line":160,"column":2},"end":{"line":160,"column":69}},"86":{"start":{"line":164,"column":28},"end":{"line":174,"column":3}},"87":{"start":{"line":166,"column":4},"end":{"line":166,"column":50}},"88":{"start":{"line":166,"column":22},"end":{"line":166,"column":50}},"89":{"start":{"line":169,"column":4},"end":{"line":173,"column":22}},"90":{"start":{"line":170,"column":6},"end":{"line":172,"column":9}},"91":{"start":{"line":177,"column":2},"end":{"line":191,"column":19}},"92":{"start":{"line":178,"column":4},"end":{"line":190,"column":9}},"93":{"start":{"line":180,"column":8},"end":{"line":189,"column":9}},"94":{"start":{"line":181,"column":10},"end":{"line":181,"column":53}},"95":{"start":{"line":182,"column":10},"end":{"line":182,"column":30}},"96":{"start":{"line":184,"column":10},"end":{"line":184,"column":69}},"97":{"start":{"line":186,"column":10},"end":{"line":188,"column":21}},"98":{"start":{"line":186,"column":27},"end":{"line":188,"column":12}},"99":{"start":{"line":187,"column":12},"end":{"line":187,"column":45}},"100":{"start":{"line":187,"column":25},"end":{"line":187,"column":45}},"101":{"start":{"line":194,"column":2},"end":{"line":198,"column":3}},"102":{"start":{"line":195,"column":4},"end":{"line":197,"column":7}},"103":{"start":{"line":196,"column":6},"end":{"line":196,"column":52}},"104":{"start":{"line":196,"column":24},"end":{"line":196,"column":52}}},"fnMap":{"0":{"name":"(anonymous_0)","decl":{"start":{"line":14,"column":33},"end":{"line":14,"column":34}},"loc":{"start":{"line":14,"column":74},"end":{"line":154,"column":1}},"line":14},"1":{"name":"(anonymous_1)","decl":{"start":{"line":43,"column":24},"end":{"line":43,"column":25}},"loc":{"start":{"line":43,"column":52},"end":{"line":93,"column":5}},"line":43},"2":{"name":"(anonymous_2)","decl":{"start":{"line":50,"column":26},"end":{"line":50,"column":27}},"loc":{"start":{"line":50,"column":37},"end":{"line":50,"column":64}},"line":50},"3":{"name":"(anonymous_3)","decl":{"start":{"line":62,"column":26},"end":{"line":62,"column":27}},"loc":{"start":{"line":62,"column":38},"end":{"line":62,"column":50}},"line":62},"4":{"name":"(anonymous_4)","decl":{"start":{"line":78,"column":30},"end":{"line":78,"column":31}},"loc":{"start":{"line":78,"column":41},"end":{"line":78,"column":73}},"line":78},"5":{"name":"(anonymous_5)","decl":{"start":{"line":87,"column":30},"end":{"line":87,"column":31}},"loc":{"start":{"line":87,"column":41},"end":{"line":87,"column":73}},"line":87},"6":{"name":"(anonymous_6)","decl":{"start":{"line":164,"column":28},"end":{"line":164,"column":29}},"loc":{"start":{"line":164,"column":34},"end":{"line":174,"column":3}},"line":164},"7":{"name":"(anonymous_7)","decl":{"start":{"line":169,"column":31},"end":{"line":169,"column":32}},"loc":{"start":{"line":169,"column":37},"end":{"line":173,"column":5}},"line":169},"8":{"name":"(anonymous_8)","decl":{"start":{"line":170,"column":32},"end":{"line":170,"column":33}},"loc":{"start":{"line":170,"column":38},"end":{"line":172,"column":7}},"line":170},"9":{"name":"(anonymous_9)","decl":{"start":{"line":177,"column":13},"end":{"line":177,"column":14}},"loc":{"start":{"line":177,"column":19},"end":{"line":191,"column":3}},"line":177},"10":{"name":"(anonymous_10)","decl":{"start":{"line":179,"column":12},"end":{"line":179,"column":13}},"loc":{"start":{"line":179,"column":23},"end":{"line":190,"column":7}},"line":179},"11":{"name":"(anonymous_11)","decl":{"start":{"line":186,"column":21},"end":{"line":186,"column":22}},"loc":{"start":{"line":186,"column":27},"end":{"line":188,"column":12}},"line":186},"12":{"name":"(anonymous_12)","decl":{"start":{"line":186,"column":52},"end":{"line":186,"column":53}},"loc":{"start":{"line":186,"column":63},"end":{"line":188,"column":11}},"line":186},"13":{"name":"(anonymous_13)","decl":{"start":{"line":195,"column":44},"end":{"line":195,"column":45}},"loc":{"start":{"line":195,"column":50},"end":{"line":197,"column":5}},"line":195}},"branchMap":{"0":{"loc":{"start":{"line":14,"column":40},"end":{"line":14,"column":53}},"type":"default-arg","locations":[{"start":{"line":14,"column":48},"end":{"line":14,"column":53}}],"line":14},"1":{"loc":{"start":{"line":14,"column":55},"end":{"line":14,"column":69}},"type":"default-arg","locations":[{"start":{"line":14,"column":68},"end":{"line":14,"column":69}}],"line":14},"2":{"loc":{"start":{"line":18,"column":2},"end":{"line":22,"column":3}},"type":"if","locations":[{"start":{"line":18,"column":2},"end":{"line":22,"column":3}},{"start":{},"end":{}}],"line":18},"3":{"loc":{"start":{"line":25,"column":2},"end":{"line":28,"column":3}},"type":"if","locations":[{"start":{"line":25,"column":2},"end":{"line":28,"column":3}},{"start":{},"end":{}}],"line":25},"4":{"loc":{"start":{"line":25,"column":6},"end":{"line":25,"column":52}},"type":"binary-expr","locations":[{"start":{"line":25,"column":6},"end":{"line":25,"column":12}},{"start":{"line":25,"column":16},"end":{"line":25,"column":52}}],"line":25},"5":{"loc":{"start":{"line":31,"column":2},"end":{"line":34,"column":3}},"type":"if","locations":[{"start":{"line":31,"column":2},"end":{"line":34,"column":3}},{"start":{},"end":{}}],"line":31},"6":{"loc":{"start":{"line":31,"column":6},"end":{"line":31,"column":59}},"type":"binary-expr","locations":[{"start":{"line":31,"column":6},"end":{"line":31,"column":12}},{"start":{"line":31,"column":16},"end":{"line":31,"column":59}}],"line":31},"7":{"loc":{"start":{"line":43,"column":36},"end":{"line":43,"column":47}},"type":"default-arg","locations":[{"start":{"line":43,"column":46},"end":{"line":43,"column":47}}],"line":43},"8":{"loc":{"start":{"line":67,"column":8},"end":{"line":90,"column":9}},"type":"if","locations":[{"start":{"line":67,"column":8},"end":{"line":90,"column":9}},{"start":{"line":83,"column":15},"end":{"line":90,"column":9}}],"line":67},"9":{"loc":{"start":{"line":68,"column":29},"end":{"line":68,"column":75}},"type":"binary-expr","locations":[{"start":{"line":68,"column":29},"end":{"line":68,"column":69}},{"start":{"line":68,"column":73},"end":{"line":68,"column":75}}],"line":68},"10":{"loc":{"start":{"line":71,"column":10},"end":{"line":80,"column":11}},"type":"if","locations":[{"start":{"line":71,"column":10},"end":{"line":80,"column":11}},{"start":{},"end":{}}],"line":71},"11":{"loc":{"start":{"line":83,"column":15},"end":{"line":90,"column":9}},"type":"if","locations":[{"start":{"line":83,"column":15},"end":{"line":90,"column":9}},{"start":{},"end":{}}],"line":83},"12":{"loc":{"start":{"line":85,"column":10},"end":{"line":89,"column":11}},"type":"if","locations":[{"start":{"line":85,"column":10},"end":{"line":89,"column":11}},{"start":{},"end":{}}],"line":85},"13":{"loc":{"start":{"line":137,"column":4},"end":{"line":149,"column":5}},"type":"if","locations":[{"start":{"line":137,"column":4},"end":{"line":149,"column":5}},{"start":{"line":141,"column":11},"end":{"line":149,"column":5}}],"line":137},"14":{"loc":{"start":{"line":141,"column":11},"end":{"line":149,"column":5}},"type":"if","locations":[{"start":{"line":141,"column":11},"end":{"line":149,"column":5}},{"start":{"line":145,"column":11},"end":{"line":149,"column":5}}],"line":141},"15":{"loc":{"start":{"line":145,"column":11},"end":{"line":149,"column":5}},"type":"if","locations":[{"start":{"line":145,"column":11},"end":{"line":149,"column":5}},{"start":{"line":147,"column":11},"end":{"line":149,"column":5}}],"line":145},"16":{"loc":{"start":{"line":157,"column":0},"end":{"line":199,"column":1}},"type":"if","locations":[{"start":{"line":157,"column":0},"end":{"line":199,"column":1}},{"start":{},"end":{}}],"line":157},"17":{"loc":{"start":{"line":157,"column":4},"end":{"line":157,"column":62}},"type":"binary-expr","locations":[{"start":{"line":157,"column":4},"end":{"line":157,"column":42}},{"start":{"line":157,"column":46},"end":{"line":157,"column":62}}],"line":157},"18":{"loc":{"start":{"line":166,"column":4},"end":{"line":166,"column":50}},"type":"if","locations":[{"start":{"line":166,"column":4},"end":{"line":166,"column":50}},{"start":{},"end":{}}],"line":166},"19":{"loc":{"start":{"line":180,"column":8},"end":{"line":189,"column":9}},"type":"if","locations":[{"start":{"line":180,"column":8},"end":{"line":189,"column":9}},{"start":{"line":183,"column":15},"end":{"line":189,"column":9}}],"line":180},"20":{"loc":{"start":{"line":187,"column":12},"end":{"line":187,"column":45}},"type":"if","locations":[{"start":{"line":187,"column":12},"end":{"line":187,"column":45}},{"start":{},"end":{}}],"line":187},"21":{"loc":{"start":{"line":194,"column":2},"end":{"line":198,"column":3}},"type":"if","locations":[{"start":{"line":194,"column":2},"end":{"line":198,"column":3}},{"start":{},"end":{}}],"line":194},"22":{"loc":{"start":{"line":196,"column":6},"end":{"line":196,"column":52}},"type":"if","locations":[{"start":{"line":196,"column":6},"end":{"line":196,"column":52}},{"start":{},"end":{}}],"line":196}},"s":{"0":0,"1":0,"2":0,"3":0,"4":0,"5":0,"6":0,"7":0,"8":0,"9":0,"10":0,"11":0,"12":0,"13":0,"14":0,"15":0,"16":0,"17":0,"18":0,"19":0,"20":0,"21":0,"22":0,"23":0,"24":0,"25":0,"26":0,"27":0,"28":0,"29":0,"30":0,"31":0,"32":0,"33":0,"34":0,"35":0,"36":0,"37":0,"38":0,"39":0,"40":0,"41":0,"42":0,"43":0,"44":0,"45":0,"46":0,"47":0,"48":0,"49":0,"50":0,"51":0,"52":0,"53":0,"54":0,"55":0,"56":0,"57":0,"58":0,"59":0,"60":0,"61":0,"62":0,"63":0,"64":0,"65":0,"66":0,"67":0,"68":0,"69":0,"70":0,"71":0,"72":0,"73":0,"74":0,"75":0,"76":0,"77":0,"78":0,"79":0,"80":0,"81":0,"82":0,"83":0,"84":0,"85":0,"86":0,"87":0,"88":0,"89":0,"90":0,"91":0,"92":0,"93":0,"94":0,"95":0,"96":0,"97":0,"98":0,"99":0,"100":0,"101":0,"102":0,"103":0,"104":0},"f":{"0":0,"1":0,"2":0,"3":0,"4":0,"5":0,"6":0,"7":0,"8":0,"9":0,"10":0,"11":0,"12":0,"13":0},"b":{"0":[0],"1":[0],"2":[0,0],"3":[0,0],"4":[0,0],"5":[0,0],"6":[0,0],"7":[0],"8":[0,0],"9":[0,0],"10":[0,0],"11":[0,0],"12":[0,0],"13":[0,0],"14":[0,0],"15":[0,0],"16":[0,0],"17":[0,0],"18":[0,0],"19":[0,0],"20":[0,0],"21":[0,0],"22":[0,0]}}
,"D:\\goat-farm-mang-app\\frontend\\src\\utils\\translationUtils.js": {"path":"D:\\goat-farm-mang-app\\frontend\\src\\utils\\translationUtils.js","statementMap":{"0":{"start":{"line":10,"column":30},"end":{"line":12,"column":1}},"1":{"start":{"line":11,"column":2},"end":{"line":11,"column":35}},"2":{"start":{"line":20,"column":35},"end":{"line":26,"column":1}},"3":{"start":{"line":21,"column":2},"end":{"line":25,"column":3}},"4":{"start":{"line":22,"column":4},"end":{"line":22,"column":47}},"5":{"start":{"line":24,"column":4},"end":{"line":24,"column":88}},"6":{"start":{"line":33,"column":24},"end":{"line":48,"column":1}},"7":{"start":{"line":34,"column":2},"end":{"line":47,"column":7}},"8":{"start":{"line":55,"column":36},"end":{"line":80,"column":1}},"9":{"start":{"line":56,"column":15},"end":{"line":56,"column":24}},"10":{"start":{"line":57,"column":21},"end":{"line":57,"column":23}},"11":{"start":{"line":60,"column":4},"end":{"line":72,"column":5}},"12":{"start":{"line":61,"column":26},"end":{"line":61,"column":55}},"13":{"start":{"line":63,"column":6},"end":{"line":67,"column":7}},"14":{"start":{"line":64,"column":8},"end":{"line":64,"column":37}},"15":{"start":{"line":66,"column":8},"end":{"line":66,"column":30}},"16":{"start":{"line":69,"column":6},"end":{"line":71,"column":7}},"17":{"start":{"line":70,"column":8},"end":{"line":70,"column":40}},"18":{"start":{"line":75,"column":2},"end":{"line":75,"column":28}},"19":{"start":{"line":76,"column":2},"end":{"line":79,"column":4}}},"fnMap":{"0":{"name":"(anonymous_0)","decl":{"start":{"line":10,"column":30},"end":{"line":10,"column":31}},"loc":{"start":{"line":10,"column":53},"end":{"line":12,"column":1}},"line":10},"1":{"name":"(anonymous_1)","decl":{"start":{"line":20,"column":35},"end":{"line":20,"column":36}},"loc":{"start":{"line":20,"column":59},"end":{"line":26,"column":1}},"line":20},"2":{"name":"(anonymous_2)","decl":{"start":{"line":33,"column":24},"end":{"line":33,"column":25}},"loc":{"start":{"line":33,"column":45},"end":{"line":48,"column":1}},"line":33},"3":{"name":"(anonymous_3)","decl":{"start":{"line":55,"column":36},"end":{"line":55,"column":37}},"loc":{"start":{"line":55,"column":54},"end":{"line":80,"column":1}},"line":55},"4":{"name":"checkObject","decl":{"start":{"line":59,"column":11},"end":{"line":59,"column":22}},"loc":{"start":{"line":59,"column":39},"end":{"line":73,"column":3}},"line":59}},"branchMap":{"0":{"loc":{"start":{"line":10,"column":36},"end":{"line":10,"column":48}},"type":"default-arg","locations":[{"start":{"line":10,"column":46},"end":{"line":10,"column":48}}],"line":10},"1":{"loc":{"start":{"line":21,"column":2},"end":{"line":25,"column":3}},"type":"if","locations":[{"start":{"line":21,"column":2},"end":{"line":25,"column":3}},{"start":{"line":23,"column":9},"end":{"line":25,"column":3}}],"line":21},"2":{"loc":{"start":{"line":59,"column":28},"end":{"line":59,"column":37}},"type":"default-arg","locations":[{"start":{"line":59,"column":35},"end":{"line":59,"column":37}}],"line":59},"3":{"loc":{"start":{"line":61,"column":26},"end":{"line":61,"column":55}},"type":"cond-expr","locations":[{"start":{"line":61,"column":33},"end":{"line":61,"column":49}},{"start":{"line":61,"column":52},"end":{"line":61,"column":55}}],"line":61},"4":{"loc":{"start":{"line":63,"column":6},"end":{"line":67,"column":7}},"type":"if","locations":[{"start":{"line":63,"column":6},"end":{"line":67,"column":7}},{"start":{"line":65,"column":13},"end":{"line":67,"column":7}}],"line":63},"5":{"loc":{"start":{"line":69,"column":6},"end":{"line":71,"column":7}},"type":"if","locations":[{"start":{"line":69,"column":6},"end":{"line":71,"column":7}},{"start":{},"end":{}}],"line":69},"6":{"loc":{"start":{"line":69,"column":10},"end":{"line":69,"column":69}},"type":"binary-expr","locations":[{"start":{"line":69,"column":10},"end":{"line":69,"column":15}},{"start":{"line":69,"column":19},"end":{"line":69,"column":44}},{"start":{"line":69,"column":48},"end":{"line":69,"column":69}}],"line":69}},"s":{"0":0,"1":0,"2":0,"3":0,"4":0,"5":0,"6":0,"7":0,"8":0,"9":0,"10":0,"11":0,"12":0,"13":0,"14":0,"15":0,"16":0,"17":0,"18":0,"19":0},"f":{"0":0,"1":0,"2":0,"3":0,"4":0},"b":{"0":[0],"1":[0,0],"2":[0],"3":[0,0],"4":[0,0],"5":[0,0],"6":[0,0,0]}}
}
