TN:
SF:src\App.js
FN:67,(anonymous_0)
FN:76,App
FN:82,(anonymous_2)
FN:89,(anonymous_3)
FN:99,(anonymous_4)
FNF:5
FNH:0
FNDA:0,(anonymous_0)
FNDA:0,App
FNDA:0,(anonymous_2)
FNDA:0,(anonymous_3)
FNDA:0,(anonymous_4)
DA:67,0
DA:70,0
DA:71,0
DA:72,0
DA:77,0
DA:78,0
DA:79,0
DA:82,0
DA:83,0
DA:85,0
DA:86,0
DA:88,0
DA:89,0
DA:90,0
DA:91,0
DA:99,0
DA:100,0
DA:109,0
DA:116,0
DA:117,0
DA:120,0
DA:126,0
DA:127,0
DA:128,0
DA:137,0
LF:25
LH:0
BRDA:71,0,0,0
BRDA:71,0,1,0
BRDA:83,1,0,0
BRDA:83,1,1,0
BRDA:88,2,0,0
BRDA:88,2,1,0
BRDA:88,3,0,0
BRDA:88,3,1,0
BRDA:90,4,0,0
BRDA:90,4,1,0
BRDA:102,5,0,0
BRDA:102,5,1,0
BRDA:117,6,0,0
BRDA:117,6,1,0
BRDA:122,7,0,0
BRDA:122,7,1,0
BRDA:126,8,0,0
BRDA:126,8,1,0
BRDA:142,9,0,0
BRDA:142,9,1,0
BRDA:146,10,0,0
BRDA:146,10,1,0
BRDA:156,11,0,0
BRDA:156,11,1,0
BRDA:162,12,0,0
BRDA:162,12,1,0
BRDA:175,13,0,0
BRDA:175,13,1,0
BRDA:204,14,0,0
BRDA:204,14,1,0
BRDA:241,15,0,0
BRDA:241,15,1,0
BRF:32
BRH:0
end_of_record
TN:
SF:src\i18n.js
FN:194,(anonymous_0)
FN:202,(anonymous_1)
FN:209,(anonymous_2)
FN:214,(anonymous_3)
FN:218,(anonymous_4)
FNF:5
FNH:0
FNDA:0,(anonymous_0)
FNDA:0,(anonymous_1)
FNDA:0,(anonymous_2)
FNDA:0,(anonymous_3)
FNDA:0,(anonymous_4)
DA:16,4
DA:22,4
DA:98,4
DA:99,4
DA:102,4
DA:118,4
DA:134,4
DA:145,4
DA:194,4
DA:195,0
DA:196,0
DA:197,0
DA:198,0
DA:199,0
DA:202,4
DA:203,0
DA:204,0
DA:205,0
DA:209,4
DA:210,0
DA:214,4
DA:215,0
DA:218,4
DA:219,0
LF:24
LH:13
BRDA:24,0,0,4
BRDA:24,0,1,0
BRDA:60,1,0,4
BRDA:60,1,1,0
BRDA:105,2,0,4
BRDA:105,2,1,0
BRDA:106,3,0,4
BRDA:106,3,1,0
BRDA:107,4,0,4
BRDA:107,4,1,0
BRDA:111,5,0,4
BRDA:111,5,1,0
BRDA:112,6,0,4
BRDA:112,6,1,0
BRDA:113,7,0,4
BRDA:113,7,1,0
BRDA:120,8,0,4
BRDA:120,8,1,0
BRDA:120,9,0,4
BRDA:120,9,1,0
BRDA:121,10,0,4
BRDA:121,10,1,0
BRDA:121,11,0,4
BRDA:121,11,1,0
BRDA:122,12,0,4
BRDA:122,12,1,0
BRDA:122,13,0,4
BRDA:122,13,1,0
BRDA:123,14,0,4
BRDA:123,14,1,0
BRDA:123,15,0,4
BRDA:123,15,1,0
BRDA:126,16,0,4
BRDA:126,16,1,0
BRDA:126,17,0,4
BRDA:126,17,1,0
BRDA:127,18,0,4
BRDA:127,18,1,0
BRDA:127,19,0,4
BRDA:127,19,1,0
BRDA:128,20,0,4
BRDA:128,20,1,0
BRDA:128,21,0,4
BRDA:128,21,1,0
BRDA:129,22,0,4
BRDA:129,22,1,0
BRDA:129,23,0,4
BRDA:129,23,1,0
BRDA:179,24,0,4
BRDA:179,24,1,0
BRDA:185,25,0,4
BRDA:185,25,1,0
BRF:52
BRH:26
end_of_record
TN:
SF:src\index.js
FN:16,(anonymous_0)
FN:28,(anonymous_1)
FNF:2
FNH:0
FNDA:0,(anonymous_0)
FNDA:0,(anonymous_1)
DA:12,0
DA:13,0
DA:16,0
DA:17,0
DA:19,0
DA:28,0
DA:29,0
DA:43,0
LF:8
LH:0
BRF:0
BRH:0
end_of_record
TN:
SF:src\setupProxy.js
FN:3,(anonymous_0)
FN:26,(anonymous_1)
FN:46,(anonymous_2)
FN:62,(anonymous_3)
FNF:4
FNH:0
FNDA:0,(anonymous_0)
FNDA:0,(anonymous_1)
FNDA:0,(anonymous_2)
FNDA:0,(anonymous_3)
DA:1,0
DA:3,0
DA:4,0
DA:27,0
DA:34,0
DA:35,0
DA:36,0
DA:38,0
DA:48,0
DA:49,0
DA:53,0
DA:54,0
DA:57,0
DA:58,0
DA:59,0
DA:60,0
DA:64,0
DA:65,0
DA:69,0
DA:70,0
DA:71,0
DA:72,0
DA:75,0
DA:76,0
DA:80,0
LF:25
LH:0
BRDA:34,0,0,0
BRDA:34,0,1,0
BRDA:35,1,0,0
BRDA:35,1,1,0
BRDA:35,2,0,0
BRDA:35,2,1,0
BRDA:48,3,0,0
BRDA:48,3,1,0
BRDA:64,4,0,0
BRDA:64,4,1,0
BRF:10
BRH:0
end_of_record
TN:
SF:src\test-utils.js
FN:16,(anonymous_0)
FN:27,(anonymous_1)
FNF:2
FNH:2
FNDA:2,(anonymous_0)
FNDA:2,(anonymous_1)
DA:8,1
DA:16,1
DA:17,2
DA:27,1
DA:28,2
DA:40,1
DA:48,1
DA:63,1
DA:69,1
LF:9
LH:9
BRF:0
BRH:0
end_of_record
TN:
SF:src\components\LanguageSwitcher.js
FN:4,(anonymous_0)
FN:7,(anonymous_1)
FN:14,(anonymous_2)
FN:25,(anonymous_3)
FNF:4
FNH:0
FNDA:0,(anonymous_0)
FNDA:0,(anonymous_1)
FNDA:0,(anonymous_2)
FNDA:0,(anonymous_3)
DA:4,0
DA:5,0
DA:7,0
DA:8,0
DA:11,0
DA:14,0
DA:25,0
LF:7
LH:0
BRDA:16,0,0,0
BRDA:16,0,1,0
BRDA:27,1,0,0
BRDA:27,1,1,0
BRF:4
BRH:0
end_of_record
TN:
SF:src\components\Layout.js
FN:32,(anonymous_0)
FN:48,(anonymous_1)
FN:59,(anonymous_2)
FN:60,(anonymous_3)
FN:69,(anonymous_4)
FN:78,(anonymous_5)
FN:85,(anonymous_6)
FN:98,(anonymous_7)
FN:107,(anonymous_8)
FN:116,(anonymous_9)
FN:125,(anonymous_10)
FN:134,(anonymous_11)
FN:143,(anonymous_12)
FN:150,(anonymous_13)
FN:157,(anonymous_14)
FN:162,(anonymous_15)
FN:170,(anonymous_16)
FN:191,(anonymous_17)
FN:215,(anonymous_18)
FN:217,(anonymous_19)
FN:235,(anonymous_20)
FN:244,(anonymous_21)
FN:252,(anonymous_22)
FN:318,(anonymous_23)
FN:372,(anonymous_24)
FN:377,(anonymous_25)
FN:389,(anonymous_26)
FN:414,(anonymous_27)
FN:427,(anonymous_28)
FN:450,(anonymous_29)
FN:467,(anonymous_30)
FN:521,(anonymous_31)
FN:527,(anonymous_32)
FN:551,(anonymous_33)
FN:632,(anonymous_34)
FN:634,(anonymous_35)
FN:660,(anonymous_36)
FNF:37
FNH:0
FNDA:0,(anonymous_0)
FNDA:0,(anonymous_1)
FNDA:0,(anonymous_2)
FNDA:0,(anonymous_3)
FNDA:0,(anonymous_4)
FNDA:0,(anonymous_5)
FNDA:0,(anonymous_6)
FNDA:0,(anonymous_7)
FNDA:0,(anonymous_8)
FNDA:0,(anonymous_9)
FNDA:0,(anonymous_10)
FNDA:0,(anonymous_11)
FNDA:0,(anonymous_12)
FNDA:0,(anonymous_13)
FNDA:0,(anonymous_14)
FNDA:0,(anonymous_15)
FNDA:0,(anonymous_16)
FNDA:0,(anonymous_17)
FNDA:0,(anonymous_18)
FNDA:0,(anonymous_19)
FNDA:0,(anonymous_20)
FNDA:0,(anonymous_21)
FNDA:0,(anonymous_22)
FNDA:0,(anonymous_23)
FNDA:0,(anonymous_24)
FNDA:0,(anonymous_25)
FNDA:0,(anonymous_26)
FNDA:0,(anonymous_27)
FNDA:0,(anonymous_28)
FNDA:0,(anonymous_29)
FNDA:0,(anonymous_30)
FNDA:0,(anonymous_31)
FNDA:0,(anonymous_32)
FNDA:0,(anonymous_33)
FNDA:0,(anonymous_34)
FNDA:0,(anonymous_35)
FNDA:0,(anonymous_36)
DA:32,0
DA:33,0
DA:36,0
DA:37,0
DA:38,0
DA:39,0
DA:40,0
DA:41,0
DA:42,0
DA:43,0
DA:44,0
DA:48,0
DA:49,0
DA:59,0
DA:60,0
DA:61,0
DA:62,0
DA:63,0
DA:64,0
DA:68,0
DA:69,0
DA:73,0
DA:78,0
DA:87,0
DA:88,0
DA:90,0
DA:98,0
DA:107,0
DA:116,0
DA:125,0
DA:134,0
DA:143,0
DA:150,0
DA:157,0
DA:162,0
DA:163,0
DA:166,0
DA:167,0
DA:170,0
DA:171,0
DA:173,0
DA:174,0
DA:175,0
DA:178,0
DA:180,0
DA:191,0
DA:192,0
DA:193,0
DA:195,0
DA:198,0
DA:208,0
DA:212,0
DA:215,0
DA:216,0
DA:217,0
DA:218,0
DA:219,0
DA:221,0
DA:224,0
DA:235,0
DA:236,0
DA:238,0
DA:239,0
DA:240,0
DA:241,0
DA:244,0
DA:245,0
DA:246,0
DA:248,0
DA:252,0
DA:254,0
DA:255,0
DA:256,0
DA:257,0
DA:258,0
DA:259,0
DA:260,0
DA:261,0
DA:262,0
DA:263,0
DA:268,0
DA:269,0
DA:270,0
DA:271,0
DA:272,0
DA:273,0
DA:274,0
DA:275,0
DA:276,0
DA:277,0
DA:282,0
DA:283,0
DA:284,0
DA:285,0
DA:286,0
DA:287,0
DA:288,0
DA:289,0
DA:290,0
DA:291,0
DA:295,0
DA:299,0
DA:307,0
DA:308,0
DA:312,0
DA:318,0
DA:319,0
DA:321,0
DA:322,0
DA:323,0
DA:334,0
DA:337,0
DA:342,0
DA:343,0
DA:360,0
DA:361,0
DA:365,0
DA:372,0
DA:373,0
DA:374,0
DA:377,0
DA:378,0
DA:380,0
DA:389,0
DA:414,0
DA:427,0
DA:452,0
DA:453,0
DA:456,0
DA:457,0
DA:458,0
DA:467,0
DA:521,0
DA:527,0
DA:551,0
DA:634,0
DA:635,0
DA:638,0
DA:639,0
DA:645,0
DA:646,0
DA:652,0
DA:653,0
DA:657,0
DA:660,0
DA:661,0
DA:664,0
DA:665,0
DA:669,0
DA:672,0
DA:675,0
DA:678,0
LF:152
LH:0
BRDA:51,0,0,0
BRDA:51,0,1,0
BRDA:63,1,0,0
BRDA:63,1,1,0
BRDA:87,2,0,0
BRDA:87,2,1,0
BRDA:163,3,0,0
BRDA:163,3,1,0
BRDA:166,4,0,0
BRDA:166,4,1,0
BRDA:173,5,0,0
BRDA:173,5,1,0
BRDA:178,6,0,0
BRDA:178,6,1,0
BRDA:184,7,0,0
BRDA:184,7,1,0
BRDA:185,8,0,0
BRDA:185,8,1,0
BRDA:192,9,0,0
BRDA:192,9,1,0
BRDA:200,10,0,0
BRDA:200,10,1,0
BRDA:212,11,0,0
BRDA:212,11,1,0
BRDA:212,11,2,0
BRDA:216,12,0,0
BRDA:216,12,1,0
BRDA:218,13,0,0
BRDA:218,13,1,0
BRDA:228,14,0,0
BRDA:228,14,1,0
BRDA:228,14,2,0
BRDA:236,15,0,0
BRDA:236,15,1,0
BRDA:244,16,0,0
BRDA:245,17,0,0
BRDA:245,17,1,0
BRDA:248,18,0,0
BRDA:248,18,1,0
BRDA:248,18,2,0
BRDA:254,19,0,0
BRDA:254,19,1,0
BRDA:255,20,0,0
BRDA:255,20,1,0
BRDA:255,20,2,0
BRDA:255,20,3,0
BRDA:255,20,4,0
BRDA:255,20,5,0
BRDA:255,20,6,0
BRDA:255,20,7,0
BRDA:268,21,0,0
BRDA:268,21,1,0
BRDA:269,22,0,0
BRDA:269,22,1,0
BRDA:269,22,2,0
BRDA:269,22,3,0
BRDA:269,22,4,0
BRDA:269,22,5,0
BRDA:269,22,6,0
BRDA:269,22,7,0
BRDA:282,23,0,0
BRDA:282,23,1,0
BRDA:283,24,0,0
BRDA:283,24,1,0
BRDA:283,24,2,0
BRDA:283,24,3,0
BRDA:283,24,4,0
BRDA:283,24,5,0
BRDA:283,24,6,0
BRDA:283,24,7,0
BRDA:307,25,0,0
BRDA:307,25,1,0
BRDA:307,26,0,0
BRDA:307,26,1,0
BRDA:319,27,0,0
BRDA:319,27,1,0
BRDA:322,28,0,0
BRDA:322,28,1,0
BRDA:326,29,0,0
BRDA:326,29,1,0
BRDA:342,30,0,0
BRDA:342,30,1,0
BRDA:360,31,0,0
BRDA:360,31,1,0
BRDA:378,32,0,0
BRDA:378,32,1,0
BRDA:384,33,0,0
BRDA:384,33,1,0
BRDA:384,33,2,0
BRDA:397,34,0,0
BRDA:397,34,1,0
BRDA:398,35,0,0
BRDA:398,35,1,0
BRDA:398,36,0,0
BRDA:398,36,1,0
BRDA:404,37,0,0
BRDA:404,37,1,0
BRDA:405,38,0,0
BRDA:405,38,1,0
BRDA:408,39,0,0
BRDA:408,39,1,0
BRDA:409,40,0,0
BRDA:409,40,1,0
BRDA:417,41,0,0
BRDA:417,41,1,0
BRDA:419,42,0,0
BRDA:419,42,1,0
BRDA:429,43,0,0
BRDA:429,43,1,0
BRDA:434,44,0,0
BRDA:434,44,1,0
BRDA:435,45,0,0
BRDA:435,45,1,0
BRDA:440,46,0,0
BRDA:440,46,1,0
BRDA:440,46,2,0
BRDA:452,47,0,0
BRDA:452,47,1,0
BRDA:453,48,0,0
BRDA:453,48,1,0
BRDA:457,49,0,0
BRDA:457,49,1,0
BRDA:460,50,0,0
BRDA:460,50,1,0
BRDA:463,51,0,0
BRDA:463,51,1,0
BRDA:467,52,0,0
BRDA:467,52,1,0
BRDA:471,53,0,0
BRDA:471,53,1,0
BRDA:476,54,0,0
BRDA:476,54,1,0
BRDA:484,55,0,0
BRDA:484,55,1,0
BRDA:485,56,0,0
BRDA:485,56,1,0
BRDA:486,57,0,0
BRDA:486,57,1,0
BRDA:490,58,0,0
BRDA:490,58,1,0
BRDA:492,59,0,0
BRDA:492,59,1,0
BRDA:493,60,0,0
BRDA:493,60,1,0
BRDA:497,61,0,0
BRDA:497,61,1,0
BRDA:527,62,0,0
BRDA:527,62,1,0
BRDA:559,63,0,0
BRDA:559,63,1,0
BRDA:604,64,0,0
BRDA:604,64,1,0
BRDA:607,65,0,0
BRDA:607,65,1,0
BRDA:608,66,0,0
BRDA:608,66,1,0
BRDA:610,67,0,0
BRDA:610,67,1,0
BRDA:638,68,0,0
BRDA:638,68,1,0
BRDA:638,69,0,0
BRDA:638,69,1,0
BRDA:639,70,0,0
BRDA:639,70,1,0
BRDA:639,70,2,0
BRDA:645,71,0,0
BRDA:645,71,1,0
BRDA:645,72,0,0
BRDA:645,72,1,0
BRDA:646,73,0,0
BRDA:646,73,1,0
BRDA:646,73,2,0
BRDA:652,74,0,0
BRDA:652,74,1,0
BRDA:664,75,0,0
BRDA:664,75,1,0
BRDA:684,76,0,0
BRDA:684,76,1,0
BRDA:688,77,0,0
BRDA:688,77,1,0
BRDA:690,78,0,0
BRDA:690,78,1,0
BRDA:691,79,0,0
BRDA:691,79,1,0
BRDA:694,80,0,0
BRDA:694,80,1,0
BRF:186
BRH:0
end_of_record
TN:
SF:src\config\api.config.js
FN:12,(anonymous_0)
FN:73,(anonymous_1)
FN:74,(anonymous_2)
FN:84,(anonymous_3)
FN:85,(anonymous_4)
FNF:5
FNH:0
FNDA:0,(anonymous_0)
FNDA:0,(anonymous_1)
FNDA:0,(anonymous_2)
FNDA:0,(anonymous_3)
FNDA:0,(anonymous_4)
DA:12,0
DA:14,0
DA:15,0
DA:19,0
DA:20,0
DA:23,0
DA:26,0
DA:73,0
DA:74,0
DA:75,0
DA:84,0
DA:85,0
DA:86,0
LF:13
LH:0
BRDA:14,0,0,0
BRDA:14,0,1,0
BRDA:75,1,0,0
BRDA:75,1,1,0
BRF:4
BRH:0
end_of_record
TN:
SF:src\config\i18n.js
FNF:0
FNH:0
DA:16,0
DA:22,0
LF:2
LH:0
BRDA:38,0,0,0
BRDA:38,0,1,0
BRDA:39,1,0,0
BRDA:39,1,1,0
BRDA:40,2,0,0
BRDA:40,2,1,0
BRDA:41,3,0,0
BRDA:41,3,1,0
BRDA:44,4,0,0
BRDA:44,4,1,0
BRDA:45,5,0,0
BRDA:45,5,1,0
BRDA:46,6,0,0
BRDA:46,6,1,0
BRDA:47,7,0,0
BRDA:47,7,1,0
BRF:16
BRH:0
end_of_record
TN:
SF:src\hooks\usePoultryTranslations.js
FN:4,(anonymous_0)
FN:8,(anonymous_1)
FN:27,(anonymous_2)
FNF:3
FNH:0
FNDA:0,(anonymous_0)
FNDA:0,(anonymous_1)
FNDA:0,(anonymous_2)
DA:4,0
DA:5,0
DA:8,0
DA:9,0
DA:10,0
DA:12,0
DA:21,0
DA:22,0
DA:27,0
DA:28,0
DA:29,0
DA:30,0
DA:32,0
DA:33,0
DA:35,0
DA:36,0
DA:38,0
DA:39,0
DA:40,0
DA:41,0
DA:45,0
DA:48,0
LF:22
LH:0
BRDA:9,0,0,0
BRDA:9,0,1,0
BRDA:9,1,0,0
BRDA:9,1,1,0
BRDA:38,2,0,0
BRDA:38,2,1,0
BRDA:40,3,0,0
BRDA:40,3,1,0
BRF:8
BRH:0
end_of_record
TN:
SF:src\pages\BreedingRecords.js
FN:8,(anonymous_0)
FN:12,(anonymous_1)
FN:24,(anonymous_2)
FN:31,(anonymous_3)
FN:39,(anonymous_4)
FN:94,(anonymous_5)
FN:102,(anonymous_6)
FN:106,(anonymous_7)
FN:111,(anonymous_8)
FN:132,(anonymous_9)
FN:141,(anonymous_10)
FN:142,(anonymous_11)
FN:163,(anonymous_12)
FN:195,(anonymous_13)
FN:215,(anonymous_14)
FN:230,(anonymous_15)
FN:245,(anonymous_16)
FN:256,(anonymous_17)
FN:263,(anonymous_18)
FN:264,(anonymous_19)
FN:268,(anonymous_20)
FN:269,(anonymous_21)
FN:287,(anonymous_22)
FN:310,(anonymous_23)
FN:319,(anonymous_24)
FN:323,(anonymous_25)
FN:332,(anonymous_26)
FN:336,(anonymous_27)
FN:348,(anonymous_28)
FN:361,(anonymous_29)
FN:369,(anonymous_30)
FN:412,(anonymous_31)
FN:419,(anonymous_32)
FN:441,(anonymous_33)
FN:448,(anonymous_34)
FN:463,(anonymous_35)
FN:463,(anonymous_36)
FN:466,(anonymous_37)
FN:496,(anonymous_38)
FN:501,(anonymous_39)
FN:512,(anonymous_40)
FN:517,(anonymous_41)
FN:529,(anonymous_42)
FN:539,(anonymous_43)
FN:548,(anonymous_44)
FN:551,(anonymous_45)
FN:563,(anonymous_46)
FN:576,(anonymous_47)
FN:584,(anonymous_48)
FN:587,(anonymous_49)
FN:597,(anonymous_50)
FN:601,(anonymous_51)
FN:613,(anonymous_52)
FN:625,(anonymous_53)
FN:636,(anonymous_54)
FN:646,(anonymous_55)
FN:661,(anonymous_56)
FN:673,(anonymous_57)
FN:685,(anonymous_58)
FN:699,(anonymous_59)
FN:708,(anonymous_60)
FN:720,(anonymous_61)
FN:733,(anonymous_62)
FN:743,(anonymous_63)
FN:755,(anonymous_64)
FN:766,(anonymous_65)
FN:777,(anonymous_66)
FN:785,(anonymous_67)
FN:821,(anonymous_68)
FNF:69
FNH:0
FNDA:0,(anonymous_0)
FNDA:0,(anonymous_1)
FNDA:0,(anonymous_2)
FNDA:0,(anonymous_3)
FNDA:0,(anonymous_4)
FNDA:0,(anonymous_5)
FNDA:0,(anonymous_6)
FNDA:0,(anonymous_7)
FNDA:0,(anonymous_8)
FNDA:0,(anonymous_9)
FNDA:0,(anonymous_10)
FNDA:0,(anonymous_11)
FNDA:0,(anonymous_12)
FNDA:0,(anonymous_13)
FNDA:0,(anonymous_14)
FNDA:0,(anonymous_15)
FNDA:0,(anonymous_16)
FNDA:0,(anonymous_17)
FNDA:0,(anonymous_18)
FNDA:0,(anonymous_19)
FNDA:0,(anonymous_20)
FNDA:0,(anonymous_21)
FNDA:0,(anonymous_22)
FNDA:0,(anonymous_23)
FNDA:0,(anonymous_24)
FNDA:0,(anonymous_25)
FNDA:0,(anonymous_26)
FNDA:0,(anonymous_27)
FNDA:0,(anonymous_28)
FNDA:0,(anonymous_29)
FNDA:0,(anonymous_30)
FNDA:0,(anonymous_31)
FNDA:0,(anonymous_32)
FNDA:0,(anonymous_33)
FNDA:0,(anonymous_34)
FNDA:0,(anonymous_35)
FNDA:0,(anonymous_36)
FNDA:0,(anonymous_37)
FNDA:0,(anonymous_38)
FNDA:0,(anonymous_39)
FNDA:0,(anonymous_40)
FNDA:0,(anonymous_41)
FNDA:0,(anonymous_42)
FNDA:0,(anonymous_43)
FNDA:0,(anonymous_44)
FNDA:0,(anonymous_45)
FNDA:0,(anonymous_46)
FNDA:0,(anonymous_47)
FNDA:0,(anonymous_48)
FNDA:0,(anonymous_49)
FNDA:0,(anonymous_50)
FNDA:0,(anonymous_51)
FNDA:0,(anonymous_52)
FNDA:0,(anonymous_53)
FNDA:0,(anonymous_54)
FNDA:0,(anonymous_55)
FNDA:0,(anonymous_56)
FNDA:0,(anonymous_57)
FNDA:0,(anonymous_58)
FNDA:0,(anonymous_59)
FNDA:0,(anonymous_60)
FNDA:0,(anonymous_61)
FNDA:0,(anonymous_62)
FNDA:0,(anonymous_63)
FNDA:0,(anonymous_64)
FNDA:0,(anonymous_65)
FNDA:0,(anonymous_66)
FNDA:0,(anonymous_67)
FNDA:0,(anonymous_68)
DA:8,0
DA:9,0
DA:12,0
DA:24,0
DA:31,0
DA:39,0
DA:48,0
DA:49,0
DA:50,0
DA:51,0
DA:52,0
DA:53,0
DA:54,0
DA:55,0
DA:56,0
DA:57,0
DA:58,0
DA:59,0
DA:61,0
DA:91,0
DA:94,0
DA:102,0
DA:103,0
DA:106,0
DA:107,0
DA:108,0
DA:111,0
DA:112,0
DA:113,0
DA:122,0
DA:123,0
DA:124,0
DA:125,0
DA:127,0
DA:128,0
DA:132,0
DA:133,0
DA:134,0
DA:135,0
DA:137,0
DA:141,0
DA:142,0
DA:143,0
DA:147,0
DA:151,0
DA:154,0
DA:159,0
DA:163,0
DA:164,0
DA:195,0
DA:196,0
DA:197,0
DA:198,0
DA:199,0
DA:200,0
DA:202,0
DA:203,0
DA:205,0
DA:206,0
DA:207,0
DA:208,0
DA:210,0
DA:211,0
DA:215,0
DA:216,0
DA:218,0
DA:219,0
DA:220,0
DA:221,0
DA:222,0
DA:223,0
DA:225,0
DA:226,0
DA:230,0
DA:231,0
DA:241,0
DA:242,0
DA:245,0
DA:246,0
DA:253,0
DA:256,0
DA:257,0
DA:258,0
DA:263,0
DA:264,0
DA:268,0
DA:269,0
DA:273,0
DA:274,0
DA:282,0
DA:288,0
DA:289,0
DA:310,0
DA:319,0
DA:324,0
DA:332,0
DA:337,0
DA:348,0
DA:362,0
DA:370,0
DA:412,0
DA:420,0
DA:421,0
DA:441,0
DA:448,0
DA:463,0
DA:464,0
DA:466,0
DA:496,0
DA:502,0
DA:512,0
DA:518,0
DA:529,0
DA:539,0
DA:548,0
DA:552,0
DA:563,0
DA:576,0
DA:584,0
DA:588,0
DA:597,0
DA:602,0
DA:613,0
DA:625,0
DA:636,0
DA:646,0
DA:661,0
DA:673,0
DA:685,0
DA:699,0
DA:708,0
DA:720,0
DA:733,0
DA:743,0
DA:755,0
DA:766,0
DA:777,0
DA:785,0
DA:821,0
DA:835,0
LF:140
LH:0
BRDA:103,0,0,0
BRDA:103,0,1,0
BRDA:116,1,0,0
BRDA:116,1,1,0
BRDA:117,2,0,0
BRDA:117,2,1,0
BRDA:118,3,0,0
BRDA:118,3,1,0
BRDA:119,4,0,0
BRDA:119,4,1,0
BRDA:143,5,0,0
BRDA:143,5,1,0
BRDA:143,5,2,0
BRDA:147,6,0,0
BRDA:147,6,1,0
BRDA:147,6,2,0
BRDA:151,7,0,0
BRDA:151,7,1,0
BRDA:154,8,0,0
BRDA:154,8,1,0
BRDA:154,8,2,0
BRDA:154,8,3,0
BRDA:159,9,0,0
BRDA:159,9,1,0
BRDA:159,9,2,0
BRDA:159,9,3,0
BRDA:198,10,0,0
BRDA:198,10,1,0
BRDA:216,11,0,0
BRDA:216,11,1,0
BRDA:234,12,0,0
BRDA:234,12,1,0
BRDA:235,13,0,0
BRDA:235,13,1,0
BRDA:236,14,0,0
BRDA:236,14,1,0
BRDA:237,15,0,0
BRDA:237,15,1,0
BRDA:238,16,0,0
BRDA:238,16,1,0
BRDA:239,17,0,0
BRDA:239,17,1,0
BRDA:253,18,0,0
BRDA:253,18,1,0
BRDA:257,19,0,0
BRDA:257,19,1,0
BRDA:273,20,0,0
BRDA:273,20,1,0
BRDA:374,21,0,0
BRDA:374,21,1,0
BRDA:374,21,2,0
BRDA:381,22,0,0
BRDA:381,22,1,0
BRDA:381,22,2,0
BRDA:385,23,0,0
BRDA:385,23,1,0
BRDA:386,24,0,0
BRDA:386,24,1,0
BRDA:389,25,0,0
BRDA:389,25,1,0
BRDA:392,26,0,0
BRDA:392,26,1,0
BRDA:394,27,0,0
BRDA:394,27,1,0
BRDA:397,28,0,0
BRDA:397,28,1,0
BRDA:399,29,0,0
BRDA:399,29,1,0
BRDA:401,30,0,0
BRDA:401,30,1,0
BRDA:437,31,0,0
BRDA:437,31,1,0
BRDA:468,32,0,0
BRDA:468,32,1,0
BRDA:484,33,0,0
BRDA:484,33,1,0
BRDA:489,34,0,0
BRDA:489,34,1,0
BRDA:791,35,0,0
BRDA:791,35,1,0
BRDA:801,36,0,0
BRDA:801,36,1,0
BRF:82
BRH:0
end_of_record
TN:
SF:src\pages\Dashboard.js
FN:9,(anonymous_0)
FN:15,(anonymous_1)
FNF:2
FNH:0
FNDA:0,(anonymous_0)
FNDA:0,(anonymous_1)
DA:9,0
DA:10,0
DA:11,0
DA:12,0
DA:15,0
DA:16,0
DA:17,0
DA:22,0
DA:24,0
DA:26,0
DA:29,0
LF:11
LH:0
BRDA:16,0,0,0
BRDA:16,0,1,0
BRDA:22,1,0,0
BRDA:22,1,1,0
BRDA:22,1,2,0
BRDA:22,1,3,0
BRF:6
BRH:0
end_of_record
TN:
SF:src\pages\FeedRecords.js
FN:7,(anonymous_0)
FN:66,(anonymous_1)
FN:71,(anonymous_2)
FN:92,(anonymous_3)
FN:102,(anonymous_4)
FN:104,(anonymous_5)
FN:110,(anonymous_6)
FN:132,(anonymous_7)
FN:143,(anonymous_8)
FN:166,(anonymous_9)
FN:183,(anonymous_10)
FN:197,(anonymous_11)
FN:203,(anonymous_12)
FN:204,(anonymous_13)
FN:224,(anonymous_14)
FN:268,(anonymous_15)
FN:290,(anonymous_16)
FN:299,(anonymous_17)
FN:303,(anonymous_18)
FN:312,(anonymous_19)
FN:316,(anonymous_20)
FN:326,(anonymous_21)
FN:350,(anonymous_22)
FN:371,(anonymous_23)
FN:384,(anonymous_24)
FN:393,(anonymous_25)
FN:400,(anonymous_26)
FN:422,(anonymous_27)
FN:429,(anonymous_28)
FN:445,(anonymous_29)
FN:445,(anonymous_30)
FN:448,(anonymous_31)
FN:478,(anonymous_32)
FN:482,(anonymous_33)
FN:494,(anonymous_34)
FN:502,(anonymous_35)
FN:528,(anonymous_36)
FNF:37
FNH:0
FNDA:0,(anonymous_0)
FNDA:0,(anonymous_1)
FNDA:0,(anonymous_2)
FNDA:0,(anonymous_3)
FNDA:0,(anonymous_4)
FNDA:0,(anonymous_5)
FNDA:0,(anonymous_6)
FNDA:0,(anonymous_7)
FNDA:0,(anonymous_8)
FNDA:0,(anonymous_9)
FNDA:0,(anonymous_10)
FNDA:0,(anonymous_11)
FNDA:0,(anonymous_12)
FNDA:0,(anonymous_13)
FNDA:0,(anonymous_14)
FNDA:0,(anonymous_15)
FNDA:0,(anonymous_16)
FNDA:0,(anonymous_17)
FNDA:0,(anonymous_18)
FNDA:0,(anonymous_19)
FNDA:0,(anonymous_20)
FNDA:0,(anonymous_21)
FNDA:0,(anonymous_22)
FNDA:0,(anonymous_23)
FNDA:0,(anonymous_24)
FNDA:0,(anonymous_25)
FNDA:0,(anonymous_26)
FNDA:0,(anonymous_27)
FNDA:0,(anonymous_28)
FNDA:0,(anonymous_29)
FNDA:0,(anonymous_30)
FNDA:0,(anonymous_31)
FNDA:0,(anonymous_32)
FNDA:0,(anonymous_33)
FNDA:0,(anonymous_34)
FNDA:0,(anonymous_35)
FNDA:0,(anonymous_36)
DA:7,0
DA:8,0
DA:9,0
DA:10,0
DA:11,0
DA:12,0
DA:13,0
DA:14,0
DA:15,0
DA:16,0
DA:17,0
DA:18,0
DA:19,0
DA:20,0
DA:21,0
DA:23,0
DA:38,0
DA:49,0
DA:58,0
DA:66,0
DA:67,0
DA:68,0
DA:71,0
DA:72,0
DA:73,0
DA:82,0
DA:83,0
DA:84,0
DA:85,0
DA:87,0
DA:88,0
DA:92,0
DA:93,0
DA:94,0
DA:95,0
DA:97,0
DA:102,0
DA:103,0
DA:104,0
DA:110,0
DA:111,0
DA:112,0
DA:114,0
DA:115,0
DA:116,0
DA:118,0
DA:119,0
DA:121,0
DA:122,0
DA:123,0
DA:125,0
DA:132,0
DA:133,0
DA:134,0
DA:135,0
DA:136,0
DA:137,0
DA:139,0
DA:143,0
DA:144,0
DA:147,0
DA:162,0
DA:163,0
DA:166,0
DA:167,0
DA:183,0
DA:184,0
DA:185,0
DA:186,0
DA:187,0
DA:188,0
DA:189,0
DA:190,0
DA:191,0
DA:192,0
DA:193,0
DA:197,0
DA:198,0
DA:199,0
DA:200,0
DA:203,0
DA:204,0
DA:207,0
DA:208,0
DA:215,0
DA:225,0
DA:226,0
DA:227,0
DA:269,0
DA:270,0
DA:271,0
DA:290,0
DA:299,0
DA:304,0
DA:312,0
DA:317,0
DA:326,0
DA:351,0
DA:371,0
DA:384,0
DA:393,0
DA:401,0
DA:402,0
DA:422,0
DA:429,0
DA:445,0
DA:446,0
DA:448,0
DA:478,0
DA:483,0
DA:494,0
DA:502,0
DA:528,0
LF:113
LH:0
BRDA:76,0,0,0
BRDA:76,0,1,0
BRDA:77,1,0,0
BRDA:77,1,1,0
BRDA:78,2,0,0
BRDA:78,2,1,0
BRDA:79,3,0,0
BRDA:79,3,1,0
BRDA:114,4,0,0
BRDA:114,4,1,0
BRDA:126,5,0,0
BRDA:126,5,1,0
BRDA:127,6,0,0
BRDA:127,6,1,0
BRDA:148,7,0,0
BRDA:148,7,1,0
BRDA:148,7,2,0
BRDA:149,8,0,0
BRDA:149,8,1,0
BRDA:150,9,0,0
BRDA:150,9,1,0
BRDA:150,10,0,0
BRDA:150,10,1,0
BRDA:151,11,0,0
BRDA:151,11,1,0
BRDA:151,11,2,0
BRDA:152,12,0,0
BRDA:152,12,1,0
BRDA:153,13,0,0
BRDA:153,13,1,0
BRDA:153,13,2,0
BRDA:154,14,0,0
BRDA:154,14,1,0
BRDA:155,15,0,0
BRDA:155,15,1,0
BRDA:156,16,0,0
BRDA:156,16,1,0
BRDA:157,17,0,0
BRDA:157,17,1,0
BRDA:157,17,2,0
BRDA:158,18,0,0
BRDA:158,18,1,0
BRDA:159,19,0,0
BRDA:159,19,1,0
BRDA:184,20,0,0
BRDA:184,20,1,0
BRDA:185,21,0,0
BRDA:185,21,1,0
BRDA:185,21,2,0
BRDA:185,21,3,0
BRDA:185,21,4,0
BRDA:185,21,5,0
BRDA:185,21,6,0
BRDA:185,21,7,0
BRDA:198,22,0,0
BRDA:198,22,1,0
BRDA:204,23,0,0
BRDA:204,23,1,0
BRDA:207,24,0,0
BRDA:207,24,1,0
BRDA:353,25,0,0
BRDA:353,25,1,0
BRDA:369,26,0,0
BRDA:369,26,1,0
BRDA:370,27,0,0
BRDA:370,27,1,0
BRDA:371,28,0,0
BRDA:371,28,1,0
BRDA:371,28,2,0
BRDA:375,29,0,0
BRDA:375,29,1,0
BRDA:378,30,0,0
BRDA:378,30,1,0
BRDA:381,31,0,0
BRDA:381,31,1,0
BRDA:382,32,0,0
BRDA:382,32,1,0
BRDA:384,33,0,0
BRDA:384,33,1,0
BRDA:388,34,0,0
BRDA:388,34,1,0
BRDA:418,35,0,0
BRDA:418,35,1,0
BRDA:450,36,0,0
BRDA:450,36,1,0
BRDA:466,37,0,0
BRDA:466,37,1,0
BRDA:471,38,0,0
BRDA:471,38,1,0
BRDA:508,39,0,0
BRDA:508,39,1,0
BRDA:518,40,0,0
BRDA:518,40,1,0
BRF:93
BRH:0
end_of_record
TN:
SF:src\pages\GoatDetail.js
FN:9,(anonymous_0)
FN:25,(anonymous_1)
FN:29,(anonymous_2)
FN:43,(anonymous_3)
FN:59,(anonymous_4)
FN:69,(anonymous_5)
FN:98,(anonymous_6)
FN:110,(anonymous_7)
FN:113,(anonymous_8)
FN:123,(anonymous_9)
FN:127,(anonymous_10)
FN:137,(anonymous_11)
FN:142,(anonymous_12)
FN:252,(anonymous_13)
FN:371,(anonymous_14)
FN:372,(anonymous_15)
FN:373,(anonymous_16)
FN:384,(anonymous_17)
FN:384,(anonymous_18)
FN:397,(anonymous_19)
FN:401,(anonymous_20)
FN:405,(anonymous_21)
FN:413,(anonymous_22)
FN:444,(anonymous_23)
FN:476,(anonymous_24)
FN:516,(anonymous_25)
FNF:26
FNH:0
FNDA:0,(anonymous_0)
FNDA:0,(anonymous_1)
FNDA:0,(anonymous_2)
FNDA:0,(anonymous_3)
FNDA:0,(anonymous_4)
FNDA:0,(anonymous_5)
FNDA:0,(anonymous_6)
FNDA:0,(anonymous_7)
FNDA:0,(anonymous_8)
FNDA:0,(anonymous_9)
FNDA:0,(anonymous_10)
FNDA:0,(anonymous_11)
FNDA:0,(anonymous_12)
FNDA:0,(anonymous_13)
FNDA:0,(anonymous_14)
FNDA:0,(anonymous_15)
FNDA:0,(anonymous_16)
FNDA:0,(anonymous_17)
FNDA:0,(anonymous_18)
FNDA:0,(anonymous_19)
FNDA:0,(anonymous_20)
FNDA:0,(anonymous_21)
FNDA:0,(anonymous_22)
FNDA:0,(anonymous_23)
FNDA:0,(anonymous_24)
FNDA:0,(anonymous_25)
DA:9,0
DA:10,0
DA:11,0
DA:12,0
DA:13,0
DA:14,0
DA:15,0
DA:16,0
DA:17,0
DA:18,0
DA:19,0
DA:20,0
DA:21,0
DA:22,0
DA:23,0
DA:25,0
DA:26,0
DA:29,0
DA:30,0
DA:31,0
DA:39,0
DA:40,0
DA:41,0
DA:42,0
DA:43,0
DA:48,0
DA:50,0
DA:51,0
DA:52,0
DA:54,0
DA:55,0
DA:59,0
DA:60,0
DA:61,0
DA:62,0
DA:63,0
DA:66,0
DA:67,0
DA:68,0
DA:69,0
DA:70,0
DA:71,0
DA:72,0
DA:74,0
DA:75,0
DA:76,0
DA:79,0
DA:80,0
DA:81,0
DA:87,0
DA:88,0
DA:89,0
DA:91,0
DA:93,0
DA:98,0
DA:99,0
DA:100,0
DA:101,0
DA:103,0
DA:104,0
DA:105,0
DA:107,0
DA:108,0
DA:109,0
DA:110,0
DA:113,0
DA:114,0
DA:120,0
DA:123,0
DA:124,0
DA:127,0
DA:128,0
DA:134,0
DA:137,0
DA:138,0
DA:139,0
DA:142,0
DA:143,0
DA:144,0
DA:145,0
DA:148,0
DA:149,0
DA:159,0
DA:160,0
DA:171,0
DA:253,0
DA:254,0
DA:371,0
DA:372,0
DA:373,0
DA:384,0
DA:397,0
DA:401,0
DA:405,0
DA:413,0
DA:445,0
DA:477,0
DA:517,0
LF:98
LH:0
BRDA:40,0,0,0
BRDA:40,0,1,0
BRDA:41,1,0,0
BRDA:41,1,1,0
BRDA:42,2,0,0
BRDA:42,2,1,0
BRDA:43,3,0,0
BRDA:43,3,1,0
BRDA:51,4,0,0
BRDA:51,4,1,0
BRDA:61,5,0,0
BRDA:61,5,1,0
BRDA:66,6,0,0
BRDA:66,6,1,0
BRDA:74,7,0,0
BRDA:74,7,1,0
BRDA:82,8,0,0
BRDA:82,8,1,0
BRDA:99,9,0,0
BRDA:99,9,1,0
BRDA:99,10,0,0
BRDA:99,10,1,0
BRDA:103,11,0,0
BRDA:103,11,1,0
BRDA:107,12,0,0
BRDA:107,12,1,0
BRDA:120,13,0,0
BRDA:120,13,1,0
BRDA:124,14,0,0
BRDA:124,14,1,0
BRDA:134,15,0,0
BRDA:134,15,1,0
BRDA:138,16,0,0
BRDA:138,16,1,0
BRDA:143,17,0,0
BRDA:143,17,1,0
BRDA:148,18,0,0
BRDA:148,18,1,0
BRDA:159,19,0,0
BRDA:159,19,1,0
BRDA:211,20,0,0
BRDA:211,20,1,0
BRDA:211,20,2,0
BRDA:223,21,0,0
BRDA:223,21,1,0
BRDA:258,22,0,0
BRDA:258,22,1,0
BRDA:273,23,0,0
BRDA:273,23,1,0
BRDA:303,24,0,0
BRDA:303,24,1,0
BRDA:303,24,2,0
BRDA:313,25,0,0
BRDA:313,25,1,0
BRDA:323,26,0,0
BRDA:323,26,1,0
BRDA:324,27,0,0
BRDA:324,27,1,0
BRDA:329,28,0,0
BRDA:329,28,1,0
BRDA:330,29,0,0
BRDA:330,29,1,0
BRDA:349,30,0,0
BRDA:349,30,1,0
BRDA:360,31,0,0
BRDA:360,31,1,0
BRDA:365,32,0,0
BRDA:365,32,1,0
BRDA:371,33,0,0
BRDA:371,33,1,0
BRDA:372,34,0,0
BRDA:372,34,1,0
BRDA:373,35,0,0
BRDA:373,35,1,0
BRDA:375,36,0,0
BRDA:375,36,1,0
BRDA:416,37,0,0
BRDA:416,37,1,0
BRDA:422,38,0,0
BRDA:422,38,1,0
BRDA:432,39,0,0
BRDA:432,39,1,0
BRDA:440,40,0,0
BRDA:440,40,1,0
BRDA:451,41,0,0
BRDA:451,41,1,0
BRDA:464,42,0,0
BRDA:464,42,1,0
BRDA:472,43,0,0
BRDA:472,43,1,0
BRDA:487,44,0,0
BRDA:487,44,1,0
BRDA:504,45,0,0
BRDA:504,45,1,0
BRDA:512,46,0,0
BRDA:512,46,1,0
BRDA:527,47,0,0
BRDA:527,47,1,0
BRF:98
BRH:0
end_of_record
TN:
SF:src\pages\Goats.js
FN:10,(anonymous_0)
FN:14,(anonymous_1)
FN:15,(anonymous_2)
FN:16,(anonymous_3)
FN:22,(anonymous_4)
FN:75,(anonymous_5)
FN:80,(anonymous_6)
FN:86,(anonymous_7)
FN:92,(anonymous_8)
FN:102,(anonymous_9)
FN:123,(anonymous_10)
FN:127,(anonymous_11)
FN:133,(anonymous_12)
FN:136,(anonymous_13)
FN:154,(anonymous_14)
FN:197,(anonymous_15)
FN:200,(anonymous_16)
FN:203,(anonymous_17)
FN:236,(anonymous_18)
FN:244,(anonymous_19)
FN:244,(anonymous_20)
FN:251,(anonymous_21)
FN:257,(anonymous_22)
FN:262,(anonymous_23)
FN:279,(anonymous_24)
FN:281,(anonymous_25)
FN:287,(anonymous_26)
FN:289,(anonymous_27)
FN:291,(anonymous_28)
FN:291,(anonymous_29)
FN:295,(anonymous_30)
FN:316,(anonymous_31)
FN:345,(anonymous_32)
FN:355,(anonymous_33)
FN:360,(anonymous_34)
FN:365,(anonymous_35)
FN:381,(anonymous_36)
FN:409,(anonymous_37)
FN:423,(anonymous_38)
FN:431,(anonymous_39)
FN:456,(anonymous_40)
FN:474,(anonymous_41)
FN:497,(anonymous_42)
FN:501,(anonymous_43)
FN:514,(anonymous_44)
FN:519,(anonymous_45)
FN:542,(anonymous_46)
FN:556,(anonymous_47)
FN:581,(anonymous_48)
FN:610,(anonymous_49)
FN:635,(anonymous_50)
FN:637,(anonymous_51)
FN:672,(anonymous_52)
FN:679,(anonymous_53)
FN:683,(anonymous_54)
FN:731,(anonymous_55)
FN:740,(anonymous_56)
FN:743,(anonymous_57)
FN:743,(anonymous_58)
FN:768,(anonymous_59)
FN:775,(anonymous_60)
FN:790,(anonymous_61)
FN:790,(anonymous_62)
FN:793,(anonymous_63)
FN:825,(anonymous_64)
FN:835,(anonymous_65)
FN:846,(anonymous_66)
FN:851,(anonymous_67)
FN:862,(anonymous_68)
FN:878,(anonymous_69)
FN:888,(anonymous_70)
FN:903,(anonymous_71)
FN:918,(anonymous_72)
FN:927,(anonymous_73)
FN:935,(anonymous_74)
FN:965,(anonymous_75)
FNF:76
FNH:0
FNDA:0,(anonymous_0)
FNDA:0,(anonymous_1)
FNDA:0,(anonymous_2)
FNDA:0,(anonymous_3)
FNDA:0,(anonymous_4)
FNDA:0,(anonymous_5)
FNDA:0,(anonymous_6)
FNDA:0,(anonymous_7)
FNDA:0,(anonymous_8)
FNDA:0,(anonymous_9)
FNDA:0,(anonymous_10)
FNDA:0,(anonymous_11)
FNDA:0,(anonymous_12)
FNDA:0,(anonymous_13)
FNDA:0,(anonymous_14)
FNDA:0,(anonymous_15)
FNDA:0,(anonymous_16)
FNDA:0,(anonymous_17)
FNDA:0,(anonymous_18)
FNDA:0,(anonymous_19)
FNDA:0,(anonymous_20)
FNDA:0,(anonymous_21)
FNDA:0,(anonymous_22)
FNDA:0,(anonymous_23)
FNDA:0,(anonymous_24)
FNDA:0,(anonymous_25)
FNDA:0,(anonymous_26)
FNDA:0,(anonymous_27)
FNDA:0,(anonymous_28)
FNDA:0,(anonymous_29)
FNDA:0,(anonymous_30)
FNDA:0,(anonymous_31)
FNDA:0,(anonymous_32)
FNDA:0,(anonymous_33)
FNDA:0,(anonymous_34)
FNDA:0,(anonymous_35)
FNDA:0,(anonymous_36)
FNDA:0,(anonymous_37)
FNDA:0,(anonymous_38)
FNDA:0,(anonymous_39)
FNDA:0,(anonymous_40)
FNDA:0,(anonymous_41)
FNDA:0,(anonymous_42)
FNDA:0,(anonymous_43)
FNDA:0,(anonymous_44)
FNDA:0,(anonymous_45)
FNDA:0,(anonymous_46)
FNDA:0,(anonymous_47)
FNDA:0,(anonymous_48)
FNDA:0,(anonymous_49)
FNDA:0,(anonymous_50)
FNDA:0,(anonymous_51)
FNDA:0,(anonymous_52)
FNDA:0,(anonymous_53)
FNDA:0,(anonymous_54)
FNDA:0,(anonymous_55)
FNDA:0,(anonymous_56)
FNDA:0,(anonymous_57)
FNDA:0,(anonymous_58)
FNDA:0,(anonymous_59)
FNDA:0,(anonymous_60)
FNDA:0,(anonymous_61)
FNDA:0,(anonymous_62)
FNDA:0,(anonymous_63)
FNDA:0,(anonymous_64)
FNDA:0,(anonymous_65)
FNDA:0,(anonymous_66)
FNDA:0,(anonymous_67)
FNDA:0,(anonymous_68)
FNDA:0,(anonymous_69)
FNDA:0,(anonymous_70)
FNDA:0,(anonymous_71)
FNDA:0,(anonymous_72)
FNDA:0,(anonymous_73)
FNDA:0,(anonymous_74)
FNDA:0,(anonymous_75)
DA:10,0
DA:11,0
DA:12,0
DA:14,0
DA:15,0
DA:16,0
DA:19,0
DA:22,0
DA:23,0
DA:24,0
DA:25,0
DA:26,0
DA:27,0
DA:28,0
DA:29,0
DA:30,0
DA:31,0
DA:32,0
DA:33,0
DA:34,0
DA:35,0
DA:36,0
DA:37,0
DA:38,0
DA:39,0
DA:40,0
DA:41,0
DA:42,0
DA:43,0
DA:44,0
DA:45,0
DA:46,0
DA:75,0
DA:76,0
DA:80,0
DA:81,0
DA:82,0
DA:83,0
DA:86,0
DA:92,0
DA:93,0
DA:98,0
DA:99,0
DA:102,0
DA:103,0
DA:106,0
DA:113,0
DA:115,0
DA:117,0
DA:123,0
DA:125,0
DA:126,0
DA:127,0
DA:128,0
DA:132,0
DA:133,0
DA:134,0
DA:135,0
DA:136,0
DA:137,0
DA:140,0
DA:144,0
DA:145,0
DA:148,0
DA:150,0
DA:154,0
DA:155,0
DA:156,0
DA:157,0
DA:159,0
DA:168,0
DA:172,0
DA:174,0
DA:175,0
DA:176,0
DA:178,0
DA:179,0
DA:180,0
DA:183,0
DA:184,0
DA:185,0
DA:186,0
DA:189,0
DA:190,0
DA:191,0
DA:197,0
DA:198,0
DA:199,0
DA:200,0
DA:203,0
DA:204,0
DA:205,0
DA:207,0
DA:218,0
DA:219,0
DA:220,0
DA:222,0
DA:223,0
DA:225,0
DA:226,0
DA:227,0
DA:228,0
DA:230,0
DA:232,0
DA:236,0
DA:237,0
DA:238,0
DA:239,0
DA:240,0
DA:241,0
DA:242,0
DA:244,0
DA:245,0
DA:247,0
DA:251,0
DA:252,0
DA:254,0
DA:255,0
DA:256,0
DA:257,0
DA:258,0
DA:260,0
DA:262,0
DA:263,0
DA:265,0
DA:268,0
DA:269,0
DA:270,0
DA:271,0
DA:273,0
DA:275,0
DA:279,0
DA:280,0
DA:281,0
DA:283,0
DA:287,0
DA:288,0
DA:289,0
DA:291,0
DA:295,0
DA:296,0
DA:297,0
DA:313,0
DA:316,0
DA:317,0
DA:345,0
DA:346,0
DA:352,0
DA:355,0
DA:356,0
DA:360,0
DA:361,0
DA:366,0
DA:381,0
DA:382,0
DA:384,0
DA:389,0
DA:390,0
DA:391,0
DA:393,0
DA:396,0
DA:397,0
DA:410,0
DA:424,0
DA:432,0
DA:442,0
DA:457,0
DA:458,0
DA:459,0
DA:474,0
DA:497,0
DA:501,0
DA:514,0
DA:520,0
DA:522,0
DA:525,0
DA:542,0
DA:556,0
DA:581,0
DA:611,0
DA:612,0
DA:636,0
DA:637,0
DA:639,0
DA:673,0
DA:680,0
DA:681,0
DA:683,0
DA:731,0
DA:741,0
DA:742,0
DA:743,0
DA:768,0
DA:775,0
DA:790,0
DA:791,0
DA:793,0
DA:825,0
DA:835,0
DA:846,0
DA:852,0
DA:862,0
DA:878,0
DA:888,0
DA:903,0
DA:918,0
DA:927,0
DA:935,0
DA:965,0
LF:209
LH:0
BRDA:83,0,0,0
BRDA:83,0,1,0
BRDA:125,1,0,0
BRDA:125,1,1,0
BRDA:125,2,0,0
BRDA:125,2,1,0
BRDA:134,3,0,0
BRDA:134,3,1,0
BRDA:162,4,0,0
BRDA:162,4,1,0
BRDA:163,5,0,0
BRDA:163,5,1,0
BRDA:164,6,0,0
BRDA:164,6,1,0
BRDA:165,7,0,0
BRDA:165,7,1,0
BRDA:172,8,0,0
BRDA:172,8,1,0
BRDA:174,9,0,0
BRDA:174,9,1,0
BRDA:175,10,0,0
BRDA:175,10,1,0
BRDA:176,11,0,0
BRDA:176,11,1,0
BRDA:183,12,0,0
BRDA:183,12,1,0
BRDA:183,13,0,0
BRDA:183,13,1,0
BRDA:189,14,0,0
BRDA:189,14,1,0
BRDA:210,15,0,0
BRDA:210,15,1,0
BRDA:214,16,0,0
BRDA:214,16,1,0
BRDA:218,17,0,0
BRDA:218,17,1,0
BRDA:230,18,0,0
BRDA:230,18,1,0
BRDA:240,19,0,0
BRDA:240,19,1,0
BRDA:252,20,0,0
BRDA:252,20,1,0
BRDA:252,21,0,0
BRDA:252,21,1,0
BRDA:256,22,0,0
BRDA:256,22,1,0
BRDA:280,23,0,0
BRDA:280,23,1,0
BRDA:288,24,0,0
BRDA:288,24,1,0
BRDA:302,25,0,0
BRDA:302,25,1,0
BRDA:306,26,0,0
BRDA:306,26,1,0
BRDA:308,27,0,0
BRDA:308,27,1,0
BRDA:309,28,0,0
BRDA:309,28,1,0
BRDA:310,29,0,0
BRDA:310,29,1,0
BRDA:311,30,0,0
BRDA:311,30,1,0
BRDA:352,31,0,0
BRDA:352,31,1,0
BRDA:356,32,0,0
BRDA:356,32,1,0
BRDA:381,33,0,0
BRDA:381,33,1,0
BRDA:382,34,0,0
BRDA:382,34,1,0
BRDA:384,35,0,0
BRDA:384,35,1,0
BRDA:384,35,2,0
BRDA:384,35,3,0
BRDA:389,36,0,0
BRDA:389,36,1,0
BRDA:390,37,0,0
BRDA:390,37,1,0
BRDA:391,38,0,0
BRDA:391,38,1,0
BRDA:393,39,0,0
BRDA:393,39,1,0
BRDA:393,39,2,0
BRDA:393,39,3,0
BRDA:396,40,0,0
BRDA:396,40,1,0
BRDA:477,41,0,0
BRDA:477,41,1,0
BRDA:479,42,0,0
BRDA:479,42,1,0
BRDA:484,43,0,0
BRDA:484,43,1,0
BRDA:487,44,0,0
BRDA:487,44,1,0
BRDA:499,45,0,0
BRDA:499,45,1,0
BRDA:519,46,0,0
BRDA:519,46,1,0
BRDA:531,47,0,0
BRDA:531,47,1,0
BRDA:569,48,0,0
BRDA:569,48,1,0
BRDA:574,49,0,0
BRDA:574,49,1,0
BRDA:596,50,0,0
BRDA:596,50,1,0
BRDA:599,51,0,0
BRDA:599,51,1,0
BRDA:634,52,0,0
BRDA:634,52,1,0
BRDA:636,53,0,0
BRDA:636,53,1,0
BRDA:673,54,0,0
BRDA:673,54,1,0
BRDA:680,55,0,0
BRDA:680,55,1,0
BRDA:686,56,0,0
BRDA:686,56,1,0
BRDA:704,57,0,0
BRDA:704,57,1,0
BRDA:710,58,0,0
BRDA:710,58,1,0
BRDA:714,59,0,0
BRDA:714,59,1,0
BRDA:714,60,0,0
BRDA:714,60,1,0
BRDA:764,61,0,0
BRDA:764,61,1,0
BRDA:764,61,2,0
BRDA:795,62,0,0
BRDA:795,62,1,0
BRDA:799,63,0,0
BRDA:799,63,1,0
BRDA:811,64,0,0
BRDA:811,64,1,0
BRDA:816,65,0,0
BRDA:816,65,1,0
BRDA:824,66,0,0
BRDA:824,66,1,0
BRDA:834,67,0,0
BRDA:834,67,1,0
BRDA:845,68,0,0
BRDA:845,68,1,0
BRDA:861,69,0,0
BRDA:861,69,1,0
BRDA:877,70,0,0
BRDA:877,70,1,0
BRDA:887,71,0,0
BRDA:887,71,1,0
BRDA:902,72,0,0
BRDA:902,72,1,0
BRDA:917,73,0,0
BRDA:917,73,1,0
BRDA:926,74,0,0
BRDA:926,74,1,0
BRDA:945,75,0,0
BRDA:945,75,1,0
BRDA:955,76,0,0
BRDA:955,76,1,0
BRF:159
BRH:0
end_of_record
TN:
SF:src\pages\HealthRecords.js
FN:26,(anonymous_0)
FN:39,(anonymous_1)
FN:73,(anonymous_2)
FN:109,(anonymous_3)
FN:116,(anonymous_4)
FN:136,(anonymous_5)
FN:141,(anonymous_6)
FN:148,(anonymous_7)
FN:167,(anonymous_8)
FN:178,(anonymous_9)
FN:180,(anonymous_10)
FN:196,(anonymous_11)
FN:219,(anonymous_12)
FN:254,(anonymous_13)
FN:299,(anonymous_14)
FN:364,(anonymous_15)
FN:384,(anonymous_16)
FN:415,(anonymous_17)
FN:419,(anonymous_18)
FN:425,(anonymous_19)
FN:429,(anonymous_20)
FN:433,(anonymous_21)
FN:438,(anonymous_22)
FN:456,(anonymous_23)
FN:506,(anonymous_24)
FN:531,(anonymous_25)
FN:550,(anonymous_26)
FN:562,(anonymous_27)
FN:579,(anonymous_28)
FN:597,(anonymous_29)
FN:609,(anonymous_30)
FN:632,(anonymous_31)
FN:653,(anonymous_32)
FN:661,(anonymous_33)
FN:665,(anonymous_34)
FN:673,(anonymous_35)
FN:677,(anonymous_36)
FN:686,(anonymous_37)
FN:733,(anonymous_38)
FNF:39
FNH:0
FNDA:0,(anonymous_0)
FNDA:0,(anonymous_1)
FNDA:0,(anonymous_2)
FNDA:0,(anonymous_3)
FNDA:0,(anonymous_4)
FNDA:0,(anonymous_5)
FNDA:0,(anonymous_6)
FNDA:0,(anonymous_7)
FNDA:0,(anonymous_8)
FNDA:0,(anonymous_9)
FNDA:0,(anonymous_10)
FNDA:0,(anonymous_11)
FNDA:0,(anonymous_12)
FNDA:0,(anonymous_13)
FNDA:0,(anonymous_14)
FNDA:0,(anonymous_15)
FNDA:0,(anonymous_16)
FNDA:0,(anonymous_17)
FNDA:0,(anonymous_18)
FNDA:0,(anonymous_19)
FNDA:0,(anonymous_20)
FNDA:0,(anonymous_21)
FNDA:0,(anonymous_22)
FNDA:0,(anonymous_23)
FNDA:0,(anonymous_24)
FNDA:0,(anonymous_25)
FNDA:0,(anonymous_26)
FNDA:0,(anonymous_27)
FNDA:0,(anonymous_28)
FNDA:0,(anonymous_29)
FNDA:0,(anonymous_30)
FNDA:0,(anonymous_31)
FNDA:0,(anonymous_32)
FNDA:0,(anonymous_33)
FNDA:0,(anonymous_34)
FNDA:0,(anonymous_35)
FNDA:0,(anonymous_36)
FNDA:0,(anonymous_37)
FNDA:0,(anonymous_38)
DA:8,0
DA:17,0
DA:26,0
DA:27,0
DA:28,0
DA:29,0
DA:32,0
DA:33,0
DA:34,0
DA:35,0
DA:39,0
DA:40,0
DA:74,0
DA:109,0
DA:117,0
DA:118,0
DA:136,0
DA:137,0
DA:141,0
DA:148,0
DA:167,0
DA:178,0
DA:179,0
DA:180,0
DA:186,0
DA:196,0
DA:220,0
DA:255,0
DA:300,0
DA:364,0
DA:384,0
DA:385,0
DA:386,0
DA:387,0
DA:388,0
DA:389,0
DA:390,0
DA:391,0
DA:392,0
DA:393,0
DA:394,0
DA:395,0
DA:396,0
DA:397,0
DA:399,0
DA:415,0
DA:416,0
DA:419,0
DA:420,0
DA:423,0
DA:425,0
DA:426,0
DA:429,0
DA:430,0
DA:433,0
DA:434,0
DA:438,0
DA:439,0
DA:440,0
DA:449,0
DA:455,0
DA:456,0
DA:459,0
DA:466,0
DA:467,0
DA:469,0
DA:470,0
DA:471,0
DA:474,0
DA:475,0
DA:478,0
DA:479,0
DA:482,0
DA:487,0
DA:488,0
DA:489,0
DA:491,0
DA:496,0
DA:497,0
DA:500,0
DA:501,0
DA:506,0
DA:507,0
DA:508,0
DA:509,0
DA:511,0
DA:512,0
DA:513,0
DA:516,0
DA:517,0
DA:519,0
DA:525,0
DA:526,0
DA:531,0
DA:532,0
DA:533,0
DA:534,0
DA:535,0
DA:536,0
DA:538,0
DA:539,0
DA:541,0
DA:542,0
DA:543,0
DA:544,0
DA:546,0
DA:550,0
DA:551,0
DA:552,0
DA:553,0
DA:554,0
DA:555,0
DA:556,0
DA:558,0
DA:562,0
DA:563,0
DA:564,0
DA:576,0
DA:579,0
DA:580,0
DA:597,0
DA:598,0
DA:606,0
DA:609,0
DA:610,0
DA:611,0
DA:614,0
DA:615,0
DA:622,0
DA:633,0
DA:634,0
DA:635,0
DA:653,0
DA:661,0
DA:666,0
DA:673,0
DA:678,0
DA:686,0
DA:733,0
LF:139
LH:0
BRDA:26,0,0,0
BRDA:32,1,0,0
BRDA:32,1,1,0
BRDA:34,2,0,0
BRDA:34,2,1,0
BRDA:78,3,0,0
BRDA:78,3,1,0
BRDA:78,3,2,0
BRDA:78,3,3,0
BRDA:81,4,0,0
BRDA:81,4,1,0
BRDA:90,5,0,0
BRDA:90,5,1,0
BRDA:99,6,0,0
BRDA:99,6,1,0
BRDA:102,7,0,0
BRDA:102,7,1,0
BRDA:191,8,0,0
BRDA:191,8,1,0
BRDA:373,9,0,0
BRDA:373,9,1,0
BRDA:443,10,0,0
BRDA:443,10,1,0
BRDA:444,11,0,0
BRDA:444,11,1,0
BRDA:445,12,0,0
BRDA:445,12,1,0
BRDA:446,13,0,0
BRDA:446,13,1,0
BRDA:463,14,0,0
BRDA:463,14,1,0
BRDA:466,15,0,0
BRDA:466,15,1,0
BRDA:474,16,0,0
BRDA:474,16,1,0
BRDA:478,17,0,0
BRDA:478,17,1,0
BRDA:478,18,0,0
BRDA:478,18,1,0
BRDA:496,19,0,0
BRDA:496,19,1,0
BRDA:500,20,0,0
BRDA:500,20,1,0
BRDA:511,21,0,0
BRDA:511,21,1,0
BRDA:511,22,0,0
BRDA:511,22,1,0
BRDA:525,23,0,0
BRDA:525,23,1,0
BRDA:534,24,0,0
BRDA:534,24,1,0
BRDA:546,25,0,0
BRDA:546,25,1,0
BRDA:565,26,0,0
BRDA:565,26,1,0
BRDA:565,26,2,0
BRDA:565,26,3,0
BRDA:566,27,0,0
BRDA:566,27,1,0
BRDA:569,28,0,0
BRDA:569,28,1,0
BRDA:570,29,0,0
BRDA:570,29,1,0
BRDA:571,30,0,0
BRDA:571,30,1,0
BRDA:572,31,0,0
BRDA:572,31,1,0
BRDA:573,32,0,0
BRDA:573,32,1,0
BRDA:574,33,0,0
BRDA:574,33,1,0
BRDA:606,34,0,0
BRDA:606,34,1,0
BRDA:610,35,0,0
BRDA:610,35,1,0
BRDA:614,36,0,0
BRDA:614,36,1,0
BRDA:702,37,0,0
BRDA:702,37,1,0
BRDA:710,38,0,0
BRDA:710,38,1,0
BRDA:723,39,0,0
BRDA:723,39,1,0
BRF:83
BRH:0
end_of_record
TN:
SF:src\pages\Login.js
FN:6,(anonymous_0)
FN:21,(anonymous_1)
FN:47,(anonymous_2)
FN:86,(anonymous_3)
FN:93,(anonymous_4)
FN:106,(anonymous_5)
FN:107,(anonymous_6)
FN:188,(anonymous_7)
FN:202,(anonymous_8)
FN:216,(anonymous_9)
FN:314,(anonymous_10)
FNF:11
FNH:1
FNDA:5,(anonymous_0)
FNDA:0,(anonymous_1)
FNDA:0,(anonymous_2)
FNDA:0,(anonymous_3)
FNDA:0,(anonymous_4)
FNDA:0,(anonymous_5)
FNDA:0,(anonymous_6)
FNDA:0,(anonymous_7)
FNDA:0,(anonymous_8)
FNDA:0,(anonymous_9)
FNDA:0,(anonymous_10)
DA:6,1
DA:7,5
DA:8,4
DA:9,4
DA:18,4
DA:19,4
DA:21,0
DA:22,0
DA:23,0
DA:26,0
DA:27,0
DA:28,0
DA:30,0
DA:32,0
DA:33,0
DA:39,0
DA:40,0
DA:43,0
DA:44,0
DA:47,0
DA:48,0
DA:51,0
DA:55,0
DA:56,0
DA:57,0
DA:58,0
DA:61,0
DA:62,0
DA:63,0
DA:64,0
DA:65,0
DA:75,0
DA:79,0
DA:80,0
DA:82,0
DA:86,0
DA:87,0
DA:93,0
DA:94,0
DA:95,0
DA:106,0
DA:107,0
DA:108,0
DA:109,0
DA:110,0
DA:114,0
DA:188,0
DA:202,0
DA:216,0
DA:314,0
LF:50
LH:6
BRDA:27,0,0,0
BRDA:27,0,1,0
BRDA:32,1,0,0
BRDA:32,1,1,0
BRDA:39,2,0,0
BRDA:39,2,1,0
BRDA:51,3,0,0
BRDA:51,3,1,0
BRDA:55,4,0,0
BRDA:55,4,1,0
BRDA:55,5,0,0
BRDA:55,5,1,0
BRDA:62,6,0,0
BRDA:62,6,1,0
BRDA:75,7,0,0
BRDA:75,7,1,0
BRDA:108,8,0,0
BRDA:108,8,1,0
BRDA:109,9,0,0
BRDA:109,9,1,0
BRDA:165,10,0,0
BRDA:165,10,1,0
BRDA:168,11,0,0
BRDA:168,11,1,0
BRDA:176,12,0,0
BRDA:176,12,1,0
BRDA:224,13,0,0
BRDA:224,13,1,0
BRDA:288,14,0,0
BRDA:288,14,1,0
BRDA:304,15,0,0
BRDA:304,15,1,0
BRDA:316,16,0,0
BRDA:316,16,1,0
BRDA:330,17,0,0
BRDA:330,17,1,0
BRDA:333,18,0,0
BRDA:333,18,1,0
BRDA:336,19,0,0
BRDA:336,19,1,0
BRDA:346,20,0,0
BRDA:346,20,1,0
BRF:42
BRH:0
end_of_record
TN:
SF:src\pages\Reports.js
FN:7,(anonymous_0)
FN:9,(anonymous_1)
FN:16,useDateRange
FN:17,(anonymous_3)
FN:22,(anonymous_4)
FN:26,qs
FN:29,(anonymous_6)
FN:30,(anonymous_7)
FN:34,formatNum
FN:43,Section
FN:55,Table
FN:61,(anonymous_11)
FN:76,(anonymous_12)
FN:78,(anonymous_13)
FN:91,DateGroupFilters
FN:99,(anonymous_15)
FN:103,(anonymous_16)
FN:108,(anonymous_17)
FN:109,(anonymous_18)
FN:122,Reports
FN:126,(anonymous_20)
FN:150,(anonymous_21)
FN:151,(anonymous_22)
FN:157,(anonymous_23)
FN:159,(anonymous_24)
FN:161,(anonymous_25)
FN:162,(anonymous_26)
FN:170,(anonymous_27)
FN:178,(anonymous_28)
FN:206,(anonymous_29)
FN:207,(anonymous_30)
FN:211,(anonymous_31)
FN:213,(anonymous_32)
FN:223,(anonymous_33)
FN:224,(anonymous_34)
FN:231,(anonymous_35)
FN:233,(anonymous_36)
FN:235,(anonymous_37)
FN:236,(anonymous_38)
FN:244,(anonymous_39)
FN:252,(anonymous_40)
FN:280,(anonymous_41)
FN:281,(anonymous_42)
FN:287,(anonymous_43)
FN:289,(anonymous_44)
FN:291,(anonymous_45)
FN:292,(anonymous_46)
FN:300,(anonymous_47)
FN:308,(anonymous_48)
FN:316,(anonymous_49)
FN:324,(anonymous_50)
FN:353,(anonymous_51)
FN:354,(anonymous_52)
FN:360,(anonymous_53)
FN:362,(anonymous_54)
FN:364,(anonymous_55)
FN:365,(anonymous_56)
FN:373,(anonymous_57)
FN:380,(anonymous_58)
FN:406,(anonymous_59)
FN:407,(anonymous_60)
FN:413,(anonymous_61)
FN:415,(anonymous_62)
FN:417,(anonymous_63)
FN:418,(anonymous_64)
FN:425,(anonymous_65)
FN:432,(anonymous_66)
FN:439,(anonymous_67)
FN:472,(anonymous_68)
FN:472,(anonymous_69)
FN:478,(anonymous_70)
FN:489,(anonymous_71)
FN:519,(anonymous_72)
FN:530,(anonymous_73)
FN:539,(anonymous_74)
FN:554,(anonymous_75)
FN:558,(anonymous_76)
FN:570,(anonymous_77)
FN:573,(anonymous_78)
FN:594,(anonymous_79)
FN:594,(anonymous_80)
FN:600,(anonymous_81)
FN:619,(anonymous_82)
FN:661,(anonymous_83)
FN:661,(anonymous_84)
FN:667,(anonymous_85)
FN:687,(anonymous_86)
FN:698,(anonymous_87)
FN:734,(anonymous_88)
FNF:89
FNH:0
FNDA:0,(anonymous_0)
FNDA:0,(anonymous_1)
FNDA:0,useDateRange
FNDA:0,(anonymous_3)
FNDA:0,(anonymous_4)
FNDA:0,qs
FNDA:0,(anonymous_6)
FNDA:0,(anonymous_7)
FNDA:0,formatNum
FNDA:0,Section
FNDA:0,Table
FNDA:0,(anonymous_11)
FNDA:0,(anonymous_12)
FNDA:0,(anonymous_13)
FNDA:0,DateGroupFilters
FNDA:0,(anonymous_15)
FNDA:0,(anonymous_16)
FNDA:0,(anonymous_17)
FNDA:0,(anonymous_18)
FNDA:0,Reports
FNDA:0,(anonymous_20)
FNDA:0,(anonymous_21)
FNDA:0,(anonymous_22)
FNDA:0,(anonymous_23)
FNDA:0,(anonymous_24)
FNDA:0,(anonymous_25)
FNDA:0,(anonymous_26)
FNDA:0,(anonymous_27)
FNDA:0,(anonymous_28)
FNDA:0,(anonymous_29)
FNDA:0,(anonymous_30)
FNDA:0,(anonymous_31)
FNDA:0,(anonymous_32)
FNDA:0,(anonymous_33)
FNDA:0,(anonymous_34)
FNDA:0,(anonymous_35)
FNDA:0,(anonymous_36)
FNDA:0,(anonymous_37)
FNDA:0,(anonymous_38)
FNDA:0,(anonymous_39)
FNDA:0,(anonymous_40)
FNDA:0,(anonymous_41)
FNDA:0,(anonymous_42)
FNDA:0,(anonymous_43)
FNDA:0,(anonymous_44)
FNDA:0,(anonymous_45)
FNDA:0,(anonymous_46)
FNDA:0,(anonymous_47)
FNDA:0,(anonymous_48)
FNDA:0,(anonymous_49)
FNDA:0,(anonymous_50)
FNDA:0,(anonymous_51)
FNDA:0,(anonymous_52)
FNDA:0,(anonymous_53)
FNDA:0,(anonymous_54)
FNDA:0,(anonymous_55)
FNDA:0,(anonymous_56)
FNDA:0,(anonymous_57)
FNDA:0,(anonymous_58)
FNDA:0,(anonymous_59)
FNDA:0,(anonymous_60)
FNDA:0,(anonymous_61)
FNDA:0,(anonymous_62)
FNDA:0,(anonymous_63)
FNDA:0,(anonymous_64)
FNDA:0,(anonymous_65)
FNDA:0,(anonymous_66)
FNDA:0,(anonymous_67)
FNDA:0,(anonymous_68)
FNDA:0,(anonymous_69)
FNDA:0,(anonymous_70)
FNDA:0,(anonymous_71)
FNDA:0,(anonymous_72)
FNDA:0,(anonymous_73)
FNDA:0,(anonymous_74)
FNDA:0,(anonymous_75)
FNDA:0,(anonymous_76)
FNDA:0,(anonymous_77)
FNDA:0,(anonymous_78)
FNDA:0,(anonymous_79)
FNDA:0,(anonymous_80)
FNDA:0,(anonymous_81)
FNDA:0,(anonymous_82)
FNDA:0,(anonymous_83)
FNDA:0,(anonymous_84)
FNDA:0,(anonymous_85)
FNDA:0,(anonymous_86)
FNDA:0,(anonymous_87)
FNDA:0,(anonymous_88)
DA:7,0
DA:8,0
DA:9,0
DA:17,0
DA:18,0
DA:19,0
DA:20,0
DA:22,0
DA:23,0
DA:27,0
DA:28,0
DA:29,0
DA:30,0
DA:35,0
DA:36,0
DA:37,0
DA:38,0
DA:39,0
DA:40,0
DA:44,0
DA:56,0
DA:62,0
DA:77,0
DA:79,0
DA:92,0
DA:93,0
DA:94,0
DA:95,0
DA:99,0
DA:103,0
DA:108,0
DA:110,0
DA:123,0
DA:124,0
DA:126,0
DA:127,0
DA:128,0
DA:129,0
DA:130,0
DA:131,0
DA:132,0
DA:133,0
DA:134,0
DA:135,0
DA:136,0
DA:137,0
DA:144,0
DA:145,0
DA:146,0
DA:147,0
DA:148,0
DA:149,0
DA:150,0
DA:151,0
DA:152,0
DA:153,0
DA:154,0
DA:155,0
DA:157,0
DA:159,0
DA:161,0
DA:162,0
DA:163,0
DA:170,0
DA:178,0
DA:203,0
DA:204,0
DA:205,0
DA:206,0
DA:207,0
DA:208,0
DA:209,0
DA:211,0
DA:213,0
DA:216,0
DA:217,0
DA:218,0
DA:219,0
DA:220,0
DA:221,0
DA:222,0
DA:223,0
DA:224,0
DA:225,0
DA:226,0
DA:227,0
DA:228,0
DA:229,0
DA:231,0
DA:233,0
DA:235,0
DA:236,0
DA:237,0
DA:244,0
DA:252,0
DA:274,0
DA:275,0
DA:276,0
DA:277,0
DA:278,0
DA:279,0
DA:280,0
DA:281,0
DA:282,0
DA:283,0
DA:284,0
DA:285,0
DA:287,0
DA:289,0
DA:291,0
DA:292,0
DA:293,0
DA:300,0
DA:308,0
DA:316,0
DA:324,0
DA:346,0
DA:347,0
DA:348,0
DA:349,0
DA:350,0
DA:351,0
DA:352,0
DA:353,0
DA:354,0
DA:355,0
DA:356,0
DA:357,0
DA:358,0
DA:360,0
DA:362,0
DA:364,0
DA:365,0
DA:366,0
DA:373,0
DA:380,0
DA:402,0
DA:403,0
DA:404,0
DA:405,0
DA:406,0
DA:407,0
DA:408,0
DA:409,0
DA:410,0
DA:411,0
DA:413,0
DA:415,0
DA:417,0
DA:418,0
DA:419,0
DA:425,0
DA:432,0
DA:439,0
DA:461,0
DA:472,0
DA:478,0
DA:489,0
DA:519,0
DA:530,0
DA:539,0
DA:554,0
DA:558,0
DA:570,0
DA:573,0
DA:594,0
DA:600,0
DA:619,0
DA:661,0
DA:667,0
DA:687,0
DA:698,0
DA:734,0
LF:173
LH:0
BRDA:16,0,0,0
BRDA:29,1,0,0
BRDA:29,1,1,0
BRDA:29,1,2,0
BRDA:35,2,0,0
BRDA:35,2,1,0
BRDA:35,3,0,0
BRDA:35,3,1,0
BRDA:37,4,0,0
BRDA:37,4,1,0
BRDA:38,5,0,0
BRDA:38,5,1,0
BRDA:39,6,0,0
BRDA:39,6,1,0
BRDA:55,7,0,0
BRDA:69,8,0,0
BRDA:69,8,1,0
BRDA:80,9,0,0
BRDA:80,9,1,0
BRDA:105,10,0,0
BRDA:105,10,1,0
BRDA:124,11,0,0
BRDA:124,11,1,0
BRDA:154,12,0,0
BRDA:154,12,1,0
BRDA:155,13,0,0
BRDA:155,13,1,0
BRDA:170,14,0,0
BRDA:170,14,1,0
BRDA:178,15,0,0
BRDA:178,15,1,0
BRDA:227,16,0,0
BRDA:227,16,1,0
BRDA:228,17,0,0
BRDA:228,17,1,0
BRDA:229,18,0,0
BRDA:229,18,1,0
BRDA:229,19,0,0
BRDA:229,19,1,0
BRDA:244,20,0,0
BRDA:244,20,1,0
BRDA:252,21,0,0
BRDA:252,21,1,0
BRDA:284,22,0,0
BRDA:284,22,1,0
BRDA:285,23,0,0
BRDA:285,23,1,0
BRDA:300,24,0,0
BRDA:300,24,1,0
BRDA:308,25,0,0
BRDA:308,25,1,0
BRDA:316,26,0,0
BRDA:316,26,1,0
BRDA:324,27,0,0
BRDA:324,27,1,0
BRDA:357,28,0,0
BRDA:357,28,1,0
BRDA:358,29,0,0
BRDA:358,29,1,0
BRDA:373,30,0,0
BRDA:373,30,1,0
BRDA:380,31,0,0
BRDA:380,31,1,0
BRDA:410,32,0,0
BRDA:410,32,1,0
BRDA:411,33,0,0
BRDA:411,33,1,0
BRDA:425,34,0,0
BRDA:425,34,1,0
BRDA:432,35,0,0
BRDA:432,35,1,0
BRDA:439,36,0,0
BRDA:439,36,1,0
BRDA:474,37,0,0
BRDA:474,37,1,0
BRDA:485,38,0,0
BRDA:485,38,1,0
BRDA:505,39,0,0
BRDA:505,39,1,0
BRDA:554,40,0,0
BRDA:554,40,1,0
BRDA:558,41,0,0
BRDA:558,41,1,0
BRDA:562,42,0,0
BRDA:562,42,1,0
BRDA:596,43,0,0
BRDA:596,43,1,0
BRDA:607,44,0,0
BRDA:607,44,1,0
BRDA:643,45,0,0
BRDA:643,45,1,0
BRDA:644,46,0,0
BRDA:644,46,1,0
BRDA:663,47,0,0
BRDA:663,47,1,0
BRDA:674,48,0,0
BRDA:674,48,1,0
BRDA:720,49,0,0
BRDA:720,49,1,0
BRDA:758,50,0,0
BRDA:758,50,1,0
BRF:101
BRH:0
end_of_record
TN:
SF:src\pages\Sales.js
FN:7,(anonymous_0)
FN:12,(anonymous_1)
FN:23,(anonymous_2)
FN:34,(anonymous_3)
FN:34,(anonymous_4)
FN:38,(anonymous_5)
FN:40,(anonymous_6)
FN:52,(anonymous_7)
FN:67,(anonymous_8)
FN:74,(anonymous_9)
FN:78,(anonymous_10)
FN:78,(anonymous_11)
FN:79,(anonymous_12)
FN:79,(anonymous_13)
FN:79,(anonymous_14)
FN:81,(anonymous_15)
FN:84,(anonymous_16)
FN:89,(anonymous_17)
FN:126,(anonymous_18)
FN:128,(anonymous_19)
FN:147,(anonymous_20)
FN:158,(anonymous_21)
FN:163,(anonymous_22)
FN:177,(anonymous_23)
FN:189,(anonymous_24)
FN:196,(anonymous_25)
FN:210,(anonymous_26)
FN:217,(anonymous_27)
FN:223,(anonymous_28)
FN:223,(anonymous_29)
FN:231,(anonymous_30)
FN:244,(anonymous_31)
FN:245,(anonymous_32)
FN:246,(anonymous_33)
FN:253,(anonymous_34)
FN:258,(anonymous_35)
FN:260,(anonymous_36)
FN:264,(anonymous_37)
FN:270,(anonymous_38)
FN:270,(anonymous_39)
FN:271,(anonymous_40)
FN:283,(anonymous_41)
FN:296,(anonymous_42)
FN:299,(anonymous_43)
FN:303,(anonymous_44)
FN:313,(anonymous_45)
FN:359,(anonymous_46)
FN:366,(anonymous_47)
FN:369,(anonymous_48)
FN:370,(anonymous_49)
FNF:50
FNH:0
FNDA:0,(anonymous_0)
FNDA:0,(anonymous_1)
FNDA:0,(anonymous_2)
FNDA:0,(anonymous_3)
FNDA:0,(anonymous_4)
FNDA:0,(anonymous_5)
FNDA:0,(anonymous_6)
FNDA:0,(anonymous_7)
FNDA:0,(anonymous_8)
FNDA:0,(anonymous_9)
FNDA:0,(anonymous_10)
FNDA:0,(anonymous_11)
FNDA:0,(anonymous_12)
FNDA:0,(anonymous_13)
FNDA:0,(anonymous_14)
FNDA:0,(anonymous_15)
FNDA:0,(anonymous_16)
FNDA:0,(anonymous_17)
FNDA:0,(anonymous_18)
FNDA:0,(anonymous_19)
FNDA:0,(anonymous_20)
FNDA:0,(anonymous_21)
FNDA:0,(anonymous_22)
FNDA:0,(anonymous_23)
FNDA:0,(anonymous_24)
FNDA:0,(anonymous_25)
FNDA:0,(anonymous_26)
FNDA:0,(anonymous_27)
FNDA:0,(anonymous_28)
FNDA:0,(anonymous_29)
FNDA:0,(anonymous_30)
FNDA:0,(anonymous_31)
FNDA:0,(anonymous_32)
FNDA:0,(anonymous_33)
FNDA:0,(anonymous_34)
FNDA:0,(anonymous_35)
FNDA:0,(anonymous_36)
FNDA:0,(anonymous_37)
FNDA:0,(anonymous_38)
FNDA:0,(anonymous_39)
FNDA:0,(anonymous_40)
FNDA:0,(anonymous_41)
FNDA:0,(anonymous_42)
FNDA:0,(anonymous_43)
FNDA:0,(anonymous_44)
FNDA:0,(anonymous_45)
FNDA:0,(anonymous_46)
FNDA:0,(anonymous_47)
FNDA:0,(anonymous_48)
FNDA:0,(anonymous_49)
DA:7,0
DA:8,0
DA:9,0
DA:11,0
DA:12,0
DA:13,0
DA:14,0
DA:15,0
DA:17,0
DA:22,0
DA:23,0
DA:25,0
DA:26,0
DA:27,0
DA:28,0
DA:29,0
DA:30,0
DA:31,0
DA:32,0
DA:34,0
DA:35,0
DA:36,0
DA:37,0
DA:38,0
DA:40,0
DA:41,0
DA:42,0
DA:43,0
DA:44,0
DA:46,0
DA:48,0
DA:52,0
DA:53,0
DA:54,0
DA:55,0
DA:56,0
DA:57,0
DA:59,0
DA:60,0
DA:62,0
DA:63,0
DA:67,0
DA:68,0
DA:69,0
DA:74,0
DA:75,0
DA:78,0
DA:79,0
DA:81,0
DA:82,0
DA:84,0
DA:85,0
DA:86,0
DA:88,0
DA:89,0
DA:90,0
DA:91,0
DA:92,0
DA:93,0
DA:94,0
DA:95,0
DA:96,0
DA:98,0
DA:99,0
DA:100,0
DA:101,0
DA:102,0
DA:105,0
DA:110,0
DA:111,0
DA:112,0
DA:113,0
DA:114,0
DA:117,0
DA:119,0
DA:122,0
DA:126,0
DA:127,0
DA:128,0
DA:129,0
DA:130,0
DA:131,0
DA:132,0
DA:133,0
DA:135,0
DA:136,0
DA:137,0
DA:139,0
DA:140,0
DA:141,0
DA:144,0
DA:147,0
DA:148,0
DA:149,0
DA:151,0
DA:152,0
DA:153,0
DA:156,0
DA:157,0
DA:158,0
DA:163,0
DA:164,0
DA:165,0
DA:167,0
DA:168,0
DA:169,0
DA:171,0
DA:172,0
DA:174,0
DA:175,0
DA:176,0
DA:177,0
DA:178,0
DA:180,0
DA:181,0
DA:183,0
DA:185,0
DA:189,0
DA:191,0
DA:196,0
DA:204,0
DA:205,0
DA:206,0
DA:207,0
DA:210,0
DA:211,0
DA:212,0
DA:213,0
DA:214,0
DA:217,0
DA:218,0
DA:219,0
DA:220,0
DA:221,0
DA:222,0
DA:223,0
DA:225,0
DA:227,0
DA:231,0
DA:232,0
DA:233,0
DA:236,0
DA:244,0
DA:245,0
DA:246,0
DA:254,0
DA:258,0
DA:260,0
DA:264,0
DA:270,0
DA:272,0
DA:283,0
DA:296,0
DA:299,0
DA:303,0
DA:313,0
DA:360,0
DA:366,0
DA:369,0
DA:370,0
LF:160
LH:0
BRDA:7,0,0,0
BRDA:11,1,0,0
BRDA:11,1,1,0
BRDA:13,2,0,0
BRDA:13,2,1,0
BRDA:15,3,0,0
BRDA:15,3,1,0
BRDA:17,4,0,0
BRDA:17,4,1,0
BRDA:34,5,0,0
BRDA:34,5,1,0
BRDA:36,6,0,0
BRDA:36,6,1,0
BRDA:44,7,0,0
BRDA:44,7,1,0
BRDA:55,8,0,0
BRDA:55,8,1,0
BRDA:56,9,0,0
BRDA:56,9,1,0
BRDA:59,10,0,0
BRDA:59,10,1,0
BRDA:59,11,0,0
BRDA:59,11,1,0
BRDA:59,12,0,0
BRDA:59,12,1,0
BRDA:59,12,2,0
BRDA:85,13,0,0
BRDA:85,13,1,0
BRDA:88,14,0,0
BRDA:88,14,1,0
BRDA:90,15,0,0
BRDA:90,15,1,0
BRDA:91,16,0,0
BRDA:91,16,1,0
BRDA:95,17,0,0
BRDA:95,17,1,0
BRDA:99,18,0,0
BRDA:99,18,1,0
BRDA:100,19,0,0
BRDA:100,19,1,0
BRDA:110,20,0,0
BRDA:110,20,1,0
BRDA:110,21,0,0
BRDA:110,21,1,0
BRDA:110,21,2,0
BRDA:112,22,0,0
BRDA:112,22,1,0
BRDA:131,23,0,0
BRDA:131,23,1,0
BRDA:131,24,0,0
BRDA:131,24,1,0
BRDA:135,25,0,0
BRDA:135,25,1,0
BRDA:135,26,0,0
BRDA:135,26,1,0
BRDA:139,27,0,0
BRDA:139,27,1,0
BRDA:139,28,0,0
BRDA:139,28,1,0
BRDA:151,29,0,0
BRDA:151,29,1,0
BRDA:156,30,0,0
BRDA:156,30,1,0
BRDA:159,31,0,0
BRDA:159,31,1,0
BRDA:161,32,0,0
BRDA:161,32,1,0
BRDA:162,33,0,0
BRDA:162,33,1,0
BRDA:163,34,0,0
BRDA:163,34,1,0
BRDA:164,35,0,0
BRDA:164,35,1,0
BRDA:165,36,0,0
BRDA:165,36,1,0
BRDA:167,37,0,0
BRDA:167,37,1,0
BRDA:169,38,0,0
BRDA:169,38,1,0
BRDA:192,39,0,0
BRDA:192,39,1,0
BRDA:193,40,0,0
BRDA:193,40,1,0
BRDA:194,41,0,0
BRDA:194,41,1,0
BRDA:196,42,0,0
BRDA:196,42,1,0
BRDA:198,43,0,0
BRDA:198,43,1,0
BRDA:199,44,0,0
BRDA:199,44,1,0
BRDA:200,45,0,0
BRDA:200,45,1,0
BRDA:201,46,0,0
BRDA:201,46,1,0
BRDA:202,47,0,0
BRDA:202,47,1,0
BRDA:204,48,0,0
BRDA:204,48,1,0
BRDA:205,49,0,0
BRDA:205,49,1,0
BRDA:218,50,0,0
BRDA:218,50,1,0
BRDA:218,51,0,0
BRDA:218,51,1,0
BRDA:219,52,0,0
BRDA:219,52,1,0
BRDA:232,53,0,0
BRDA:232,53,1,0
BRDA:260,54,0,0
BRDA:260,54,1,0
BRDA:260,54,2,0
BRDA:262,55,0,0
BRDA:262,55,1,0
BRDA:262,56,0,0
BRDA:262,56,1,0
BRDA:264,57,0,0
BRDA:264,57,1,0
BRDA:264,57,2,0
BRDA:266,58,0,0
BRDA:266,58,1,0
BRDA:270,59,0,0
BRDA:270,59,1,0
BRDA:273,60,0,0
BRDA:273,60,1,0
BRDA:274,61,0,0
BRDA:274,61,1,0
BRDA:275,62,0,0
BRDA:275,62,1,0
BRDA:275,63,0,0
BRDA:275,63,1,0
BRDA:292,64,0,0
BRDA:292,64,1,0
BRDA:292,65,0,0
BRDA:292,65,1,0
BRDA:297,66,0,0
BRDA:297,66,1,0
BRDA:323,67,0,0
BRDA:323,67,1,0
BRDA:324,68,0,0
BRDA:324,68,1,0
BRDA:326,69,0,0
BRDA:326,69,1,0
BRDA:326,70,0,0
BRDA:326,70,1,0
BRDA:327,71,0,0
BRDA:327,71,1,0
BRDA:333,72,0,0
BRDA:333,72,1,0
BRDA:333,73,0,0
BRDA:333,73,1,0
BRDA:354,74,0,0
BRDA:354,74,1,0
BRDA:356,75,0,0
BRDA:356,75,1,0
BRDA:364,76,0,0
BRDA:364,76,1,0
BRF:157
BRH:0
end_of_record
TN:
SF:src\pages\Dairy\Dairy.js
FN:8,(anonymous_0)
FN:15,(anonymous_1)
FN:16,(anonymous_2)
FN:18,(anonymous_3)
FN:22,(anonymous_4)
FN:86,(anonymous_5)
FN:107,(anonymous_6)
FN:124,(anonymous_7)
FN:148,(anonymous_8)
FN:157,(anonymous_9)
FN:186,(anonymous_10)
FN:193,(anonymous_11)
FN:198,(anonymous_12)
FNF:13
FNH:0
FNDA:0,(anonymous_0)
FNDA:0,(anonymous_1)
FNDA:0,(anonymous_2)
FNDA:0,(anonymous_3)
FNDA:0,(anonymous_4)
FNDA:0,(anonymous_5)
FNDA:0,(anonymous_6)
FNDA:0,(anonymous_7)
FNDA:0,(anonymous_8)
FNDA:0,(anonymous_9)
FNDA:0,(anonymous_10)
FNDA:0,(anonymous_11)
FNDA:0,(anonymous_12)
DA:8,0
DA:9,0
DA:10,0
DA:11,0
DA:12,0
DA:13,0
DA:15,0
DA:16,0
DA:18,0
DA:19,0
DA:22,0
DA:23,0
DA:24,0
DA:25,0
DA:35,0
DA:38,0
DA:39,0
DA:41,0
DA:42,0
DA:44,0
DA:45,0
DA:47,0
DA:49,0
DA:50,0
DA:53,0
DA:54,0
DA:57,0
DA:58,0
DA:68,0
DA:70,0
DA:73,0
DA:74,0
DA:76,0
DA:79,0
DA:82,0
DA:86,0
DA:87,0
DA:91,0
DA:92,0
DA:99,0
DA:107,0
DA:124,0
DA:148,0
DA:158,0
DA:186,0
DA:193,0
DA:198,0
LF:47
LH:0
BRDA:31,0,0,0
BRDA:31,0,1,0
BRDA:38,1,0,0
BRDA:38,1,1,0
BRDA:39,2,0,0
BRDA:39,2,1,0
BRDA:42,3,0,0
BRDA:42,3,1,0
BRDA:42,4,0,0
BRDA:42,4,1,0
BRDA:45,5,0,0
BRDA:45,5,1,0
BRDA:45,6,0,0
BRDA:45,6,1,0
BRDA:70,7,0,0
BRDA:70,7,1,0
BRDA:73,8,0,0
BRDA:73,8,1,0
BRDA:74,9,0,0
BRDA:74,9,1,0
BRDA:87,10,0,0
BRDA:87,10,1,0
BRDA:91,11,0,0
BRDA:91,11,1,0
BRDA:143,12,0,0
BRDA:143,12,1,0
BRDA:163,13,0,0
BRDA:163,13,1,0
BRDA:170,14,0,0
BRDA:170,14,1,0
BRDA:171,15,0,0
BRDA:171,15,1,0
BRDA:172,16,0,0
BRDA:172,16,1,0
BRDA:175,17,0,0
BRDA:175,17,1,0
BRDA:179,18,0,0
BRDA:179,18,1,0
BRF:38
BRH:0
end_of_record
TN:
SF:src\pages\Dairy\DairyBreeding.js
FN:5,(anonymous_0)
FN:22,(anonymous_1)
FN:23,(anonymous_2)
FN:37,(anonymous_3)
FN:38,(anonymous_4)
FN:59,(anonymous_5)
FN:61,(anonymous_6)
FN:94,(anonymous_7)
FN:119,(anonymous_8)
FN:122,(anonymous_9)
FN:157,(anonymous_10)
FN:158,(anonymous_11)
FN:170,(anonymous_12)
FN:171,(anonymous_13)
FN:213,(anonymous_14)
FNF:15
FNH:0
FNDA:0,(anonymous_0)
FNDA:0,(anonymous_1)
FNDA:0,(anonymous_2)
FNDA:0,(anonymous_3)
FNDA:0,(anonymous_4)
FNDA:0,(anonymous_5)
FNDA:0,(anonymous_6)
FNDA:0,(anonymous_7)
FNDA:0,(anonymous_8)
FNDA:0,(anonymous_9)
FNDA:0,(anonymous_10)
FNDA:0,(anonymous_11)
FNDA:0,(anonymous_12)
FNDA:0,(anonymous_13)
FNDA:0,(anonymous_14)
DA:5,0
DA:6,0
DA:7,0
DA:8,0
DA:9,0
DA:10,0
DA:11,0
DA:12,0
DA:13,0
DA:22,0
DA:23,0
DA:24,0
DA:25,0
DA:26,0
DA:27,0
DA:29,0
DA:31,0
DA:34,0
DA:37,0
DA:38,0
DA:39,0
DA:40,0
DA:41,0
DA:42,0
DA:43,0
DA:44,0
DA:46,0
DA:47,0
DA:48,0
DA:49,0
DA:50,0
DA:53,0
DA:56,0
DA:59,0
DA:61,0
DA:62,0
DA:63,0
DA:64,0
DA:65,0
DA:66,0
DA:74,0
DA:75,0
DA:77,0
DA:78,0
DA:79,0
DA:80,0
DA:82,0
DA:83,0
DA:84,0
DA:85,0
DA:87,0
DA:90,0
DA:94,0
DA:96,0
DA:119,0
DA:123,0
DA:157,0
DA:159,0
DA:170,0
DA:172,0
DA:214,0
LF:61
LH:0
BRDA:27,0,0,0
BRDA:27,0,1,0
BRDA:39,1,0,0
BRDA:39,1,1,0
BRDA:43,2,0,0
BRDA:43,2,1,0
BRDA:48,3,0,0
BRDA:48,3,1,0
BRDA:48,4,0,0
BRDA:48,4,1,0
BRDA:63,5,0,0
BRDA:63,5,1,0
BRDA:68,6,0,0
BRDA:68,6,1,0
BRDA:69,7,0,0
BRDA:69,7,1,0
BRDA:72,8,0,0
BRDA:72,8,1,0
BRDA:74,9,0,0
BRDA:74,9,1,0
BRDA:84,10,0,0
BRDA:84,10,1,0
BRDA:84,11,0,0
BRDA:84,11,1,0
BRDA:87,12,0,0
BRDA:87,12,1,0
BRDA:94,13,0,0
BRDA:94,13,1,0
BRDA:106,14,0,0
BRDA:106,14,1,0
BRDA:124,15,0,0
BRDA:124,15,1,0
BRDA:124,15,2,0
BRDA:131,16,0,0
BRDA:131,16,1,0
BRDA:184,17,0,0
BRDA:184,17,1,0
BRDA:185,18,0,0
BRDA:185,18,1,0
BRDA:192,19,0,0
BRDA:192,19,1,0
BRDA:194,20,0,0
BRDA:194,20,1,0
BRDA:197,21,0,0
BRDA:197,21,1,0
BRDA:218,22,0,0
BRDA:218,22,1,0
BRDA:219,23,0,0
BRDA:219,23,1,0
BRDA:220,24,0,0
BRDA:220,24,1,0
BRF:51
BRH:0
end_of_record
TN:
SF:src\pages\Dairy\DairyDashboard.js
FN:7,(anonymous_0)
FN:20,(anonymous_1)
FN:24,(anonymous_2)
FN:35,(anonymous_3)
FN:38,(anonymous_4)
FN:43,(anonymous_5)
FNF:6
FNH:3
FNDA:8,(anonymous_0)
FNDA:4,(anonymous_1)
FNDA:4,(anonymous_2)
FNDA:0,(anonymous_3)
FNDA:0,(anonymous_4)
FNDA:0,(anonymous_5)
DA:7,1
DA:8,8
DA:10,8
DA:18,8
DA:20,8
DA:21,4
DA:24,8
DA:25,4
DA:26,4
DA:27,4
DA:31,3
DA:34,3
DA:35,3
DA:36,0
DA:38,3
DA:39,0
DA:43,3
DA:44,0
DA:47,3
DA:56,1
DA:58,4
DA:62,8
DA:63,4
DA:70,4
LF:24
LH:21
BRDA:31,0,0,3
BRDA:31,0,1,3
BRDA:36,1,0,0
BRDA:36,1,1,0
BRDA:44,2,0,0
BRDA:44,2,1,0
BRDA:62,3,0,4
BRDA:62,3,1,4
BRF:8
BRH:4
end_of_record
TN:
SF:src\pages\Dairy\DairyDetail.js
FN:9,(anonymous_0)
FN:16,(anonymous_1)
FN:23,(anonymous_2)
FN:35,(anonymous_3)
FN:46,(anonymous_4)
FN:52,(anonymous_5)
FN:90,(anonymous_6)
FN:103,(anonymous_7)
FNF:8
FNH:0
FNDA:0,(anonymous_0)
FNDA:0,(anonymous_1)
FNDA:0,(anonymous_2)
FNDA:0,(anonymous_3)
FNDA:0,(anonymous_4)
FNDA:0,(anonymous_5)
FNDA:0,(anonymous_6)
FNDA:0,(anonymous_7)
DA:9,0
DA:10,0
DA:11,0
DA:12,0
DA:13,0
DA:14,0
DA:16,0
DA:17,0
DA:19,0
DA:24,0
DA:25,0
DA:26,0
DA:27,0
DA:28,0
DA:30,0
DA:31,0
DA:32,0
DA:36,0
DA:37,0
DA:38,0
DA:39,0
DA:44,0
DA:47,0
DA:48,0
DA:52,0
DA:53,0
DA:54,0
DA:55,0
DA:56,0
DA:57,0
DA:59,0
DA:60,0
DA:65,0
DA:66,0
DA:74,0
DA:75,0
DA:85,0
DA:90,0
DA:103,0
LF:39
LH:0
BRDA:26,0,0,0
BRDA:26,0,1,0
BRDA:26,1,0,0
BRDA:26,1,1,0
BRDA:26,1,2,0
BRDA:37,2,0,0
BRDA:37,2,1,0
BRDA:37,2,2,0
BRDA:53,3,0,0
BRDA:53,3,1,0
BRDA:65,4,0,0
BRDA:65,4,1,0
BRDA:74,5,0,0
BRDA:74,5,1,0
BRDA:97,6,0,0
BRDA:97,6,1,0
BRDA:129,7,0,0
BRDA:129,7,1,0
BRDA:134,8,0,0
BRDA:134,8,1,0
BRDA:134,9,0,0
BRDA:134,9,1,0
BRDA:136,10,0,0
BRDA:136,10,1,0
BRDA:137,11,0,0
BRDA:137,11,1,0
BRDA:151,12,0,0
BRDA:151,12,1,0
BRDA:154,13,0,0
BRDA:154,13,1,0
BRDA:157,14,0,0
BRDA:157,14,1,0
BRDA:160,15,0,0
BRDA:160,15,1,0
BRDA:172,16,0,0
BRDA:172,16,1,0
BRF:36
BRH:0
end_of_record
TN:
SF:src\pages\Dairy\DairyFeedRecords.js
FN:7,(anonymous_0)
FN:38,(anonymous_1)
FN:41,(anonymous_2)
FN:46,(anonymous_3)
FN:67,(anonymous_4)
FN:77,(anonymous_5)
FN:115,(anonymous_6)
FN:127,(anonymous_7)
FN:141,(anonymous_8)
FN:153,(anonymous_9)
FN:175,(anonymous_10)
FN:196,(anonymous_11)
FN:205,(anonymous_12)
FN:209,(anonymous_13)
FN:220,(anonymous_14)
FN:224,(anonymous_15)
FN:236,(anonymous_16)
FN:273,(anonymous_17)
FN:296,(anonymous_18)
FN:303,(anonymous_19)
FN:339,(anonymous_20)
FN:344,(anonymous_21)
FN:356,(anonymous_22)
FN:365,(anonymous_23)
FN:370,(anonymous_24)
FN:384,(anonymous_25)
FN:392,(anonymous_26)
FN:397,(anonymous_27)
FN:416,(anonymous_28)
FN:428,(anonymous_29)
FN:436,(anonymous_30)
FN:468,(anonymous_31)
FNF:32
FNH:9
FNDA:9,(anonymous_0)
FNDA:3,(anonymous_1)
FNDA:3,(anonymous_2)
FNDA:3,(anonymous_3)
FNDA:3,(anonymous_4)
FNDA:0,(anonymous_5)
FNDA:0,(anonymous_6)
FNDA:0,(anonymous_7)
FNDA:0,(anonymous_8)
FNDA:2,(anonymous_9)
FNDA:0,(anonymous_10)
FNDA:0,(anonymous_11)
FNDA:0,(anonymous_12)
FNDA:0,(anonymous_13)
FNDA:0,(anonymous_14)
FNDA:14,(anonymous_15)
FNDA:0,(anonymous_16)
FNDA:2,(anonymous_17)
FNDA:0,(anonymous_18)
FNDA:1,(anonymous_19)
FNDA:0,(anonymous_20)
FNDA:0,(anonymous_21)
FNDA:0,(anonymous_22)
FNDA:0,(anonymous_23)
FNDA:0,(anonymous_24)
FNDA:0,(anonymous_25)
FNDA:0,(anonymous_26)
FNDA:0,(anonymous_27)
FNDA:0,(anonymous_28)
FNDA:0,(anonymous_29)
FNDA:0,(anonymous_30)
FNDA:0,(anonymous_31)
DA:7,1
DA:8,9
DA:9,8
DA:10,8
DA:11,8
DA:12,8
DA:13,8
DA:14,8
DA:15,8
DA:16,8
DA:17,8
DA:18,8
DA:19,8
DA:20,8
DA:22,8
DA:33,8
DA:34,8
DA:37,8
DA:38,3
DA:41,8
DA:42,3
DA:43,3
DA:46,8
DA:47,3
DA:48,3
DA:56,3
DA:57,3
DA:58,1
DA:59,1
DA:60,1
DA:62,2
DA:63,2
DA:67,8
DA:68,3
DA:69,3
DA:70,3
DA:71,3
DA:73,2
DA:77,8
DA:78,0
DA:79,0
DA:81,0
DA:91,0
DA:93,0
DA:94,0
DA:95,0
DA:96,0
DA:98,0
DA:99,0
DA:100,0
DA:102,0
DA:103,0
DA:104,0
DA:105,0
DA:107,0
DA:108,0
DA:111,0
DA:115,8
DA:116,0
DA:117,0
DA:118,0
DA:119,0
DA:120,0
DA:121,0
DA:123,0
DA:127,8
DA:128,0
DA:129,0
DA:138,0
DA:141,8
DA:142,0
DA:153,8
DA:154,2
DA:155,2
DA:158,8
DA:159,6
DA:166,2
DA:175,0
DA:196,0
DA:205,0
DA:210,0
DA:220,0
DA:225,14
DA:236,0
DA:274,2
DA:296,0
DA:303,1
DA:339,0
DA:345,0
DA:356,0
DA:365,0
DA:371,0
DA:384,0
DA:392,0
DA:398,0
DA:416,0
DA:428,0
DA:436,0
DA:468,0
LF:99
LH:51
BRDA:37,0,0,3
BRDA:37,0,1,5
BRDA:51,1,0,3
BRDA:51,1,1,0
BRDA:52,2,0,3
BRDA:52,2,1,0
BRDA:53,3,0,3
BRDA:53,3,1,0
BRDA:54,4,0,3
BRDA:54,4,1,0
BRDA:57,5,0,3
BRDA:57,5,1,0
BRDA:58,6,0,1
BRDA:58,6,1,0
BRDA:58,6,2,0
BRDA:70,7,0,3
BRDA:70,7,1,3
BRDA:70,7,2,3
BRDA:84,8,0,0
BRDA:84,8,1,0
BRDA:85,9,0,0
BRDA:85,9,1,0
BRDA:86,10,0,0
BRDA:86,10,1,0
BRDA:87,11,0,0
BRDA:87,11,1,0
BRDA:88,12,0,0
BRDA:88,12,1,0
BRDA:93,13,0,0
BRDA:93,13,1,0
BRDA:108,14,0,0
BRDA:108,14,1,0
BRDA:108,15,0,0
BRDA:108,15,1,0
BRDA:110,16,0,0
BRDA:110,16,1,0
BRDA:130,17,0,0
BRDA:130,17,1,0
BRDA:130,17,2,0
BRDA:130,17,3,0
BRDA:131,18,0,0
BRDA:131,18,1,0
BRDA:133,19,0,0
BRDA:133,19,1,0
BRDA:134,20,0,0
BRDA:134,20,1,0
BRDA:135,21,0,0
BRDA:135,21,1,0
BRDA:136,22,0,0
BRDA:136,22,1,0
BRDA:154,23,0,0
BRDA:154,23,1,2
BRDA:158,24,0,6
BRDA:158,24,1,2
BRDA:211,25,0,0
BRDA:211,25,1,0
BRDA:211,25,2,0
BRDA:276,26,0,2
BRDA:276,26,1,0
BRDA:276,26,2,0
BRDA:285,27,0,2
BRDA:285,27,1,0
BRDA:288,28,0,2
BRDA:288,28,1,0
BRDA:291,29,0,2
BRDA:291,29,1,0
BRDA:313,30,0,2
BRDA:313,30,1,0
BRDA:327,31,0,2
BRDA:327,31,1,0
BRDA:332,32,0,0
BRDA:332,32,1,0
BRDA:346,33,0,0
BRDA:346,33,1,0
BRDA:346,33,2,0
BRDA:445,34,0,0
BRDA:445,34,1,0
BRDA:455,35,0,2
BRDA:455,35,1,1
BRDA:455,35,2,1
BRF:80
BRH:23
end_of_record
TN:
SF:src\pages\Dairy\DairyForm.js
FN:8,(anonymous_0)
FN:22,(anonymous_1)
FN:26,(anonymous_2)
FN:31,(anonymous_3)
FN:42,(anonymous_4)
FN:46,(anonymous_5)
FN:50,(anonymous_6)
FN:52,(anonymous_7)
FN:55,(anonymous_8)
FN:87,(anonymous_9)
FN:110,(anonymous_10)
FN:125,(anonymous_11)
FN:133,(anonymous_12)
FN:141,(anonymous_13)
FNF:14
FNH:0
FNDA:0,(anonymous_0)
FNDA:0,(anonymous_1)
FNDA:0,(anonymous_2)
FNDA:0,(anonymous_3)
FNDA:0,(anonymous_4)
FNDA:0,(anonymous_5)
FNDA:0,(anonymous_6)
FNDA:0,(anonymous_7)
FNDA:0,(anonymous_8)
FNDA:0,(anonymous_9)
FNDA:0,(anonymous_10)
FNDA:0,(anonymous_11)
FNDA:0,(anonymous_12)
FNDA:0,(anonymous_13)
DA:8,0
DA:11,0
DA:19,0
DA:20,0
DA:21,0
DA:22,0
DA:23,0
DA:24,0
DA:26,0
DA:27,0
DA:28,0
DA:29,0
DA:30,0
DA:32,0
DA:33,0
DA:43,0
DA:44,0
DA:46,0
DA:50,0
DA:51,0
DA:52,0
DA:55,0
DA:56,0
DA:57,0
DA:59,0
DA:63,0
DA:64,0
DA:65,0
DA:66,0
DA:68,0
DA:69,0
DA:70,0
DA:72,0
DA:76,0
DA:77,0
DA:84,0
DA:87,0
DA:111,0
DA:126,0
DA:134,0
DA:141,0
LF:41
LH:0
BRDA:27,0,0,0
BRDA:27,0,1,0
BRDA:35,1,0,0
BRDA:35,1,1,0
BRDA:37,2,0,0
BRDA:37,2,1,0
BRDA:59,3,0,0
BRDA:59,3,1,0
BRDA:65,4,0,0
BRDA:65,4,1,0
BRDA:69,5,0,0
BRDA:69,5,1,0
BRDA:69,6,0,0
BRDA:69,6,1,0
BRDA:76,7,0,0
BRDA:76,7,1,0
BRDA:76,8,0,0
BRDA:76,8,1,0
BRDA:90,9,0,0
BRDA:90,9,1,0
BRDA:145,10,0,0
BRDA:145,10,1,0
BRDA:145,11,0,0
BRDA:145,11,1,0
BRF:24
BRH:0
end_of_record
TN:
SF:src\pages\Dairy\DairyHealth.js
FN:4,(anonymous_0)
FNF:1
FNH:0
FNDA:0,(anonymous_0)
DA:4,0
DA:5,0
DA:7,0
LF:3
LH:0
BRF:0
BRH:0
end_of_record
TN:
SF:src\pages\Dairy\DairyHealthRecords.js
FN:7,(anonymous_0)
FN:37,(anonymous_1)
FN:41,(anonymous_2)
FN:84,(anonymous_3)
FN:89,(anonymous_4)
FN:111,(anonymous_5)
FN:116,(anonymous_6)
FN:121,(anonymous_7)
FN:129,(anonymous_8)
FN:148,(anonymous_9)
FN:160,(anonymous_10)
FN:176,(anonymous_11)
FN:190,(anonymous_12)
FN:202,(anonymous_13)
FN:225,(anonymous_14)
FN:244,(anonymous_15)
FN:251,(anonymous_16)
FN:253,(anonymous_17)
FN:262,(anonymous_18)
FN:264,(anonymous_19)
FN:276,(anonymous_20)
FN:300,(anonymous_21)
FN:319,(anonymous_22)
FN:322,(anonymous_23)
FN:347,(anonymous_24)
FN:352,(anonymous_25)
FN:371,(anonymous_26)
FN:375,(anonymous_27)
FN:377,(anonymous_28)
FN:386,(anonymous_29)
FN:390,(anonymous_30)
FN:399,(anonymous_31)
FN:411,(anonymous_32)
FN:420,(anonymous_33)
FN:427,(anonymous_34)
FN:454,(anonymous_35)
FNF:36
FNH:13
FNDA:8,(anonymous_0)
FNDA:301,(anonymous_1)
FNDA:47,(anonymous_2)
FNDA:3,(anonymous_3)
FNDA:3,(anonymous_4)
FNDA:3,(anonymous_5)
FNDA:0,(anonymous_6)
FNDA:0,(anonymous_7)
FNDA:0,(anonymous_8)
FNDA:0,(anonymous_9)
FNDA:0,(anonymous_10)
FNDA:2,(anonymous_11)
FNDA:5,(anonymous_12)
FNDA:5,(anonymous_13)
FNDA:2,(anonymous_14)
FNDA:0,(anonymous_15)
FNDA:0,(anonymous_16)
FNDA:0,(anonymous_17)
FNDA:0,(anonymous_18)
FNDA:30,(anonymous_19)
FNDA:0,(anonymous_20)
FNDA:5,(anonymous_21)
FNDA:0,(anonymous_22)
FNDA:0,(anonymous_23)
FNDA:0,(anonymous_24)
FNDA:0,(anonymous_25)
FNDA:0,(anonymous_26)
FNDA:0,(anonymous_27)
FNDA:12,(anonymous_28)
FNDA:0,(anonymous_29)
FNDA:0,(anonymous_30)
FNDA:0,(anonymous_31)
FNDA:0,(anonymous_32)
FNDA:0,(anonymous_33)
FNDA:0,(anonymous_34)
FNDA:0,(anonymous_35)
DA:7,1
DA:8,8
DA:9,8
DA:10,8
DA:11,8
DA:12,8
DA:13,8
DA:14,8
DA:15,8
DA:16,8
DA:17,8
DA:18,8
DA:19,8
DA:21,8
DA:22,8
DA:34,8
DA:37,8
DA:38,301
DA:41,8
DA:42,47
DA:46,8
DA:84,8
DA:85,3
DA:86,3
DA:89,8
DA:90,3
DA:91,3
DA:100,3
DA:101,3
DA:102,3
DA:103,3
DA:104,3
DA:106,0
DA:107,0
DA:111,8
DA:112,3
DA:113,3
DA:114,3
DA:116,3
DA:117,3
DA:120,3
DA:121,0
DA:124,0
DA:125,0
DA:129,8
DA:130,0
DA:131,0
DA:132,0
DA:133,0
DA:134,0
DA:136,0
DA:137,0
DA:139,0
DA:140,0
DA:141,0
DA:142,0
DA:144,0
DA:148,8
DA:149,0
DA:150,0
DA:151,0
DA:152,0
DA:153,0
DA:154,0
DA:156,0
DA:160,8
DA:161,0
DA:162,0
DA:173,0
DA:176,8
DA:177,2
DA:190,8
DA:191,5
DA:199,5
DA:202,8
DA:203,5
DA:204,5
DA:207,8
DA:208,3
DA:216,5
DA:225,2
DA:244,0
DA:251,0
DA:254,0
DA:262,0
DA:265,30
DA:276,0
DA:301,5
DA:319,0
DA:322,0
DA:347,0
DA:353,0
DA:356,0
DA:371,0
DA:375,0
DA:378,12
DA:386,0
DA:390,0
DA:399,0
DA:411,0
DA:420,0
DA:427,0
DA:454,0
LF:103
LH:57
BRDA:37,0,0,0
BRDA:94,1,0,3
BRDA:94,1,1,0
BRDA:95,2,0,3
BRDA:95,2,1,0
BRDA:96,3,0,3
BRDA:96,3,1,0
BRDA:97,4,0,3
BRDA:97,4,1,0
BRDA:101,5,0,3
BRDA:101,5,1,0
BRDA:102,6,0,3
BRDA:102,6,1,0
BRDA:102,6,2,0
BRDA:114,7,0,3
BRDA:114,7,1,3
BRDA:116,8,0,0
BRDA:116,8,1,0
BRDA:116,8,2,0
BRDA:120,9,0,0
BRDA:120,9,1,3
BRDA:120,10,0,3
BRDA:120,10,1,0
BRDA:132,11,0,0
BRDA:132,11,1,0
BRDA:144,12,0,0
BRDA:144,12,1,0
BRDA:163,13,0,0
BRDA:163,13,1,0
BRDA:163,13,2,0
BRDA:163,13,3,0
BRDA:164,14,0,0
BRDA:164,14,1,0
BRDA:166,15,0,0
BRDA:166,15,1,0
BRDA:167,16,0,0
BRDA:167,16,1,0
BRDA:168,17,0,0
BRDA:168,17,1,0
BRDA:169,18,0,0
BRDA:169,18,1,0
BRDA:170,19,0,0
BRDA:170,19,1,0
BRDA:171,20,0,0
BRDA:171,20,1,0
BRDA:199,21,0,5
BRDA:199,21,1,0
BRDA:203,22,0,0
BRDA:203,22,1,5
BRDA:207,23,0,3
BRDA:207,23,1,5
BRDA:255,24,0,0
BRDA:255,24,1,0
BRDA:255,24,2,0
BRDA:302,25,0,5
BRDA:302,25,1,0
BRDA:302,25,2,0
BRDA:306,26,0,5
BRDA:306,26,1,0
BRDA:311,27,0,5
BRDA:311,27,1,0
BRDA:314,28,0,5
BRDA:314,28,1,5
BRDA:315,29,0,0
BRDA:315,29,1,5
BRDA:316,30,0,0
BRDA:316,30,1,5
BRDA:335,31,0,5
BRDA:335,31,1,2
BRDA:340,32,0,0
BRDA:340,32,1,2
BRDA:358,33,0,0
BRDA:358,33,1,0
BRDA:363,34,0,2
BRDA:363,34,1,2
BRDA:433,35,0,0
BRDA:433,35,1,2
BRDA:443,36,0,5
BRDA:443,36,1,0
BRF:79
BRH:28
end_of_record
TN:
SF:src\pages\Goat\GoatDashboard.js
FN:24,(anonymous_0)
FN:27,(anonymous_1)
FN:33,(anonymous_2)
FN:50,(anonymous_3)
FN:73,(anonymous_4)
FN:160,(anonymous_5)
FN:170,(anonymous_6)
FN:172,(anonymous_7)
FN:178,(anonymous_8)
FN:223,(anonymous_9)
FN:224,(anonymous_10)
FN:242,(anonymous_11)
FN:246,(anonymous_12)
FN:253,(anonymous_13)
FN:267,(anonymous_14)
FN:462,GoatDashboardWithBoundary
FN:468,(anonymous_16)
FNF:17
FNH:0
FNDA:0,(anonymous_0)
FNDA:0,(anonymous_1)
FNDA:0,(anonymous_2)
FNDA:0,(anonymous_3)
FNDA:0,(anonymous_4)
FNDA:0,(anonymous_5)
FNDA:0,(anonymous_6)
FNDA:0,(anonymous_7)
FNDA:0,(anonymous_8)
FNDA:0,(anonymous_9)
FNDA:0,(anonymous_10)
FNDA:0,(anonymous_11)
FNDA:0,(anonymous_12)
FNDA:0,(anonymous_13)
FNDA:0,(anonymous_14)
FNDA:0,GoatDashboardWithBoundary
FNDA:0,(anonymous_16)
DA:20,0
DA:25,0
DA:28,0
DA:29,0
DA:33,0
DA:34,0
DA:35,0
DA:44,0
DA:45,0
DA:46,0
DA:47,0
DA:50,0
DA:52,0
DA:53,0
DA:54,0
DA:55,0
DA:56,0
DA:57,0
DA:60,0
DA:61,0
DA:62,0
DA:64,0
DA:66,0
DA:73,0
DA:77,0
DA:78,0
DA:79,0
DA:81,0
DA:83,0
DA:84,0
DA:87,0
DA:88,0
DA:89,0
DA:90,0
DA:91,0
DA:92,0
DA:96,0
DA:97,0
DA:98,0
DA:100,0
DA:101,0
DA:102,0
DA:103,0
DA:104,0
DA:105,0
DA:108,0
DA:116,0
DA:117,0
DA:118,0
DA:120,0
DA:121,0
DA:122,0
DA:123,0
DA:124,0
DA:125,0
DA:128,0
DA:136,0
DA:143,0
DA:144,0
DA:145,0
DA:148,0
DA:155,0
DA:156,0
DA:157,0
DA:160,0
DA:161,0
DA:162,0
DA:163,0
DA:164,0
DA:166,0
DA:169,0
DA:170,0
DA:172,0
DA:173,0
DA:178,0
DA:179,0
DA:180,0
DA:181,0
DA:182,0
DA:184,0
DA:185,0
DA:190,0
DA:191,0
DA:193,0
DA:204,0
DA:205,0
DA:206,0
DA:208,0
DA:211,0
DA:212,0
DA:213,0
DA:215,0
DA:218,0
DA:223,0
DA:224,0
DA:225,0
DA:228,0
DA:232,0
DA:237,0
DA:242,0
DA:243,0
DA:246,0
DA:247,0
DA:248,0
DA:253,0
DA:256,0
DA:257,0
DA:266,0
DA:267,0
DA:280,0
DA:281,0
DA:301,0
DA:463,0
DA:465,0
DA:468,0
LF:115
LH:0
BRDA:50,0,0,0
BRDA:52,1,0,0
BRDA:52,1,1,0
BRDA:52,2,0,0
BRDA:52,2,1,0
BRDA:52,2,2,0
BRDA:87,3,0,0
BRDA:87,3,1,0
BRDA:89,4,0,0
BRDA:89,4,1,0
BRDA:90,5,0,0
BRDA:90,5,1,0
BRDA:91,6,0,0
BRDA:91,6,1,0
BRDA:92,7,0,0
BRDA:92,7,1,0
BRDA:100,8,0,0
BRDA:100,8,1,0
BRDA:101,9,0,0
BRDA:101,9,1,0
BRDA:102,10,0,0
BRDA:102,10,1,0
BRDA:104,11,0,0
BRDA:104,11,1,0
BRDA:105,12,0,0
BRDA:105,12,1,0
BRDA:120,13,0,0
BRDA:120,13,1,0
BRDA:121,14,0,0
BRDA:121,14,1,0
BRDA:122,15,0,0
BRDA:122,15,1,0
BRDA:124,16,0,0
BRDA:124,16,1,0
BRDA:125,17,0,0
BRDA:125,17,1,0
BRDA:143,18,0,0
BRDA:143,18,1,0
BRDA:143,19,0,0
BRDA:143,19,1,0
BRDA:144,20,0,0
BRDA:144,20,1,0
BRDA:144,21,0,0
BRDA:144,21,1,0
BRDA:145,22,0,0
BRDA:145,22,1,0
BRDA:145,23,0,0
BRDA:145,23,1,0
BRDA:173,24,0,0
BRDA:173,24,1,0
BRDA:173,24,2,0
BRDA:179,25,0,0
BRDA:179,25,1,0
BRDA:182,26,0,0
BRDA:182,26,1,0
BRDA:182,26,2,0
BRDA:211,27,0,0
BRDA:211,27,1,0
BRDA:212,28,0,0
BRDA:212,28,1,0
BRDA:233,29,0,0
BRDA:233,29,1,0
BRDA:247,30,0,0
BRDA:247,30,1,0
BRDA:256,31,0,0
BRDA:256,31,1,0
BRDA:270,32,0,0
BRDA:270,32,1,0
BRDA:275,33,0,0
BRDA:275,33,1,0
BRDA:276,34,0,0
BRDA:276,34,1,0
BRDA:280,35,0,0
BRDA:280,35,1,0
BRDA:292,36,0,0
BRDA:292,36,1,0
BRDA:292,36,2,0
BRDA:307,37,0,0
BRDA:307,37,1,0
BRDA:310,38,0,0
BRDA:310,38,1,0
BRF:81
BRH:0
end_of_record
TN:
SF:src\pages\Goat\GoatForm.js
FN:9,(anonymous_0)
FN:33,(anonymous_1)
FN:36,(anonymous_2)
FN:39,(anonymous_3)
FN:46,(anonymous_4)
FN:48,(anonymous_5)
FN:54,(anonymous_6)
FN:61,(anonymous_7)
FN:247,(anonymous_8)
FNF:9
FNH:0
FNDA:0,(anonymous_0)
FNDA:0,(anonymous_1)
FNDA:0,(anonymous_2)
FNDA:0,(anonymous_3)
FNDA:0,(anonymous_4)
FNDA:0,(anonymous_5)
FNDA:0,(anonymous_6)
FNDA:0,(anonymous_7)
FNDA:0,(anonymous_8)
DA:9,0
DA:10,0
DA:11,0
DA:12,0
DA:13,0
DA:14,0
DA:16,0
DA:31,0
DA:33,0
DA:37,0
DA:40,0
DA:45,0
DA:46,0
DA:49,0
DA:50,0
DA:51,0
DA:52,0
DA:55,0
DA:56,0
DA:61,0
DA:62,0
DA:67,0
DA:70,0
DA:71,0
DA:78,0
DA:247,0
LF:26
LH:0
BRDA:46,0,0,0
BRDA:46,0,1,0
BRDA:49,1,0,0
BRDA:49,1,1,0
BRDA:55,2,0,0
BRDA:55,2,1,0
BRDA:70,3,0,0
BRDA:70,3,1,0
BRDA:81,4,0,0
BRDA:81,4,1,0
BRDA:95,5,0,0
BRDA:95,5,1,0
BRDA:97,6,0,0
BRDA:97,6,1,0
BRDA:109,7,0,0
BRDA:109,7,1,0
BRDA:111,8,0,0
BRDA:111,8,1,0
BRDA:257,9,0,0
BRDA:257,9,1,0
BRDA:257,10,0,0
BRDA:257,10,1,0
BRF:22
BRH:0
end_of_record
TN:
SF:src\pages\Goat\GoatProduction.js
FN:7,(anonymous_0)
FN:17,(anonymous_1)
FN:21,(anonymous_2)
FN:36,(anonymous_3)
FN:38,(anonymous_4)
FN:61,(anonymous_5)
FN:77,(anonymous_6)
FN:90,(anonymous_7)
FN:171,(anonymous_8)
FNF:9
FNH:0
FNDA:0,(anonymous_0)
FNDA:0,(anonymous_1)
FNDA:0,(anonymous_2)
FNDA:0,(anonymous_3)
FNDA:0,(anonymous_4)
FNDA:0,(anonymous_5)
FNDA:0,(anonymous_6)
FNDA:0,(anonymous_7)
FNDA:0,(anonymous_8)
DA:7,0
DA:8,0
DA:9,0
DA:10,0
DA:11,0
DA:15,0
DA:17,0
DA:18,0
DA:21,0
DA:22,0
DA:23,0
DA:24,0
DA:26,0
DA:28,0
DA:30,0
DA:32,0
DA:36,0
DA:37,0
DA:38,0
DA:44,0
DA:45,0
DA:52,0
DA:61,0
DA:77,0
DA:90,0
DA:172,0
LF:26
LH:0
BRDA:26,0,0,0
BRDA:26,0,1,0
BRDA:44,1,0,0
BRDA:44,1,1,0
BRDA:77,2,0,0
BRDA:77,2,1,0
BRDA:77,3,0,0
BRDA:77,3,1,0
BRDA:89,4,0,0
BRDA:89,4,1,0
BRDA:89,5,0,0
BRDA:89,5,1,0
BRDA:90,6,0,0
BRDA:90,6,1,0
BRDA:170,7,0,0
BRDA:170,7,1,0
BRDA:183,8,0,0
BRDA:183,8,1,0
BRDA:186,9,0,0
BRDA:186,9,1,0
BRDA:189,10,0,0
BRDA:189,10,1,0
BRF:22
BRH:0
end_of_record
TN:
SF:src\pages\Goat\MilkRecordForm.js
FN:8,(anonymous_0)
FN:10,(anonymous_1)
FN:25,(anonymous_2)
FN:32,(anonymous_3)
FN:42,(anonymous_4)
FN:65,(anonymous_5)
FN:67,(anonymous_6)
FN:73,(anonymous_7)
FN:143,(anonymous_8)
FN:282,(anonymous_9)
FNF:10
FNH:0
FNDA:0,(anonymous_0)
FNDA:0,(anonymous_1)
FNDA:0,(anonymous_2)
FNDA:0,(anonymous_3)
FNDA:0,(anonymous_4)
FNDA:0,(anonymous_5)
FNDA:0,(anonymous_6)
FNDA:0,(anonymous_7)
FNDA:0,(anonymous_8)
FNDA:0,(anonymous_9)
DA:8,0
DA:9,0
DA:10,0
DA:11,0
DA:12,0
DA:13,0
DA:14,0
DA:15,0
DA:25,0
DA:26,0
DA:27,0
DA:29,0
DA:32,0
DA:33,0
DA:34,0
DA:35,0
DA:37,0
DA:38,0
DA:42,0
DA:43,0
DA:44,0
DA:45,0
DA:46,0
DA:47,0
DA:57,0
DA:58,0
DA:59,0
DA:61,0
DA:65,0
DA:66,0
DA:67,0
DA:73,0
DA:74,0
DA:76,0
DA:77,0
DA:78,0
DA:81,0
DA:82,0
DA:85,0
DA:86,0
DA:96,0
DA:97,0
DA:98,0
DA:100,0
DA:101,0
DA:104,0
DA:106,0
DA:107,0
DA:109,0
DA:113,0
DA:144,0
DA:282,0
LF:52
LH:0
BRDA:26,0,0,0
BRDA:26,0,1,0
BRDA:35,1,0,0
BRDA:35,1,1,0
BRDA:35,1,2,0
BRDA:48,2,0,0
BRDA:48,2,1,0
BRDA:50,3,0,0
BRDA:50,3,1,0
BRDA:51,4,0,0
BRDA:51,4,1,0
BRDA:52,5,0,0
BRDA:52,5,1,0
BRDA:53,6,0,0
BRDA:53,6,1,0
BRDA:54,7,0,0
BRDA:54,7,1,0
BRDA:76,8,0,0
BRDA:76,8,1,0
BRDA:76,9,0,0
BRDA:76,9,1,0
BRDA:89,10,0,0
BRDA:89,10,1,0
BRDA:90,11,0,0
BRDA:90,11,1,0
BRDA:91,12,0,0
BRDA:91,12,1,0
BRDA:93,13,0,0
BRDA:93,13,1,0
BRDA:96,14,0,0
BRDA:96,14,1,0
BRDA:123,15,0,0
BRDA:123,15,1,0
BRDA:140,16,0,0
BRDA:140,16,1,0
BRDA:145,17,0,0
BRDA:145,17,1,0
BRDA:294,18,0,0
BRDA:294,18,1,0
BRDA:305,19,0,0
BRDA:305,19,1,0
BRF:41
BRH:0
end_of_record
TN:
SF:src\pages\Poultry\Poultry.js
FN:8,(anonymous_0)
FN:12,(anonymous_1)
FN:28,(anonymous_2)
FN:49,(anonymous_3)
FN:53,(anonymous_4)
FN:66,(anonymous_5)
FN:68,(anonymous_6)
FN:74,(anonymous_7)
FN:115,(anonymous_8)
FN:200,(anonymous_9)
FN:243,(anonymous_10)
FN:293,(anonymous_11)
FN:313,(anonymous_12)
FN:313,(anonymous_13)
FN:320,(anonymous_14)
FN:320,(anonymous_15)
FN:339,(anonymous_16)
FN:339,(anonymous_17)
FN:346,(anonymous_18)
FN:360,(anonymous_19)
FN:372,(anonymous_20)
FN:372,(anonymous_21)
FNF:22
FNH:0
FNDA:0,(anonymous_0)
FNDA:0,(anonymous_1)
FNDA:0,(anonymous_2)
FNDA:0,(anonymous_3)
FNDA:0,(anonymous_4)
FNDA:0,(anonymous_5)
FNDA:0,(anonymous_6)
FNDA:0,(anonymous_7)
FNDA:0,(anonymous_8)
FNDA:0,(anonymous_9)
FNDA:0,(anonymous_10)
FNDA:0,(anonymous_11)
FNDA:0,(anonymous_12)
FNDA:0,(anonymous_13)
FNDA:0,(anonymous_14)
FNDA:0,(anonymous_15)
FNDA:0,(anonymous_16)
FNDA:0,(anonymous_17)
FNDA:0,(anonymous_18)
FNDA:0,(anonymous_19)
FNDA:0,(anonymous_20)
FNDA:0,(anonymous_21)
DA:8,0
DA:9,0
DA:12,0
DA:13,0
DA:14,0
DA:16,0
DA:17,0
DA:18,0
DA:19,0
DA:24,0
DA:25,0
DA:26,0
DA:28,0
DA:29,0
DA:30,0
DA:31,0
DA:38,0
DA:39,0
DA:40,0
DA:42,0
DA:43,0
DA:45,0
DA:49,0
DA:50,0
DA:53,0
DA:54,0
DA:55,0
DA:56,0
DA:57,0
DA:58,0
DA:60,0
DA:61,0
DA:66,0
DA:67,0
DA:68,0
DA:74,0
DA:75,0
DA:80,0
DA:83,0
DA:84,0
DA:91,0
DA:115,0
DA:200,0
DA:244,0
DA:293,0
DA:313,0
DA:320,0
DA:339,0
DA:348,0
DA:349,0
DA:350,0
DA:351,0
DA:352,0
DA:353,0
DA:355,0
DA:357,0
DA:360,0
DA:372,0
LF:58
LH:0
BRDA:14,0,0,0
BRDA:14,0,1,0
BRDA:35,1,0,0
BRDA:35,1,1,0
BRDA:39,2,0,0
BRDA:39,2,1,0
BRDA:40,3,0,0
BRDA:40,3,1,0
BRDA:54,4,0,0
BRDA:54,4,1,0
BRDA:83,5,0,0
BRDA:83,5,1,0
BRDA:83,6,0,0
BRDA:83,6,1,0
BRDA:117,7,0,0
BRDA:117,7,1,0
BRDA:119,8,0,0
BRDA:119,8,1,0
BRDA:131,9,0,0
BRDA:131,9,1,0
BRDA:236,10,0,0
BRDA:236,10,1,0
BRDA:249,11,0,0
BRDA:249,11,1,0
BRDA:260,12,0,0
BRDA:260,12,1,0
BRDA:268,13,0,0
BRDA:268,13,1,0
BRDA:269,14,0,0
BRDA:269,14,1,0
BRDA:270,15,0,0
BRDA:270,15,1,0
BRDA:309,16,0,0
BRDA:309,16,1,0
BRDA:348,17,0,0
BRDA:348,17,1,0
BRDA:350,18,0,0
BRDA:350,18,1,0
BRDA:352,19,0,0
BRDA:352,19,1,0
BRDA:362,20,0,0
BRDA:362,20,1,0
BRF:42
BRH:0
end_of_record
TN:
SF:src\pages\Poultry\PoultryDashboard.js
FN:7,(anonymous_0)
FN:11,(anonymous_1)
FN:12,(anonymous_2)
FN:32,(anonymous_3)
FN:51,(anonymous_4)
FN:57,(anonymous_5)
FN:58,(anonymous_6)
FN:69,(anonymous_7)
FN:73,(anonymous_8)
FN:85,(anonymous_9)
FN:87,(anonymous_10)
FN:88,(anonymous_11)
FN:91,(anonymous_12)
FN:96,(anonymous_13)
FN:98,(anonymous_14)
FNF:15
FNH:0
FNDA:0,(anonymous_0)
FNDA:0,(anonymous_1)
FNDA:0,(anonymous_2)
FNDA:0,(anonymous_3)
FNDA:0,(anonymous_4)
FNDA:0,(anonymous_5)
FNDA:0,(anonymous_6)
FNDA:0,(anonymous_7)
FNDA:0,(anonymous_8)
FNDA:0,(anonymous_9)
FNDA:0,(anonymous_10)
FNDA:0,(anonymous_11)
FNDA:0,(anonymous_12)
FNDA:0,(anonymous_13)
FNDA:0,(anonymous_14)
DA:7,0
DA:8,0
DA:11,0
DA:12,0
DA:13,0
DA:14,0
DA:15,0
DA:18,0
DA:19,0
DA:22,0
DA:23,0
DA:26,0
DA:32,0
DA:33,0
DA:38,0
DA:42,0
DA:43,0
DA:48,0
DA:49,0
DA:51,0
DA:52,0
DA:57,0
DA:58,0
DA:59,0
DA:67,0
DA:69,0
DA:70,0
DA:73,0
DA:74,0
DA:75,0
DA:76,0
DA:81,0
DA:82,0
DA:85,0
DA:86,0
DA:87,0
DA:88,0
DA:91,0
DA:94,0
DA:95,0
DA:96,0
DA:97,0
DA:99,0
DA:103,0
DA:112,0
DA:114,0
DA:118,0
DA:119,0
DA:127,0
LF:49
LH:0
BRDA:42,0,0,0
BRDA:42,0,1,0
BRDA:81,1,0,0
BRDA:81,1,1,0
BRDA:82,2,0,0
BRDA:82,2,1,0
BRDA:85,3,0,0
BRDA:85,3,1,0
BRDA:85,4,0,0
BRDA:85,4,1,0
BRDA:86,5,0,0
BRDA:86,5,1,0
BRDA:88,6,0,0
BRDA:88,6,1,0
BRDA:91,7,0,0
BRDA:91,7,1,0
BRDA:91,8,0,0
BRDA:91,8,1,0
BRDA:97,9,0,0
BRDA:97,9,1,0
BRDA:99,10,0,0
BRDA:99,10,1,0
BRDA:118,11,0,0
BRDA:118,11,1,0
BRDA:254,12,0,0
BRDA:254,12,1,0
BRF:26
BRH:0
end_of_record
TN:
SF:src\pages\Poultry\PoultryFeedRecords.js
FN:7,(anonymous_0)
FN:51,(anonymous_1)
FN:56,(anonymous_2)
FN:77,(anonymous_3)
FN:87,(anonymous_4)
FN:107,(anonymous_5)
FN:120,(anonymous_6)
FN:136,(anonymous_7)
FN:150,(anonymous_8)
FN:172,(anonymous_9)
FN:206,(anonymous_10)
FN:215,(anonymous_11)
FN:218,(anonymous_12)
FN:230,(anonymous_13)
FN:233,(anonymous_14)
FN:246,(anonymous_15)
FN:282,(anonymous_16)
FN:295,(anonymous_17)
FN:302,(anonymous_18)
FN:329,(anonymous_19)
FN:345,(anonymous_20)
FN:351,(anonymous_21)
FN:367,(anonymous_22)
FN:381,(anonymous_23)
FN:387,(anonymous_24)
FN:406,(anonymous_25)
FN:419,(anonymous_26)
FN:423,(anonymous_27)
FN:442,(anonymous_28)
FN:459,(anonymous_29)
FN:475,(anonymous_30)
FN:490,(anonymous_31)
FN:500,(anonymous_32)
FN:536,(anonymous_33)
FNF:34
FNH:0
FNDA:0,(anonymous_0)
FNDA:0,(anonymous_1)
FNDA:0,(anonymous_2)
FNDA:0,(anonymous_3)
FNDA:0,(anonymous_4)
FNDA:0,(anonymous_5)
FNDA:0,(anonymous_6)
FNDA:0,(anonymous_7)
FNDA:0,(anonymous_8)
FNDA:0,(anonymous_9)
FNDA:0,(anonymous_10)
FNDA:0,(anonymous_11)
FNDA:0,(anonymous_12)
FNDA:0,(anonymous_13)
FNDA:0,(anonymous_14)
FNDA:0,(anonymous_15)
FNDA:0,(anonymous_16)
FNDA:0,(anonymous_17)
FNDA:0,(anonymous_18)
FNDA:0,(anonymous_19)
FNDA:0,(anonymous_20)
FNDA:0,(anonymous_21)
FNDA:0,(anonymous_22)
FNDA:0,(anonymous_23)
FNDA:0,(anonymous_24)
FNDA:0,(anonymous_25)
FNDA:0,(anonymous_26)
FNDA:0,(anonymous_27)
FNDA:0,(anonymous_28)
FNDA:0,(anonymous_29)
FNDA:0,(anonymous_30)
FNDA:0,(anonymous_31)
FNDA:0,(anonymous_32)
FNDA:0,(anonymous_33)
DA:7,0
DA:8,0
DA:9,0
DA:10,0
DA:11,0
DA:12,0
DA:13,0
DA:14,0
DA:15,0
DA:16,0
DA:17,0
DA:18,0
DA:19,0
DA:20,0
DA:22,0
DA:34,0
DA:43,0
DA:51,0
DA:52,0
DA:53,0
DA:56,0
DA:57,0
DA:58,0
DA:66,0
DA:67,0
DA:68,0
DA:69,0
DA:70,0
DA:72,0
DA:73,0
DA:77,0
DA:78,0
DA:79,0
DA:80,0
DA:81,0
DA:83,0
DA:87,0
DA:88,0
DA:89,0
DA:90,0
DA:91,0
DA:92,0
DA:94,0
DA:95,0
DA:97,0
DA:98,0
DA:99,0
DA:100,0
DA:102,0
DA:103,0
DA:107,0
DA:108,0
DA:109,0
DA:110,0
DA:111,0
DA:112,0
DA:113,0
DA:115,0
DA:116,0
DA:120,0
DA:121,0
DA:122,0
DA:133,0
DA:136,0
DA:137,0
DA:150,0
DA:151,0
DA:152,0
DA:155,0
DA:156,0
DA:163,0
DA:173,0
DA:174,0
DA:185,0
DA:206,0
DA:215,0
DA:219,0
DA:230,0
DA:234,0
DA:246,0
DA:283,0
DA:295,0
DA:303,0
DA:304,0
DA:329,0
DA:346,0
DA:352,0
DA:368,0
DA:382,0
DA:388,0
DA:407,0
DA:420,0
DA:424,0
DA:443,0
DA:460,0
DA:476,0
DA:491,0
DA:500,0
DA:536,0
LF:99
LH:0
BRDA:61,0,0,0
BRDA:61,0,1,0
BRDA:62,1,0,0
BRDA:62,1,1,0
BRDA:63,2,0,0
BRDA:63,2,1,0
BRDA:64,3,0,0
BRDA:64,3,1,0
BRDA:67,4,0,0
BRDA:67,4,1,0
BRDA:68,5,0,0
BRDA:68,5,1,0
BRDA:68,5,2,0
BRDA:80,6,0,0
BRDA:80,6,1,0
BRDA:80,6,2,0
BRDA:90,7,0,0
BRDA:90,7,1,0
BRDA:123,8,0,0
BRDA:123,8,1,0
BRDA:123,8,2,0
BRDA:123,8,3,0
BRDA:124,9,0,0
BRDA:124,9,1,0
BRDA:126,10,0,0
BRDA:126,10,1,0
BRDA:127,11,0,0
BRDA:127,11,1,0
BRDA:128,12,0,0
BRDA:128,12,1,0
BRDA:129,13,0,0
BRDA:129,13,1,0
BRDA:130,14,0,0
BRDA:130,14,1,0
BRDA:131,15,0,0
BRDA:131,15,1,0
BRDA:151,16,0,0
BRDA:151,16,1,0
BRDA:155,17,0,0
BRDA:155,17,1,0
BRDA:220,18,0,0
BRDA:220,18,1,0
BRDA:285,19,0,0
BRDA:285,19,1,0
BRDA:285,19,2,0
BRDA:286,20,0,0
BRDA:286,20,1,0
BRDA:320,21,0,0
BRDA:320,21,1,0
BRDA:326,22,0,0
BRDA:326,22,1,0
BRDA:353,23,0,0
BRDA:353,23,1,0
BRDA:509,24,0,0
BRDA:509,24,1,0
BRDA:519,25,0,0
BRDA:519,25,1,0
BRF:57
BRH:0
end_of_record
TN:
SF:src\pages\Poultry\PoultryForm.js
FN:9,(anonymous_0)
FN:41,(anonymous_1)
FN:43,(anonymous_2)
FN:66,(anonymous_3)
FN:114,(anonymous_4)
FN:279,(anonymous_5)
FN:302,(anonymous_6)
FN:344,(anonymous_7)
FNF:8
FNH:0
FNDA:0,(anonymous_0)
FNDA:0,(anonymous_1)
FNDA:0,(anonymous_2)
FNDA:0,(anonymous_3)
FNDA:0,(anonymous_4)
FNDA:0,(anonymous_5)
FNDA:0,(anonymous_6)
FNDA:0,(anonymous_7)
DA:9,0
DA:10,0
DA:11,0
DA:12,0
DA:13,0
DA:14,0
DA:15,0
DA:17,0
DA:41,0
DA:42,0
DA:43,0
DA:44,0
DA:45,0
DA:46,0
DA:53,0
DA:54,0
DA:56,0
DA:59,0
DA:63,0
DA:64,0
DA:66,0
DA:67,0
DA:68,0
DA:69,0
DA:71,0
DA:72,0
DA:78,0
DA:81,0
DA:82,0
DA:83,0
DA:85,0
DA:86,0
DA:88,0
DA:90,0
DA:91,0
DA:92,0
DA:94,0
DA:98,0
DA:99,0
DA:106,0
DA:114,0
DA:280,0
DA:281,0
DA:283,0
DA:303,0
DA:304,0
DA:306,0
DA:344,0
LF:48
LH:0
BRDA:42,0,0,0
BRDA:42,0,1,0
BRDA:48,1,0,0
BRDA:48,1,1,0
BRDA:71,2,0,0
BRDA:71,2,1,0
BRDA:71,3,0,0
BRDA:71,3,1,0
BRDA:75,4,0,0
BRDA:75,4,1,0
BRDA:81,5,0,0
BRDA:81,5,1,0
BRDA:91,6,0,0
BRDA:91,6,1,0
BRDA:91,7,0,0
BRDA:91,7,1,0
BRDA:98,8,0,0
BRDA:98,8,1,0
BRDA:111,9,0,0
BRDA:111,9,1,0
BRDA:134,10,0,0
BRDA:134,10,1,0
BRDA:137,11,0,0
BRDA:137,11,1,0
BRDA:158,12,0,0
BRDA:158,12,1,0
BRDA:169,13,0,0
BRDA:169,13,1,0
BRDA:280,14,0,0
BRDA:280,14,1,0
BRDA:280,15,0,0
BRDA:280,15,1,0
BRDA:286,16,0,0
BRDA:286,16,1,0
BRDA:289,17,0,0
BRDA:289,17,1,0
BRDA:303,18,0,0
BRDA:303,18,1,0
BRDA:303,19,0,0
BRDA:303,19,1,0
BRDA:309,20,0,0
BRDA:309,20,1,0
BRDA:311,21,0,0
BRDA:311,21,1,0
BRDA:355,22,0,0
BRDA:355,22,1,0
BRF:46
BRH:0
end_of_record
TN:
SF:src\pages\Poultry\PoultryHealth.js
FN:5,(anonymous_0)
FN:11,(anonymous_1)
FNF:2
FNH:0
FNDA:0,(anonymous_0)
FNDA:0,(anonymous_1)
DA:5,0
DA:6,0
DA:7,0
DA:8,0
DA:11,0
DA:12,0
DA:15,0
LF:7
LH:0
BRF:0
BRH:0
end_of_record
TN:
SF:src\pages\Poultry\PoultryHealthRecords.js
FN:8,(anonymous_0)
FN:37,(anonymous_1)
FN:51,(anonymous_2)
FN:56,(anonymous_3)
FN:78,(anonymous_4)
FN:88,(anonymous_5)
FN:107,(anonymous_6)
FN:119,(anonymous_7)
FN:136,(anonymous_8)
FN:151,(anonymous_9)
FN:163,(anonymous_10)
FN:184,(anonymous_11)
FN:204,(anonymous_12)
FN:213,(anonymous_13)
FN:216,(anonymous_14)
FN:228,(anonymous_15)
FN:231,(anonymous_16)
FN:244,(anonymous_17)
FN:283,(anonymous_18)
FN:318,(anonymous_19)
FN:325,(anonymous_20)
FN:354,(anonymous_21)
FN:361,(anonymous_22)
FN:377,(anonymous_23)
FN:377,(anonymous_24)
FN:380,(anonymous_25)
FN:410,(anonymous_26)
FN:415,(anonymous_27)
FN:427,(anonymous_28)
FN:436,(anonymous_29)
FN:441,(anonymous_30)
FN:452,(anonymous_31)
FN:463,(anonymous_32)
FN:474,(anonymous_33)
FN:486,(anonymous_34)
FN:495,(anonymous_35)
FN:505,(anonymous_36)
FN:530,(anonymous_37)
FNF:38
FNH:0
FNDA:0,(anonymous_0)
FNDA:0,(anonymous_1)
FNDA:0,(anonymous_2)
FNDA:0,(anonymous_3)
FNDA:0,(anonymous_4)
FNDA:0,(anonymous_5)
FNDA:0,(anonymous_6)
FNDA:0,(anonymous_7)
FNDA:0,(anonymous_8)
FNDA:0,(anonymous_9)
FNDA:0,(anonymous_10)
FNDA:0,(anonymous_11)
FNDA:0,(anonymous_12)
FNDA:0,(anonymous_13)
FNDA:0,(anonymous_14)
FNDA:0,(anonymous_15)
FNDA:0,(anonymous_16)
FNDA:0,(anonymous_17)
FNDA:0,(anonymous_18)
FNDA:0,(anonymous_19)
FNDA:0,(anonymous_20)
FNDA:0,(anonymous_21)
FNDA:0,(anonymous_22)
FNDA:0,(anonymous_23)
FNDA:0,(anonymous_24)
FNDA:0,(anonymous_25)
FNDA:0,(anonymous_26)
FNDA:0,(anonymous_27)
FNDA:0,(anonymous_28)
FNDA:0,(anonymous_29)
FNDA:0,(anonymous_30)
FNDA:0,(anonymous_31)
FNDA:0,(anonymous_32)
FNDA:0,(anonymous_33)
FNDA:0,(anonymous_34)
FNDA:0,(anonymous_35)
FNDA:0,(anonymous_36)
FNDA:0,(anonymous_37)
DA:8,0
DA:9,0
DA:10,0
DA:11,0
DA:12,0
DA:13,0
DA:14,0
DA:15,0
DA:16,0
DA:17,0
DA:18,0
DA:19,0
DA:20,0
DA:21,0
DA:23,0
DA:37,0
DA:38,0
DA:39,0
DA:42,0
DA:51,0
DA:52,0
DA:53,0
DA:56,0
DA:57,0
DA:58,0
DA:67,0
DA:68,0
DA:69,0
DA:70,0
DA:71,0
DA:73,0
DA:74,0
DA:78,0
DA:79,0
DA:80,0
DA:81,0
DA:82,0
DA:84,0
DA:88,0
DA:89,0
DA:90,0
DA:91,0
DA:92,0
DA:93,0
DA:95,0
DA:96,0
DA:98,0
DA:99,0
DA:100,0
DA:101,0
DA:103,0
DA:107,0
DA:108,0
DA:109,0
DA:110,0
DA:111,0
DA:112,0
DA:113,0
DA:115,0
DA:119,0
DA:120,0
DA:121,0
DA:133,0
DA:136,0
DA:137,0
DA:151,0
DA:152,0
DA:160,0
DA:163,0
DA:164,0
DA:165,0
DA:168,0
DA:169,0
DA:176,0
DA:184,0
DA:204,0
DA:213,0
DA:217,0
DA:228,0
DA:232,0
DA:244,0
DA:284,0
DA:318,0
DA:326,0
DA:327,0
DA:354,0
DA:361,0
DA:377,0
DA:378,0
DA:380,0
DA:410,0
DA:416,0
DA:427,0
DA:436,0
DA:442,0
DA:452,0
DA:463,0
DA:474,0
DA:486,0
DA:495,0
DA:505,0
DA:530,0
LF:102
LH:0
BRDA:39,0,0,0
BRDA:39,0,1,0
BRDA:61,1,0,0
BRDA:61,1,1,0
BRDA:62,2,0,0
BRDA:62,2,1,0
BRDA:63,3,0,0
BRDA:63,3,1,0
BRDA:64,4,0,0
BRDA:64,4,1,0
BRDA:68,5,0,0
BRDA:68,5,1,0
BRDA:69,6,0,0
BRDA:69,6,1,0
BRDA:69,6,2,0
BRDA:81,7,0,0
BRDA:81,7,1,0
BRDA:81,7,2,0
BRDA:91,8,0,0
BRDA:91,8,1,0
BRDA:103,9,0,0
BRDA:103,9,1,0
BRDA:122,10,0,0
BRDA:122,10,1,0
BRDA:122,10,2,0
BRDA:122,10,3,0
BRDA:123,11,0,0
BRDA:123,11,1,0
BRDA:126,12,0,0
BRDA:126,12,1,0
BRDA:127,13,0,0
BRDA:127,13,1,0
BRDA:128,14,0,0
BRDA:128,14,1,0
BRDA:129,15,0,0
BRDA:129,15,1,0
BRDA:130,16,0,0
BRDA:130,16,1,0
BRDA:131,17,0,0
BRDA:131,17,1,0
BRDA:160,18,0,0
BRDA:160,18,1,0
BRDA:164,19,0,0
BRDA:164,19,1,0
BRDA:168,20,0,0
BRDA:168,20,1,0
BRDA:218,21,0,0
BRDA:218,21,1,0
BRDA:288,22,0,0
BRDA:288,22,1,0
BRDA:288,22,2,0
BRDA:288,22,3,0
BRDA:291,23,0,0
BRDA:291,23,1,0
BRDA:307,24,0,0
BRDA:307,24,1,0
BRDA:310,25,0,0
BRDA:310,25,1,0
BRDA:313,26,0,0
BRDA:313,26,1,0
BRDA:338,27,0,0
BRDA:338,27,1,0
BRDA:350,28,0,0
BRDA:350,28,1,0
BRDA:382,29,0,0
BRDA:382,29,1,0
BRDA:398,30,0,0
BRDA:398,30,1,0
BRDA:403,31,0,0
BRDA:403,31,1,0
BRDA:417,32,0,0
BRDA:417,32,1,0
BRDA:417,33,0,0
BRDA:417,33,1,0
BRDA:510,34,0,0
BRDA:510,34,1,0
BRDA:520,35,0,0
BRDA:520,35,1,0
BRF:78
BRH:0
end_of_record
TN:
SF:src\pages\Poultry\PoultryHealthRecords_new.js
FN:8,(anonymous_0)
FN:36,(anonymous_1)
FN:48,(anonymous_2)
FN:51,(anonymous_3)
FN:56,(anonymous_4)
FN:76,(anonymous_5)
FN:85,(anonymous_6)
FN:104,(anonymous_7)
FN:116,(anonymous_8)
FN:132,(anonymous_9)
FN:146,(anonymous_10)
FN:174,(anonymous_11)
FN:196,(anonymous_12)
FN:207,(anonymous_13)
FN:210,(anonymous_14)
FN:224,(anonymous_15)
FN:227,(anonymous_16)
FN:242,(anonymous_17)
FN:279,(anonymous_18)
FN:293,(anonymous_19)
FN:310,(anonymous_20)
FN:317,(anonymous_21)
FN:345,(anonymous_22)
FN:352,(anonymous_23)
FN:368,(anonymous_24)
FN:376,(anonymous_25)
FN:387,(anonymous_26)
FN:395,(anonymous_27)
FN:417,(anonymous_28)
FN:436,(anonymous_29)
FN:440,(anonymous_30)
FN:454,(anonymous_31)
FN:458,(anonymous_32)
FN:473,(anonymous_33)
FN:486,(anonymous_34)
FN:497,(anonymous_35)
FN:508,(anonymous_36)
FN:519,(anonymous_37)
FN:530,(anonymous_38)
FN:537,(anonymous_39)
FN:568,(anonymous_40)
FNF:41
FNH:0
FNDA:0,(anonymous_0)
FNDA:0,(anonymous_1)
FNDA:0,(anonymous_2)
FNDA:0,(anonymous_3)
FNDA:0,(anonymous_4)
FNDA:0,(anonymous_5)
FNDA:0,(anonymous_6)
FNDA:0,(anonymous_7)
FNDA:0,(anonymous_8)
FNDA:0,(anonymous_9)
FNDA:0,(anonymous_10)
FNDA:0,(anonymous_11)
FNDA:0,(anonymous_12)
FNDA:0,(anonymous_13)
FNDA:0,(anonymous_14)
FNDA:0,(anonymous_15)
FNDA:0,(anonymous_16)
FNDA:0,(anonymous_17)
FNDA:0,(anonymous_18)
FNDA:0,(anonymous_19)
FNDA:0,(anonymous_20)
FNDA:0,(anonymous_21)
FNDA:0,(anonymous_22)
FNDA:0,(anonymous_23)
FNDA:0,(anonymous_24)
FNDA:0,(anonymous_25)
FNDA:0,(anonymous_26)
FNDA:0,(anonymous_27)
FNDA:0,(anonymous_28)
FNDA:0,(anonymous_29)
FNDA:0,(anonymous_30)
FNDA:0,(anonymous_31)
FNDA:0,(anonymous_32)
FNDA:0,(anonymous_33)
FNDA:0,(anonymous_34)
FNDA:0,(anonymous_35)
FNDA:0,(anonymous_36)
FNDA:0,(anonymous_37)
FNDA:0,(anonymous_38)
FNDA:0,(anonymous_39)
FNDA:0,(anonymous_40)
DA:8,0
DA:9,0
DA:10,0
DA:11,0
DA:12,0
DA:13,0
DA:14,0
DA:15,0
DA:16,0
DA:17,0
DA:18,0
DA:19,0
DA:20,0
DA:21,0
DA:23,0
DA:36,0
DA:37,0
DA:38,0
DA:41,0
DA:48,0
DA:51,0
DA:52,0
DA:53,0
DA:56,0
DA:57,0
DA:58,0
DA:67,0
DA:68,0
DA:69,0
DA:71,0
DA:72,0
DA:76,0
DA:77,0
DA:78,0
DA:79,0
DA:81,0
DA:85,0
DA:86,0
DA:87,0
DA:88,0
DA:89,0
DA:90,0
DA:92,0
DA:93,0
DA:95,0
DA:96,0
DA:97,0
DA:98,0
DA:100,0
DA:104,0
DA:105,0
DA:106,0
DA:107,0
DA:108,0
DA:109,0
DA:110,0
DA:112,0
DA:116,0
DA:117,0
DA:118,0
DA:129,0
DA:132,0
DA:133,0
DA:146,0
DA:147,0
DA:155,0
DA:158,0
DA:159,0
DA:166,0
DA:174,0
DA:196,0
DA:207,0
DA:211,0
DA:224,0
DA:228,0
DA:242,0
DA:280,0
DA:293,0
DA:310,0
DA:318,0
DA:319,0
DA:345,0
DA:352,0
DA:368,0
DA:376,0
DA:387,0
DA:395,0
DA:418,0
DA:419,0
DA:420,0
DA:436,0
DA:441,0
DA:454,0
DA:459,0
DA:473,0
DA:486,0
DA:497,0
DA:508,0
DA:519,0
DA:530,0
DA:538,0
DA:539,0
DA:540,0
DA:568,0
LF:104
LH:0
BRDA:38,0,0,0
BRDA:38,0,1,0
BRDA:67,1,0,0
BRDA:67,1,1,0
BRDA:68,2,0,0
BRDA:68,2,1,0
BRDA:79,3,0,0
BRDA:79,3,1,0
BRDA:88,4,0,0
BRDA:88,4,1,0
BRDA:119,5,0,0
BRDA:119,5,1,0
BRDA:120,6,0,0
BRDA:120,6,1,0
BRDA:122,7,0,0
BRDA:122,7,1,0
BRDA:123,8,0,0
BRDA:123,8,1,0
BRDA:124,9,0,0
BRDA:124,9,1,0
BRDA:125,10,0,0
BRDA:125,10,1,0
BRDA:126,11,0,0
BRDA:126,11,1,0
BRDA:127,12,0,0
BRDA:127,12,1,0
BRDA:155,13,0,0
BRDA:155,13,1,0
BRDA:158,14,0,0
BRDA:158,14,1,0
BRDA:212,15,0,0
BRDA:212,15,1,0
BRDA:278,16,0,0
BRDA:278,16,1,0
BRDA:283,17,0,0
BRDA:283,17,1,0
BRDA:283,17,2,0
BRDA:293,18,0,0
BRDA:293,18,1,0
BRDA:298,19,0,0
BRDA:298,19,1,0
BRDA:302,20,0,0
BRDA:302,20,1,0
BRDA:305,21,0,0
BRDA:305,21,1,0
BRDA:409,22,0,0
BRDA:409,22,1,0
BRDA:414,23,0,0
BRDA:414,23,1,0
BRDA:442,24,0,0
BRDA:442,24,1,0
BRDA:547,25,0,0
BRDA:547,25,1,0
BRDA:556,26,0,0
BRDA:556,26,1,0
BRF:55
BRH:0
end_of_record
TN:
SF:src\pages\Poultry\PoultryProduction.js
FN:7,(anonymous_0)
FN:14,(anonymous_1)
FN:15,(anonymous_2)
FN:64,(anonymous_3)
FN:66,(anonymous_4)
FNF:5
FNH:0
FNDA:0,(anonymous_0)
FNDA:0,(anonymous_1)
FNDA:0,(anonymous_2)
FNDA:0,(anonymous_3)
FNDA:0,(anonymous_4)
DA:7,0
DA:8,0
DA:9,0
DA:10,0
DA:11,0
DA:12,0
DA:14,0
DA:15,0
DA:16,0
DA:17,0
DA:18,0
DA:19,0
DA:20,0
DA:21,0
DA:23,0
DA:24,0
DA:26,0
DA:29,0
DA:32,0
DA:33,0
DA:40,0
DA:64,0
DA:67,0
LF:23
LH:0
BRDA:19,0,0,0
BRDA:19,0,1,0
BRDA:21,1,0,0
BRDA:21,1,1,0
BRDA:32,2,0,0
BRDA:32,2,1,0
BRDA:52,3,0,0
BRDA:52,3,1,0
BRDA:68,4,0,0
BRDA:68,4,1,0
BRDA:68,4,2,0
BRDA:68,5,0,0
BRDA:68,5,1,0
BRDA:76,6,0,0
BRDA:76,6,1,0
BRF:15
BRH:0
end_of_record
TN:
SF:src\pages\Poultry\PoultryReports.js
FN:32,(anonymous_0)
FN:44,(anonymous_1)
FN:45,(anonymous_2)
FN:50,(anonymous_3)
FN:50,(anonymous_4)
FN:62,(anonymous_5)
FN:66,(anonymous_6)
FN:88,(anonymous_7)
FN:101,(anonymous_8)
FN:106,(anonymous_9)
FN:112,(anonymous_10)
FN:113,(anonymous_11)
FN:114,(anonymous_12)
FN:121,(anonymous_13)
FN:134,(anonymous_14)
FN:138,(anonymous_15)
FN:145,(anonymous_16)
FN:154,(anonymous_17)
FN:158,(anonymous_18)
FN:179,(anonymous_19)
FN:183,(anonymous_20)
FN:199,(anonymous_21)
FN:224,(anonymous_22)
FN:314,(anonymous_23)
FN:322,(anonymous_24)
FN:328,(anonymous_25)
FN:342,(anonymous_26)
FN:346,(anonymous_27)
FN:352,(anonymous_28)
FN:367,(anonymous_29)
FN:370,(anonymous_30)
FN:399,(anonymous_31)
FN:401,(anonymous_32)
FN:433,(anonymous_33)
FNF:34
FNH:0
FNDA:0,(anonymous_0)
FNDA:0,(anonymous_1)
FNDA:0,(anonymous_2)
FNDA:0,(anonymous_3)
FNDA:0,(anonymous_4)
FNDA:0,(anonymous_5)
FNDA:0,(anonymous_6)
FNDA:0,(anonymous_7)
FNDA:0,(anonymous_8)
FNDA:0,(anonymous_9)
FNDA:0,(anonymous_10)
FNDA:0,(anonymous_11)
FNDA:0,(anonymous_12)
FNDA:0,(anonymous_13)
FNDA:0,(anonymous_14)
FNDA:0,(anonymous_15)
FNDA:0,(anonymous_16)
FNDA:0,(anonymous_17)
FNDA:0,(anonymous_18)
FNDA:0,(anonymous_19)
FNDA:0,(anonymous_20)
FNDA:0,(anonymous_21)
FNDA:0,(anonymous_22)
FNDA:0,(anonymous_23)
FNDA:0,(anonymous_24)
FNDA:0,(anonymous_25)
FNDA:0,(anonymous_26)
FNDA:0,(anonymous_27)
FNDA:0,(anonymous_28)
FNDA:0,(anonymous_29)
FNDA:0,(anonymous_30)
FNDA:0,(anonymous_31)
FNDA:0,(anonymous_32)
FNDA:0,(anonymous_33)
DA:20,0
DA:32,0
DA:33,0
DA:34,0
DA:35,0
DA:36,0
DA:44,0
DA:45,0
DA:46,0
DA:47,0
DA:48,0
DA:50,0
DA:51,0
DA:52,0
DA:53,0
DA:54,0
DA:55,0
DA:56,0
DA:57,0
DA:58,0
DA:59,0
DA:62,0
DA:63,0
DA:66,0
DA:67,0
DA:68,0
DA:70,0
DA:71,0
DA:72,0
DA:73,0
DA:74,0
DA:75,0
DA:77,0
DA:86,0
DA:87,0
DA:88,0
DA:96,0
DA:97,0
DA:101,0
DA:102,0
DA:103,0
DA:104,0
DA:106,0
DA:109,0
DA:110,0
DA:111,0
DA:112,0
DA:113,0
DA:114,0
DA:115,0
DA:116,0
DA:121,0
DA:123,0
DA:124,0
DA:125,0
DA:127,0
DA:129,0
DA:133,0
DA:134,0
DA:138,0
DA:145,0
DA:153,0
DA:154,0
DA:158,0
DA:178,0
DA:179,0
DA:183,0
DA:199,0
DA:202,0
DA:205,0
DA:206,0
DA:213,0
DA:224,0
DA:314,0
DA:322,0
DA:328,0
DA:342,0
DA:346,0
DA:352,0
DA:367,0
DA:370,0
DA:400,0
DA:401,0
DA:411,0
DA:434,0
LF:85
LH:0
BRDA:46,0,0,0
BRDA:46,0,1,0
BRDA:46,1,0,0
BRDA:46,1,1,0
BRDA:48,2,0,0
BRDA:48,2,1,0
BRDA:70,3,0,0
BRDA:70,3,1,0
BRDA:70,4,0,0
BRDA:70,4,1,0
BRDA:73,5,0,0
BRDA:73,5,1,0
BRDA:73,6,0,0
BRDA:73,6,1,0
BRDA:86,7,0,0
BRDA:86,7,1,0
BRDA:87,8,0,0
BRDA:87,8,1,0
BRDA:90,9,0,0
BRDA:90,9,1,0
BRDA:91,10,0,0
BRDA:91,10,1,0
BRDA:96,11,0,0
BRDA:96,11,1,0
BRDA:98,12,0,0
BRDA:98,12,1,0
BRDA:99,13,0,0
BRDA:99,13,1,0
BRDA:102,14,0,0
BRDA:102,14,1,0
BRDA:102,14,2,0
BRDA:102,14,3,0
BRDA:103,15,0,0
BRDA:103,15,1,0
BRDA:109,16,0,0
BRDA:109,16,1,0
BRDA:111,17,0,0
BRDA:111,17,1,0
BRDA:113,18,0,0
BRDA:113,18,1,0
BRDA:114,19,0,0
BRDA:114,19,1,0
BRDA:116,20,0,0
BRDA:116,20,1,0
BRDA:116,21,0,0
BRDA:116,21,1,0
BRDA:123,22,0,0
BRDA:123,22,1,0
BRDA:124,23,0,0
BRDA:124,23,1,0
BRDA:125,24,0,0
BRDA:125,24,1,0
BRDA:125,25,0,0
BRDA:125,25,1,0
BRDA:145,26,0,0
BRDA:145,26,1,0
BRDA:205,27,0,0
BRDA:205,27,1,0
BRDA:322,28,0,0
BRDA:322,28,1,0
BRDA:342,29,0,0
BRDA:342,29,1,0
BRDA:342,29,2,0
BRDA:346,30,0,0
BRDA:346,30,1,0
BRDA:346,30,2,0
BRDA:352,31,0,0
BRDA:352,31,1,0
BRDA:370,32,0,0
BRDA:370,32,1,0
BRDA:401,33,0,0
BRDA:401,33,1,0
BRDA:403,34,0,0
BRDA:403,34,1,0
BRDA:403,34,2,0
BRDA:404,35,0,0
BRDA:404,35,1,0
BRDA:405,36,0,0
BRDA:405,36,1,0
BRDA:406,37,0,0
BRDA:406,37,1,0
BRDA:407,38,0,0
BRDA:407,38,1,0
BRDA:408,39,0,0
BRDA:408,39,1,0
BRDA:409,40,0,0
BRDA:409,40,1,0
BRDA:433,41,0,0
BRDA:433,41,1,0
BRDA:436,42,0,0
BRDA:436,42,1,0
BRDA:436,42,2,0
BRDA:440,43,0,0
BRDA:440,43,1,0
BRDA:441,44,0,0
BRDA:441,44,1,0
BRDA:442,45,0,0
BRDA:442,45,1,0
BRDA:445,46,0,0
BRDA:445,46,1,0
BRDA:445,46,2,0
BRF:101
BRH:0
end_of_record
TN:
SF:src\pages\Poultry\PoultryVaccinationReports.js
FN:4,(anonymous_0)
FNF:1
FNH:0
FNDA:0,(anonymous_0)
DA:4,0
DA:5,0
DA:7,0
LF:3
LH:0
BRF:0
BRH:0
end_of_record
TN:
SF:src\services\api.js
FN:29,(anonymous_0)
FN:35,(anonymous_1)
FN:44,(anonymous_2)
FN:62,(anonymous_3)
FN:63,(anonymous_4)
FN:71,(anonymous_5)
FN:119,(anonymous_6)
FN:128,(anonymous_7)
FN:160,(anonymous_8)
FN:200,(anonymous_9)
FN:266,(anonymous_10)
FN:278,(anonymous_11)
FNF:12
FNH:0
FNDA:0,(anonymous_0)
FNDA:0,(anonymous_1)
FNDA:0,(anonymous_2)
FNDA:0,(anonymous_3)
FNDA:0,(anonymous_4)
FNDA:0,(anonymous_5)
FNDA:0,(anonymous_6)
FNDA:0,(anonymous_7)
FNDA:0,(anonymous_8)
FNDA:0,(anonymous_9)
FNDA:0,(anonymous_10)
FNDA:0,(anonymous_11)
DA:6,0
DA:7,0
DA:8,0
DA:9,0
DA:12,0
DA:30,0
DA:35,0
DA:36,0
DA:38,0
DA:39,0
DA:40,0
DA:43,0
DA:44,0
DA:47,0
DA:48,0
DA:50,0
DA:51,0
DA:52,0
DA:54,0
DA:56,0
DA:57,0
DA:62,0
DA:63,0
DA:64,0
DA:65,0
DA:70,0
DA:73,0
DA:75,0
DA:79,0
DA:80,0
DA:81,0
DA:82,0
DA:87,0
DA:90,0
DA:91,0
DA:98,0
DA:99,0
DA:101,0
DA:102,0
DA:107,0
DA:108,0
DA:117,0
DA:120,0
DA:121,0
DA:127,0
DA:130,0
DA:131,0
DA:141,0
DA:142,0
DA:149,0
DA:158,0
DA:161,0
DA:164,0
DA:165,0
DA:167,0
DA:169,0
DA:175,0
DA:176,0
DA:179,0
DA:182,0
DA:185,0
DA:186,0
DA:187,0
DA:192,0
DA:193,0
DA:194,0
DA:197,0
DA:200,0
DA:203,0
DA:207,0
DA:208,0
DA:211,0
DA:212,0
DA:221,0
DA:223,0
DA:224,0
DA:225,0
DA:227,0
DA:230,0
DA:231,0
DA:234,0
DA:235,0
DA:238,0
DA:239,0
DA:242,0
DA:246,0
DA:248,0
DA:249,0
DA:251,0
DA:253,0
DA:254,0
DA:257,0
DA:258,0
DA:261,0
DA:266,0
DA:267,0
DA:268,0
DA:272,0
DA:275,0
DA:276,0
DA:277,0
DA:278,0
DA:279,0
DA:281,0
LF:104
LH:0
BRDA:13,0,0,0
BRDA:13,0,1,0
BRDA:30,1,0,0
BRDA:30,1,1,0
BRDA:36,2,0,0
BRDA:36,2,1,0
BRDA:36,3,0,0
BRDA:36,3,1,0
BRDA:43,4,0,0
BRDA:43,4,1,0
BRDA:73,5,0,0
BRDA:73,5,1,0
BRDA:79,6,0,0
BRDA:79,6,1,0
BRDA:81,7,0,0
BRDA:81,7,1,0
BRDA:90,8,0,0
BRDA:90,8,1,0
BRDA:98,9,0,0
BRDA:98,9,1,0
BRDA:98,10,0,0
BRDA:98,10,1,0
BRDA:101,11,0,0
BRDA:101,11,1,0
BRDA:101,12,0,0
BRDA:101,12,1,0
BRDA:107,13,0,0
BRDA:107,13,1,0
BRDA:130,14,0,0
BRDA:130,14,1,0
BRDA:141,15,0,0
BRDA:141,15,1,0
BRDA:164,16,0,0
BRDA:164,16,1,0
BRDA:164,17,0,0
BRDA:164,17,1,0
BRDA:192,18,0,0
BRDA:192,18,1,0
BRDA:192,19,0,0
BRDA:192,19,1,0
BRDA:193,20,0,0
BRDA:193,20,1,0
BRDA:207,21,0,0
BRDA:207,21,1,0
BRDA:211,22,0,0
BRDA:211,22,1,0
BRDA:216,23,0,0
BRDA:216,23,1,0
BRDA:221,24,0,0
BRDA:221,24,1,0
BRDA:221,24,2,0
BRDA:221,24,3,0
BRDA:221,24,4,0
BRDA:223,25,0,0
BRDA:223,25,1,0
BRDA:230,26,0,0
BRDA:230,26,1,0
BRDA:242,27,0,0
BRDA:242,27,1,0
BRDA:246,28,0,0
BRDA:246,28,1,0
BRDA:251,29,0,0
BRDA:251,29,1,0
BRDA:266,30,0,0
BRDA:266,31,0,0
BRDA:272,32,0,0
BRDA:272,32,1,0
BRDA:272,32,2,0
BRDA:275,33,0,0
BRDA:275,33,1,0
BRDA:275,34,0,0
BRDA:275,34,1,0
BRF:72
BRH:0
end_of_record
TN:
SF:src\utils\api.js
FN:13,(anonymous_0)
FN:20,(anonymous_1)
FN:27,(anonymous_2)
FN:30,(anonymous_3)
FNF:4
FNH:0
FNDA:0,(anonymous_0)
FNDA:0,(anonymous_1)
FNDA:0,(anonymous_2)
FNDA:0,(anonymous_3)
DA:4,0
DA:12,0
DA:14,0
DA:15,0
DA:16,0
DA:18,0
DA:21,0
DA:26,0
DA:28,0
DA:32,0
DA:34,0
DA:35,0
DA:37,0
LF:13
LH:0
BRDA:5,0,0,0
BRDA:5,0,1,0
BRDA:15,1,0,0
BRDA:15,1,1,0
BRDA:32,2,0,0
BRDA:32,2,1,0
BRDA:32,3,0,0
BRDA:32,3,1,0
BRF:8
BRH:0
end_of_record
TN:
SF:src\utils\i18nLoader.js
FN:12,(anonymous_0)
FN:50,(anonymous_1)
FN:54,(anonymous_2)
FN:71,(anonymous_3)
FN:73,(anonymous_4)
FNF:5
FNH:0
FNDA:0,(anonymous_0)
FNDA:0,(anonymous_1)
FNDA:0,(anonymous_2)
FNDA:0,(anonymous_3)
FNDA:0,(anonymous_4)
DA:4,0
DA:7,0
DA:12,0
DA:13,0
DA:16,0
DA:17,0
DA:18,0
DA:21,0
DA:22,0
DA:24,0
DA:29,0
DA:31,0
DA:32,0
DA:36,0
DA:37,0
DA:38,0
DA:40,0
DA:42,0
DA:43,0
DA:50,0
DA:51,0
DA:53,0
DA:54,0
DA:58,0
DA:59,0
DA:61,0
DA:63,0
DA:64,0
DA:71,0
DA:73,0
DA:74,0
LF:31
LH:0
BRDA:16,0,0,0
BRDA:16,0,1,0
BRDA:31,1,0,0
BRDA:31,1,1,0
BRDA:31,2,0,0
BRDA:31,2,1,0
BRF:6
BRH:0
end_of_record
TN:
SF:src\utils\navigation.js
FN:16,(anonymous_0)
FN:19,(anonymous_1)
FN:34,(anonymous_2)
FNF:3
FNH:0
FNDA:0,(anonymous_0)
FNDA:0,(anonymous_1)
FNDA:0,(anonymous_2)
DA:2,0
DA:9,0
DA:16,0
DA:18,0
DA:19,0
DA:20,0
DA:25,0
DA:26,0
DA:27,0
DA:30,0
DA:34,0
DA:35,0
LF:12
LH:0
BRDA:19,0,0,0
BRDA:19,0,1,0
BRDA:19,1,0,0
BRDA:19,1,1,0
BRDA:26,2,0,0
BRDA:26,2,1,0
BRDA:26,3,0,0
BRDA:26,3,1,0
BRDA:35,4,0,0
BRDA:35,4,1,0
BRF:10
BRH:0
end_of_record
TN:
SF:src\utils\testConnection.js
FN:14,(anonymous_0)
FN:43,(anonymous_1)
FN:50,(anonymous_2)
FN:62,(anonymous_3)
FN:78,(anonymous_4)
FN:87,(anonymous_5)
FN:164,(anonymous_6)
FN:169,(anonymous_7)
FN:170,(anonymous_8)
FN:177,(anonymous_9)
FN:179,(anonymous_10)
FN:186,(anonymous_11)
FN:186,(anonymous_12)
FN:195,(anonymous_13)
FNF:14
FNH:0
FNDA:0,(anonymous_0)
FNDA:0,(anonymous_1)
FNDA:0,(anonymous_2)
FNDA:0,(anonymous_3)
FNDA:0,(anonymous_4)
FNDA:0,(anonymous_5)
FNDA:0,(anonymous_6)
FNDA:0,(anonymous_7)
FNDA:0,(anonymous_8)
FNDA:0,(anonymous_9)
FNDA:0,(anonymous_10)
FNDA:0,(anonymous_11)
FNDA:0,(anonymous_12)
FNDA:0,(anonymous_13)
DA:4,0
DA:5,0
DA:6,0
DA:7,0
DA:8,0
DA:9,0
DA:10,0
DA:11,0
DA:14,0
DA:15,0
DA:18,0
DA:19,0
DA:20,0
DA:21,0
DA:25,0
DA:26,0
DA:27,0
DA:31,0
DA:32,0
DA:33,0
DA:36,0
DA:37,0
DA:40,0
DA:43,0
DA:45,0
DA:46,0
DA:47,0
DA:49,0
DA:50,0
DA:52,0
DA:62,0
DA:65,0
DA:67,0
DA:68,0
DA:69,0
DA:71,0
DA:72,0
DA:77,0
DA:78,0
DA:79,0
DA:82,0
DA:83,0
DA:84,0
DA:85,0
DA:86,0
DA:87,0
DA:88,0
DA:91,0
DA:97,0
DA:99,0
DA:100,0
DA:103,0
DA:104,0
DA:106,0
DA:107,0
DA:110,0
DA:111,0
DA:112,0
DA:115,0
DA:117,0
DA:119,0
DA:120,0
DA:121,0
DA:122,0
DA:123,0
DA:125,0
DA:126,0
DA:130,0
DA:137,0
DA:138,0
DA:139,0
DA:140,0
DA:141,0
DA:142,0
DA:144,0
DA:145,0
DA:146,0
DA:148,0
DA:151,0
DA:152,0
DA:157,0
DA:159,0
DA:160,0
DA:164,0
DA:166,0
DA:169,0
DA:170,0
DA:177,0
DA:178,0
DA:180,0
DA:181,0
DA:182,0
DA:184,0
DA:186,0
DA:187,0
DA:194,0
DA:195,0
DA:196,0
LF:98
LH:0
BRDA:14,0,0,0
BRDA:14,1,0,0
BRDA:18,2,0,0
BRDA:18,2,1,0
BRDA:25,3,0,0
BRDA:25,3,1,0
BRDA:25,4,0,0
BRDA:25,4,1,0
BRDA:31,5,0,0
BRDA:31,5,1,0
BRDA:31,6,0,0
BRDA:31,6,1,0
BRDA:43,7,0,0
BRDA:67,8,0,0
BRDA:67,8,1,0
BRDA:68,9,0,0
BRDA:68,9,1,0
BRDA:71,10,0,0
BRDA:71,10,1,0
BRDA:83,11,0,0
BRDA:83,11,1,0
BRDA:85,12,0,0
BRDA:85,12,1,0
BRDA:137,13,0,0
BRDA:137,13,1,0
BRDA:141,14,0,0
BRDA:141,14,1,0
BRDA:145,15,0,0
BRDA:145,15,1,0
BRDA:157,16,0,0
BRDA:157,16,1,0
BRDA:157,17,0,0
BRDA:157,17,1,0
BRDA:166,18,0,0
BRDA:166,18,1,0
BRDA:180,19,0,0
BRDA:180,19,1,0
BRDA:187,20,0,0
BRDA:187,20,1,0
BRDA:194,21,0,0
BRDA:194,21,1,0
BRDA:196,22,0,0
BRDA:196,22,1,0
BRF:43
BRH:0
end_of_record
TN:
SF:src\utils\translationUtils.js
FN:10,(anonymous_0)
FN:20,(anonymous_1)
FN:33,(anonymous_2)
FN:55,(anonymous_3)
FN:59,checkObject
FNF:5
FNH:0
FNDA:0,(anonymous_0)
FNDA:0,(anonymous_1)
FNDA:0,(anonymous_2)
FNDA:0,(anonymous_3)
FNDA:0,checkObject
DA:10,0
DA:11,0
DA:20,0
DA:21,0
DA:22,0
DA:24,0
DA:33,0
DA:34,0
DA:55,0
DA:56,0
DA:57,0
DA:60,0
DA:61,0
DA:63,0
DA:64,0
DA:66,0
DA:69,0
DA:70,0
DA:75,0
DA:76,0
LF:20
LH:0
BRDA:10,0,0,0
BRDA:21,1,0,0
BRDA:21,1,1,0
BRDA:59,2,0,0
BRDA:61,3,0,0
BRDA:61,3,1,0
BRDA:63,4,0,0
BRDA:63,4,1,0
BRDA:69,5,0,0
BRDA:69,5,1,0
BRDA:69,6,0,0
BRDA:69,6,1,0
BRDA:69,6,2,0
BRF:13
BRH:0
end_of_record
